<?xml version="1.0" encoding="UTF-8"?>
<testsuite name="com.imooc.demo.dao.AreaDaoTest" time="4.552" tests="5" errors="5" skipped="0" failures="0">
  <properties>
    <property name="java.runtime.name" value="Java(TM) SE Runtime Environment"/>
    <property name="sun.boot.library.path" value="C:\Program Files\Java\jdk1.8.0_201\jre\bin"/>
    <property name="java.vm.version" value="25.201-b09"/>
    <property name="java.vm.vendor" value="Oracle Corporation"/>
    <property name="maven.multiModuleProjectDirectory" value="C:\Users\helida\Desktop\demo-master\demo-master"/>
    <property name="java.vendor.url" value="http://java.oracle.com/"/>
    <property name="path.separator" value=";"/>
    <property name="guice.disable.misplaced.annotation.check" value="true"/>
    <property name="java.vm.name" value="Java HotSpot(TM) 64-Bit Server VM"/>
    <property name="file.encoding.pkg" value="sun.io"/>
    <property name="user.script" value=""/>
    <property name="user.country" value="CN"/>
    <property name="sun.java.launcher" value="SUN_STANDARD"/>
    <property name="sun.os.patch.level" value=""/>
    <property name="java.vm.specification.name" value="Java Virtual Machine Specification"/>
    <property name="user.dir" value="C:\Users\helida\Desktop\demo-master\demo-master"/>
    <property name="java.runtime.version" value="1.8.0_201-b09"/>
    <property name="java.awt.graphicsenv" value="sun.awt.Win32GraphicsEnvironment"/>
    <property name="java.endorsed.dirs" value="C:\Program Files\Java\jdk1.8.0_201\jre\lib\endorsed"/>
    <property name="os.arch" value="amd64"/>
    <property name="java.io.tmpdir" value="C:\Users\helida\AppData\Local\Temp\"/>
    <property name="line.separator" value="&#10;"/>
    <property name="java.vm.specification.vendor" value="Oracle Corporation"/>
    <property name="user.variant" value=""/>
    <property name="os.name" value="Windows 10"/>
    <property name="maven.ext.class.path" value="D:\IntelliJ IDEA 2019.3.3\plugins\maven\lib\maven-event-listener.jar"/>
    <property name="classworlds.conf" value="D:\apache-maven-3.8.1\bin\m2.conf"/>
    <property name="sun.jnu.encoding" value="GBK"/>
    <property name="java.library.path" value="C:\Program Files\Java\jdk1.8.0_201\bin;C:\WINDOWS\Sun\Java\bin;C:\WINDOWS\system32;C:\WINDOWS;D:\VMware\VMware Workstation\bin\;C:\Program Files (x86)\Common Files\Oracle\Java\javapath;C:\Program Files (x86)\Common Files\Intel\Shared Libraries\redist\intel64_win\compiler;C:\Program Files (x86)\Common Files\Intel\Shared Files\cpp\bin\Intel64;C:\Windows\system32;C:\Windows;C:\Windows\System32\Wbem;C:\Windows\System32\WindowsPowerShell\v1.0\;C:\Windows\System32\OpenSSH\;C:\Users\helida\AppData\Local\Microsoft\WindowsApps;d:\paperless-demo\java\jdk1.8\bin;d:\paperless-demo\java\jdk1.8\jre\bin;d:\paperless-demo\MySql-5.7\bin;C:\Users\helida\AppData\Local\Programs\Microsoft VS Code\bin;C:\paperless-demo\java\jdk1.8\bin;C:\paperless-demo\java\jdk1.8\jre\bin;C:\paperless-demo\MySql-5.7\bin;C:\WINDOWS\system32;C:\WINDOWS;C:\WINDOWS\System32\Wbem;C:\WINDOWS\System32\WindowsPowerShell\v1.0\;C:\WINDOWS\System32\OpenSSH\;C:\Program Files (x86)\HP\IdrsOCR_15.2.10.1114\;D:\Program Files\nodejs\;D:\Java\bin;D:\Java\jre\bin;D:\Git\cmd;D:\apache-maven-3.8.1\bin;D:\IntelliJ IDEA 2019.3.3\bin;C:\Users\helida\AppData\Roaming\npm;D:\paperless-demo\java\jdk1.8\bin;D:\paperless-demo\java\jdk1.8\jre\bin;D:\paperless-demo\MySql-5.7\bin;D:\jsshell-win64;C:\Program Files\Go\bin;%DevEco Studio%;D:\WebStorm 2021.2.2\bin;C:\Users\helida\go\bin;D:\JetBrains\GoLand 2021.2.4\bin;."/>
    <property name="maven.conf" value="D:\apache-maven-3.8.1/conf"/>
    <property name="java.specification.name" value="Java Platform API Specification"/>
    <property name="java.class.version" value="52.0"/>
    <property name="sun.management.compiler" value="HotSpot 64-Bit Tiered Compilers"/>
    <property name="maven.repo.local" value="D:\MavenRepository\maven_jar"/>
    <property name="os.version" value="10.0"/>
    <property name="idea.version2019.3.3" value="true"/>
    <property name="user.home" value="C:\Users\helida"/>
    <property name="user.timezone" value="Asia/Shanghai"/>
    <property name="java.awt.printerjob" value="sun.awt.windows.WPrinterJob"/>
    <property name="java.specification.version" value="1.8"/>
    <property name="file.encoding" value="UTF-8"/>
    <property name="user.name" value="helida"/>
    <property name="java.class.path" value="D:\apache-maven-3.8.1\boot\plexus-classworlds-2.6.0.jar;D:\apache-maven-3.8.1\boot\plexus-classworlds.license;D:\IntelliJ IDEA 2019.3.3\lib\idea_rt.jar"/>
    <property name="java.vm.specification.version" value="1.8"/>
    <property name="sun.arch.data.model" value="64"/>
    <property name="java.home" value="C:\Program Files\Java\jdk1.8.0_201\jre"/>
    <property name="sun.java.command" value="org.codehaus.classworlds.Launcher -Didea.version2019.3.3 -s D:\apache-maven-3.8.1\conf\settings.xml -Dmaven.repo.local=D:\MavenRepository\maven_jar install"/>
    <property name="java.specification.vendor" value="Oracle Corporation"/>
    <property name="user.language" value="zh"/>
    <property name="awt.toolkit" value="sun.awt.windows.WToolkit"/>
    <property name="java.vm.info" value="mixed mode"/>
    <property name="java.version" value="1.8.0_201"/>
    <property name="java.ext.dirs" value="C:\Program Files\Java\jdk1.8.0_201\jre\lib\ext;C:\WINDOWS\Sun\Java\lib\ext"/>
    <property name="sun.boot.class.path" value="C:\Program Files\Java\jdk1.8.0_201\jre\lib\resources.jar;C:\Program Files\Java\jdk1.8.0_201\jre\lib\rt.jar;C:\Program Files\Java\jdk1.8.0_201\jre\lib\sunrsasign.jar;C:\Program Files\Java\jdk1.8.0_201\jre\lib\jsse.jar;C:\Program Files\Java\jdk1.8.0_201\jre\lib\jce.jar;C:\Program Files\Java\jdk1.8.0_201\jre\lib\charsets.jar;C:\Program Files\Java\jdk1.8.0_201\jre\lib\jfr.jar;C:\Program Files\Java\jdk1.8.0_201\jre\classes"/>
    <property name="java.vendor" value="Oracle Corporation"/>
    <property name="maven.home" value="D:\apache-maven-3.8.1"/>
    <property name="file.separator" value="\"/>
    <property name="java.vendor.url.bug" value="http://bugreport.sun.com/bugreport/"/>
    <property name="sun.cpu.endian" value="little"/>
    <property name="sun.io.unicode.encoding" value="UnicodeLittle"/>
    <property name="sun.desktop" value="windows"/>
    <property name="sun.cpu.isalist" value="amd64"/>
  </properties>
  <testcase name="testAQueryArea" classname="com.imooc.demo.dao.AreaDaoTest" time="2.367">
    <error message="nested exception is org.apache.ibatis.exceptions.PersistenceException: &#10;### Error querying database.  Cause: org.springframework.jdbc.CannotGetJdbcConnectionException: Could not get JDBC Connection; nested exception is java.sql.SQLException: Connections could not be acquired from the underlying database!&#10;### The error may exist in file [C:\Users\helida\Desktop\demo-master\demo-master\target\classes\mapper\AreaDao.xml]&#10;### The error may involve com.imooc.demo.dao.AreaDao.queryArea&#10;### The error occurred while executing a query&#10;### Cause: org.springframework.jdbc.CannotGetJdbcConnectionException: Could not get JDBC Connection; nested exception is java.sql.SQLException: Connections could not be acquired from the underlying database!" type="org.mybatis.spring.MyBatisSystemException"><![CDATA[org.mybatis.spring.MyBatisSystemException: nested exception is org.apache.ibatis.exceptions.PersistenceException: 
### Error querying database.  Cause: org.springframework.jdbc.CannotGetJdbcConnectionException: Could not get JDBC Connection; nested exception is java.sql.SQLException: Connections could not be acquired from the underlying database!
### The error may exist in file [C:\Users\helida\Desktop\demo-master\demo-master\target\classes\mapper\AreaDao.xml]
### The error may involve com.imooc.demo.dao.AreaDao.queryArea
### The error occurred while executing a query
### Cause: org.springframework.jdbc.CannotGetJdbcConnectionException: Could not get JDBC Connection; nested exception is java.sql.SQLException: Connections could not be acquired from the underlying database!
	at com.mchange.v2.resourcepool.BasicResourcePool.awaitAvailable(BasicResourcePool.java:1469)
	at com.mchange.v2.resourcepool.BasicResourcePool.prelimCheckoutResource(BasicResourcePool.java:644)
	at com.mchange.v2.resourcepool.BasicResourcePool.checkoutResource(BasicResourcePool.java:554)
	at com.mchange.v2.c3p0.impl.C3P0PooledConnectionPool.checkoutAndMarkConnectionInUse(C3P0PooledConnectionPool.java:758)
	at com.mchange.v2.c3p0.impl.C3P0PooledConnectionPool.checkoutPooledConnection(C3P0PooledConnectionPool.java:685)
	at com.mchange.v2.c3p0.impl.AbstractPoolBackedDataSource.getConnection(AbstractPoolBackedDataSource.java:140)
	at org.springframework.jdbc.datasource.DataSourceUtils.doGetConnection(DataSourceUtils.java:111)
	at org.springframework.jdbc.datasource.DataSourceUtils.getConnection(DataSourceUtils.java:77)
	at org.mybatis.spring.transaction.SpringManagedTransaction.openConnection(SpringManagedTransaction.java:82)
	at org.mybatis.spring.transaction.SpringManagedTransaction.getConnection(SpringManagedTransaction.java:68)
	at org.apache.ibatis.executor.BaseExecutor.getConnection(BaseExecutor.java:336)
	at org.apache.ibatis.executor.SimpleExecutor.prepareStatement(SimpleExecutor.java:84)
	at org.apache.ibatis.executor.SimpleExecutor.doQuery(SimpleExecutor.java:62)
	at org.apache.ibatis.executor.BaseExecutor.queryFromDatabase(BaseExecutor.java:324)
	at org.apache.ibatis.executor.BaseExecutor.query(BaseExecutor.java:156)
	at org.apache.ibatis.executor.CachingExecutor.query(CachingExecutor.java:109)
	at org.apache.ibatis.executor.CachingExecutor.query(CachingExecutor.java:83)
	at org.apache.ibatis.session.defaults.DefaultSqlSession.selectList(DefaultSqlSession.java:148)
	at org.apache.ibatis.session.defaults.DefaultSqlSession.selectList(DefaultSqlSession.java:141)
	at sun.reflect.NativeMethodAccessorImpl.invoke0(Native Method)
	at sun.reflect.NativeMethodAccessorImpl.invoke(NativeMethodAccessorImpl.java:62)
	at sun.reflect.DelegatingMethodAccessorImpl.invoke(DelegatingMethodAccessorImpl.java:43)
	at java.lang.reflect.Method.invoke(Method.java:498)
	at org.mybatis.spring.SqlSessionTemplate$SqlSessionInterceptor.invoke(SqlSessionTemplate.java:433)
	at com.sun.proxy.$Proxy76.selectList(Unknown Source)
	at org.mybatis.spring.SqlSessionTemplate.selectList(SqlSessionTemplate.java:230)
	at org.apache.ibatis.binding.MapperMethod.executeForMany(MapperMethod.java:137)
	at org.apache.ibatis.binding.MapperMethod.execute(MapperMethod.java:75)
	at org.apache.ibatis.binding.MapperProxy.invoke(MapperProxy.java:59)
	at com.sun.proxy.$Proxy77.queryArea(Unknown Source)
	at com.imooc.demo.dao.AreaDaoTest.testAQueryArea(AreaDaoTest.java:28)
Caused by: java.sql.SQLException: Access denied for user 'root'@'localhost' (using password: YES)
	at com.mysql.jdbc.SQLError.createSQLException(SQLError.java:964)
	at com.mysql.jdbc.MysqlIO.checkErrorPacket(MysqlIO.java:3973)
	at com.mysql.jdbc.MysqlIO.checkErrorPacket(MysqlIO.java:3909)
	at com.mysql.jdbc.MysqlIO.checkErrorPacket(MysqlIO.java:873)
	at com.mysql.jdbc.MysqlIO.proceedHandshakeWithPluggableAuthentication(MysqlIO.java:1710)
	at com.mysql.jdbc.MysqlIO.doHandshake(MysqlIO.java:1226)
	at com.mysql.jdbc.ConnectionImpl.coreConnect(ConnectionImpl.java:2191)
	at com.mysql.jdbc.ConnectionImpl.connectOneTryOnly(ConnectionImpl.java:2222)
	at com.mysql.jdbc.ConnectionImpl.createNewIO(ConnectionImpl.java:2017)
	at com.mysql.jdbc.ConnectionImpl.<init>(ConnectionImpl.java:779)
	at com.mysql.jdbc.JDBC4Connection.<init>(JDBC4Connection.java:47)
	at sun.reflect.GeneratedConstructorAccessor30.newInstance(Unknown Source)
	at sun.reflect.DelegatingConstructorAccessorImpl.newInstance(DelegatingConstructorAccessorImpl.java:45)
	at java.lang.reflect.Constructor.newInstance(Constructor.java:423)
	at com.mysql.jdbc.Util.handleNewInstance(Util.java:425)
	at com.mysql.jdbc.ConnectionImpl.getInstance(ConnectionImpl.java:389)
	at com.mysql.jdbc.NonRegisteringDriver.connect(NonRegisteringDriver.java:330)
	at com.mchange.v2.c3p0.DriverManagerDataSource.getConnection(DriverManagerDataSource.java:175)
	at com.mchange.v2.c3p0.WrapperConnectionPoolDataSource.getPooledConnection(WrapperConnectionPoolDataSource.java:220)
	at com.mchange.v2.c3p0.WrapperConnectionPoolDataSource.getPooledConnection(WrapperConnectionPoolDataSource.java:206)
	at com.mchange.v2.c3p0.impl.C3P0PooledConnectionPool$1PooledConnectionResourcePoolManager.acquireResource(C3P0PooledConnectionPool.java:203)
	at com.mchange.v2.resourcepool.BasicResourcePool.doAcquire(BasicResourcePool.java:1138)
	at com.mchange.v2.resourcepool.BasicResourcePool.doAcquireAndDecrementPendingAcquiresWithinLockOnSuccess(BasicResourcePool.java:1125)
	at com.mchange.v2.resourcepool.BasicResourcePool.access$700(BasicResourcePool.java:44)
	at com.mchange.v2.resourcepool.BasicResourcePool$ScatteredAcquireTask.run(BasicResourcePool.java:1870)
	at com.mchange.v2.async.ThreadPoolAsynchronousRunner$PoolThread.run(ThreadPoolAsynchronousRunner.java:696)
]]></error>
    <system-out><![CDATA[10:34:57.947 [main] DEBUG org.springframework.test.context.junit4.SpringJUnit4ClassRunner - SpringJUnit4ClassRunner constructor called with [class com.imooc.demo.dao.AreaDaoTest]
10:34:57.974 [main] DEBUG org.springframework.test.context.BootstrapUtils - Instantiating CacheAwareContextLoaderDelegate from class [org.springframework.test.context.cache.DefaultCacheAwareContextLoaderDelegate]
10:34:57.984 [main] DEBUG org.springframework.test.context.BootstrapUtils - Instantiating BootstrapContext using constructor [public org.springframework.test.context.support.DefaultBootstrapContext(java.lang.Class,org.springframework.test.context.CacheAwareContextLoaderDelegate)]
10:34:58.007 [main] DEBUG org.springframework.test.context.BootstrapUtils - Instantiating TestContextBootstrapper for test class [com.imooc.demo.dao.AreaDaoTest] from class [org.springframework.boot.test.context.SpringBootTestContextBootstrapper]
10:34:58.027 [main] INFO org.springframework.boot.test.context.SpringBootTestContextBootstrapper - Neither @ContextConfiguration nor @ContextHierarchy found for test class [com.imooc.demo.dao.AreaDaoTest], using SpringBootContextLoader
10:34:58.032 [main] DEBUG org.springframework.test.context.support.AbstractContextLoader - Did not detect default resource location for test class [com.imooc.demo.dao.AreaDaoTest]: class path resource [com/imooc/demo/dao/AreaDaoTest-context.xml] does not exist
10:34:58.034 [main] DEBUG org.springframework.test.context.support.AbstractContextLoader - Did not detect default resource location for test class [com.imooc.demo.dao.AreaDaoTest]: class path resource [com/imooc/demo/dao/AreaDaoTestContext.groovy] does not exist
10:34:58.035 [main] INFO org.springframework.test.context.support.AbstractContextLoader - Could not detect default resource locations for test class [com.imooc.demo.dao.AreaDaoTest]: no resource found for suffixes {-context.xml, Context.groovy}.
10:34:58.036 [main] INFO org.springframework.test.context.support.AnnotationConfigContextLoaderUtils - Could not detect default configuration classes for test class [com.imooc.demo.dao.AreaDaoTest]: AreaDaoTest does not declare any static, non-private, non-final, nested classes annotated with @Configuration.
10:34:58.081 [main] DEBUG org.springframework.test.context.support.ActiveProfilesUtils - Could not find an 'annotation declaring class' for annotation type [org.springframework.test.context.ActiveProfiles] and class [com.imooc.demo.dao.AreaDaoTest]
10:34:58.090 [main] DEBUG org.springframework.core.env.StandardEnvironment - Adding PropertySource 'systemProperties' with lowest search precedence
10:34:58.092 [main] DEBUG org.springframework.core.env.StandardEnvironment - Adding PropertySource 'systemEnvironment' with lowest search precedence
10:34:58.092 [main] DEBUG org.springframework.core.env.StandardEnvironment - Initialized StandardEnvironment with PropertySources [MapPropertySource@2097514481 {name='systemProperties', properties={java.runtime.name=Java(TM) SE Runtime Environment, sun.boot.library.path=C:\Program Files\Java\jdk1.8.0_201\jre\bin, java.vm.version=25.201-b09, java.vm.vendor=Oracle Corporation, java.vendor.url=http://java.oracle.com/, path.separator=;, java.vm.name=Java HotSpot(TM) 64-Bit Server VM, file.encoding.pkg=sun.io, user.country=CN, user.script=, sun.java.launcher=SUN_STANDARD, sun.os.patch.level=, java.vm.specification.name=Java Virtual Machine Specification, user.dir=C:\Users\helida\Desktop\demo-master\demo-master, java.runtime.version=1.8.0_201-b09, basedir=C:\Users\helida\Desktop\demo-master\demo-master, java.awt.graphicsenv=sun.awt.Win32GraphicsEnvironment, java.endorsed.dirs=C:\Program Files\Java\jdk1.8.0_201\jre\lib\endorsed, os.arch=amd64, surefire.real.class.path=C:\Users\helida\Desktop\demo-master\demo-master\target\surefire\surefirebooter3886525606674243095.jar, java.io.tmpdir=C:\Users\helida\AppData\Local\Temp\, line.separator=
, java.vm.specification.vendor=Oracle Corporation, user.variant=, os.name=Windows 10, sun.jnu.encoding=GBK, java.library.path=C:\Program Files\Java\jdk1.8.0_201\jre\bin;C:\WINDOWS\Sun\Java\bin;C:\WINDOWS\system32;C:\WINDOWS;D:\VMware\VMware Workstation\bin\;C:\Program Files (x86)\Common Files\Oracle\Java\javapath;C:\Program Files (x86)\Common Files\Intel\Shared Libraries\redist\intel64_win\compiler;C:\Program Files (x86)\Common Files\Intel\Shared Files\cpp\bin\Intel64;C:\Windows\system32;C:\Windows;C:\Windows\System32\Wbem;C:\Windows\System32\WindowsPowerShell\v1.0\;C:\Windows\System32\OpenSSH\;C:\Users\helida\AppData\Local\Microsoft\WindowsApps;d:\paperless-demo\java\jdk1.8\bin;d:\paperless-demo\java\jdk1.8\jre\bin;d:\paperless-demo\MySql-5.7\bin;C:\Users\helida\AppData\Local\Programs\Microsoft VS Code\bin;C:\paperless-demo\java\jdk1.8\bin;C:\paperless-demo\java\jdk1.8\jre\bin;C:\paperless-demo\MySql-5.7\bin;C:\WINDOWS\system32;C:\WINDOWS;C:\WINDOWS\System32\Wbem;C:\WINDOWS\System32\WindowsPowerShell\v1.0\;C:\WINDOWS\System32\OpenSSH\;C:\Program Files (x86)\HP\IdrsOCR_15.2.10.1114\;D:\Program Files\nodejs\;D:\Java\bin;D:\Java\jre\bin;D:\Git\cmd;D:\apache-maven-3.8.1\bin;D:\IntelliJ IDEA 2019.3.3\bin;C:\Users\helida\AppData\Roaming\npm;D:\paperless-demo\java\jdk1.8\bin;D:\paperless-demo\java\jdk1.8\jre\bin;D:\paperless-demo\MySql-5.7\bin;D:\jsshell-win64;C:\Program Files\Go\bin;%DevEco Studio%;D:\WebStorm 2021.2.2\bin;C:\Users\helida\go\bin;D:\JetBrains\GoLand 2021.2.4\bin;., surefire.test.class.path=C:\Users\helida\Desktop\demo-master\demo-master\target\test-classes;C:\Users\helida\Desktop\demo-master\demo-master\target\classes;D:\MavenRepository\maven_jar\org\mybatis\spring\boot\mybatis-spring-boot-starter\1.3.1\mybatis-spring-boot-starter-1.3.1.jar;D:\MavenRepository\maven_jar\org\springframework\boot\spring-boot-starter\1.5.9.RELEASE\spring-boot-starter-1.5.9.RELEASE.jar;D:\MavenRepository\maven_jar\org\springframework\boot\spring-boot\1.5.9.RELEASE\spring-boot-1.5.9.RELEASE.jar;D:\MavenRepository\maven_jar\org\springframework\boot\spring-boot-autoconfigure\1.5.9.RELEASE\spring-boot-autoconfigure-1.5.9.RELEASE.jar;D:\MavenRepository\maven_jar\org\springframework\boot\spring-boot-starter-logging\1.5.9.RELEASE\spring-boot-starter-logging-1.5.9.RELEASE.jar;D:\MavenRepository\maven_jar\ch\qos\logback\logback-classic\1.1.11\logback-classic-1.1.11.jar;D:\MavenRepository\maven_jar\ch\qos\logback\logback-core\1.1.11\logback-core-1.1.11.jar;D:\MavenRepository\maven_jar\org\slf4j\jcl-over-slf4j\1.7.25\jcl-over-slf4j-1.7.25.jar;D:\MavenRepository\maven_jar\org\slf4j\jul-to-slf4j\1.7.25\jul-to-slf4j-1.7.25.jar;D:\MavenRepository\maven_jar\org\slf4j\log4j-over-slf4j\1.7.25\log4j-over-slf4j-1.7.25.jar;D:\MavenRepository\maven_jar\org\yaml\snakeyaml\1.17\snakeyaml-1.17.jar;D:\MavenRepository\maven_jar\org\springframework\boot\spring-boot-starter-jdbc\1.5.9.RELEASE\spring-boot-starter-jdbc-1.5.9.RELEASE.jar;D:\MavenRepository\maven_jar\org\apache\tomcat\tomcat-jdbc\8.5.23\tomcat-jdbc-8.5.23.jar;D:\MavenRepository\maven_jar\org\apache\tomcat\tomcat-juli\8.5.23\tomcat-juli-8.5.23.jar;D:\MavenRepository\maven_jar\org\springframework\spring-jdbc\4.3.13.RELEASE\spring-jdbc-4.3.13.RELEASE.jar;D:\MavenRepository\maven_jar\org\springframework\spring-tx\4.3.13.RELEASE\spring-tx-4.3.13.RELEASE.jar;D:\MavenRepository\maven_jar\org\mybatis\spring\boot\mybatis-spring-boot-autoconfigure\1.3.1\mybatis-spring-boot-autoconfigure-1.3.1.jar;D:\MavenRepository\maven_jar\org\mybatis\mybatis\3.4.5\mybatis-3.4.5.jar;D:\MavenRepository\maven_jar\org\mybatis\mybatis-spring\1.3.1\mybatis-spring-1.3.1.jar;D:\MavenRepository\maven_jar\org\springframework\boot\spring-boot-starter-web\1.5.9.RELEASE\spring-boot-starter-web-1.5.9.RELEASE.jar;D:\MavenRepository\maven_jar\org\springframework\boot\spring-boot-starter-tomcat\1.5.9.RELEASE\spring-boot-starter-tomcat-1.5.9.RELEASE.jar;D:\MavenRepository\maven_jar\org\apache\tomcat\embed\tomcat-embed-core\8.5.23\tomcat-embed-core-8.5.23.jar;D:\MavenRepository\maven_jar\org\apache\tomcat\tomcat-annotations-api\8.5.23\tomcat-annotations-api-8.5.23.jar;D:\MavenRepository\maven_jar\org\apache\tomcat\embed\tomcat-embed-el\8.5.23\tomcat-embed-el-8.5.23.jar;D:\MavenRepository\maven_jar\org\apache\tomcat\embed\tomcat-embed-websocket\8.5.23\tomcat-embed-websocket-8.5.23.jar;D:\MavenRepository\maven_jar\org\hibernate\hibernate-validator\5.3.6.Final\hibernate-validator-5.3.6.Final.jar;D:\MavenRepository\maven_jar\javax\validation\validation-api\1.1.0.Final\validation-api-1.1.0.Final.jar;D:\MavenRepository\maven_jar\org\jboss\logging\jboss-logging\3.3.1.Final\jboss-logging-3.3.1.Final.jar;D:\MavenRepository\maven_jar\com\fasterxml\classmate\1.3.4\classmate-1.3.4.jar;D:\MavenRepository\maven_jar\com\fasterxml\jackson\core\jackson-databind\2.8.10\jackson-databind-2.8.10.jar;D:\MavenRepository\maven_jar\com\fasterxml\jackson\core\jackson-annotations\2.8.0\jackson-annotations-2.8.0.jar;D:\MavenRepository\maven_jar\com\fasterxml\jackson\core\jackson-core\2.8.10\jackson-core-2.8.10.jar;D:\MavenRepository\maven_jar\org\springframework\spring-web\4.3.13.RELEASE\spring-web-4.3.13.RELEASE.jar;D:\MavenRepository\maven_jar\org\springframework\spring-aop\4.3.13.RELEASE\spring-aop-4.3.13.RELEASE.jar;D:\MavenRepository\maven_jar\org\springframework\spring-beans\4.3.13.RELEASE\spring-beans-4.3.13.RELEASE.jar;D:\MavenRepository\maven_jar\org\springframework\spring-context\4.3.13.RELEASE\spring-context-4.3.13.RELEASE.jar;D:\MavenRepository\maven_jar\org\springframework\spring-webmvc\4.3.13.RELEASE\spring-webmvc-4.3.13.RELEASE.jar;D:\MavenRepository\maven_jar\org\springframework\spring-expression\4.3.13.RELEASE\spring-expression-4.3.13.RELEASE.jar;D:\MavenRepository\maven_jar\org\springframework\boot\spring-boot-starter-test\1.5.9.RELEASE\spring-boot-starter-test-1.5.9.RELEASE.jar;D:\MavenRepository\maven_jar\org\springframework\boot\spring-boot-test\1.5.9.RELEASE\spring-boot-test-1.5.9.RELEASE.jar;D:\MavenRepository\maven_jar\org\springframework\boot\spring-boot-test-autoconfigure\1.5.9.RELEASE\spring-boot-test-autoconfigure-1.5.9.RELEASE.jar;D:\MavenRepository\maven_jar\com\jayway\jsonpath\json-path\2.2.0\json-path-2.2.0.jar;D:\MavenRepository\maven_jar\net\minidev\json-smart\2.2.1\json-smart-2.2.1.jar;D:\MavenRepository\maven_jar\net\minidev\accessors-smart\1.1\accessors-smart-1.1.jar;D:\MavenRepository\maven_jar\org\ow2\asm\asm\5.0.3\asm-5.0.3.jar;D:\MavenRepository\maven_jar\org\slf4j\slf4j-api\1.7.25\slf4j-api-1.7.25.jar;D:\MavenRepository\maven_jar\junit\junit\4.12\junit-4.12.jar;D:\MavenRepository\maven_jar\org\assertj\assertj-core\2.6.0\assertj-core-2.6.0.jar;D:\MavenRepository\maven_jar\org\mockito\mockito-core\1.10.19\mockito-core-1.10.19.jar;D:\MavenRepository\maven_jar\org\objenesis\objenesis\2.1\objenesis-2.1.jar;D:\MavenRepository\maven_jar\org\hamcrest\hamcrest-core\1.3\hamcrest-core-1.3.jar;D:\MavenRepository\maven_jar\org\hamcrest\hamcrest-library\1.3\hamcrest-library-1.3.jar;D:\MavenRepository\maven_jar\org\skyscreamer\jsonassert\1.4.0\jsonassert-1.4.0.jar;D:\MavenRepository\maven_jar\com\vaadin\external\google\android-json\0.0.20131108.vaadin1\android-json-0.0.20131108.vaadin1.jar;D:\MavenRepository\maven_jar\org\springframework\spring-core\4.3.13.RELEASE\spring-core-4.3.13.RELEASE.jar;D:\MavenRepository\maven_jar\org\springframework\spring-test\4.3.13.RELEASE\spring-test-4.3.13.RELEASE.jar;D:\MavenRepository\maven_jar\mysql\mysql-connector-java\5.1.44\mysql-connector-java-5.1.44.jar;D:\MavenRepository\maven_jar\com\mchange\c3p0\0.9.5.2\c3p0-0.9.5.2.jar;D:\MavenRepository\maven_jar\com\mchange\mchange-commons-java\0.2.11\mchange-commons-java-0.2.11.jar;, java.specification.name=Java Platform API Specification, java.class.version=52.0, sun.management.compiler=HotSpot 64-Bit Tiered Compilers, maven.repo.local=D:\MavenRepository\maven_jar, idea.version2019.3.3=true, os.version=10.0, user.home=C:\Users\helida, user.timezone=Asia/Shanghai, java.awt.printerjob=sun.awt.windows.WPrinterJob, file.encoding=GBK, java.specification.version=1.8, java.class.path=C:\Users\helida\Desktop\demo-master\demo-master\target\test-classes;C:\Users\helida\Desktop\demo-master\demo-master\target\classes;D:\MavenRepository\maven_jar\org\mybatis\spring\boot\mybatis-spring-boot-starter\1.3.1\mybatis-spring-boot-starter-1.3.1.jar;D:\MavenRepository\maven_jar\org\springframework\boot\spring-boot-starter\1.5.9.RELEASE\spring-boot-starter-1.5.9.RELEASE.jar;D:\MavenRepository\maven_jar\org\springframework\boot\spring-boot\1.5.9.RELEASE\spring-boot-1.5.9.RELEASE.jar;D:\MavenRepository\maven_jar\org\springframework\boot\spring-boot-autoconfigure\1.5.9.RELEASE\spring-boot-autoconfigure-1.5.9.RELEASE.jar;D:\MavenRepository\maven_jar\org\springframework\boot\spring-boot-starter-logging\1.5.9.RELEASE\spring-boot-starter-logging-1.5.9.RELEASE.jar;D:\MavenRepository\maven_jar\ch\qos\logback\logback-classic\1.1.11\logback-classic-1.1.11.jar;D:\MavenRepository\maven_jar\ch\qos\logback\logback-core\1.1.11\logback-core-1.1.11.jar;D:\MavenRepository\maven_jar\org\slf4j\jcl-over-slf4j\1.7.25\jcl-over-slf4j-1.7.25.jar;D:\MavenRepository\maven_jar\org\slf4j\jul-to-slf4j\1.7.25\jul-to-slf4j-1.7.25.jar;D:\MavenRepository\maven_jar\org\slf4j\log4j-over-slf4j\1.7.25\log4j-over-slf4j-1.7.25.jar;D:\MavenRepository\maven_jar\org\yaml\snakeyaml\1.17\snakeyaml-1.17.jar;D:\MavenRepository\maven_jar\org\springframework\boot\spring-boot-starter-jdbc\1.5.9.RELEASE\spring-boot-starter-jdbc-1.5.9.RELEASE.jar;D:\MavenRepository\maven_jar\org\apache\tomcat\tomcat-jdbc\8.5.23\tomcat-jdbc-8.5.23.jar;D:\MavenRepository\maven_jar\org\apache\tomcat\tomcat-juli\8.5.23\tomcat-juli-8.5.23.jar;D:\MavenRepository\maven_jar\org\springframework\spring-jdbc\4.3.13.RELEASE\spring-jdbc-4.3.13.RELEASE.jar;D:\MavenRepository\maven_jar\org\springframework\spring-tx\4.3.13.RELEASE\spring-tx-4.3.13.RELEASE.jar;D:\MavenRepository\maven_jar\org\mybatis\spring\boot\mybatis-spring-boot-autoconfigure\1.3.1\mybatis-spring-boot-autoconfigure-1.3.1.jar;D:\MavenRepository\maven_jar\org\mybatis\mybatis\3.4.5\mybatis-3.4.5.jar;D:\MavenRepository\maven_jar\org\mybatis\mybatis-spring\1.3.1\mybatis-spring-1.3.1.jar;D:\MavenRepository\maven_jar\org\springframework\boot\spring-boot-starter-web\1.5.9.RELEASE\spring-boot-starter-web-1.5.9.RELEASE.jar;D:\MavenRepository\maven_jar\org\springframework\boot\spring-boot-starter-tomcat\1.5.9.RELEASE\spring-boot-starter-tomcat-1.5.9.RELEASE.jar;D:\MavenRepository\maven_jar\org\apache\tomcat\embed\tomcat-embed-core\8.5.23\tomcat-embed-core-8.5.23.jar;D:\MavenRepository\maven_jar\org\apache\tomcat\tomcat-annotations-api\8.5.23\tomcat-annotations-api-8.5.23.jar;D:\MavenRepository\maven_jar\org\apache\tomcat\embed\tomcat-embed-el\8.5.23\tomcat-embed-el-8.5.23.jar;D:\MavenRepository\maven_jar\org\apache\tomcat\embed\tomcat-embed-websocket\8.5.23\tomcat-embed-websocket-8.5.23.jar;D:\MavenRepository\maven_jar\org\hibernate\hibernate-validator\5.3.6.Final\hibernate-validator-5.3.6.Final.jar;D:\MavenRepository\maven_jar\javax\validation\validation-api\1.1.0.Final\validation-api-1.1.0.Final.jar;D:\MavenRepository\maven_jar\org\jboss\logging\jboss-logging\3.3.1.Final\jboss-logging-3.3.1.Final.jar;D:\MavenRepository\maven_jar\com\fasterxml\classmate\1.3.4\classmate-1.3.4.jar;D:\MavenRepository\maven_jar\com\fasterxml\jackson\core\jackson-databind\2.8.10\jackson-databind-2.8.10.jar;D:\MavenRepository\maven_jar\com\fasterxml\jackson\core\jackson-annotations\2.8.0\jackson-annotations-2.8.0.jar;D:\MavenRepository\maven_jar\com\fasterxml\jackson\core\jackson-core\2.8.10\jackson-core-2.8.10.jar;D:\MavenRepository\maven_jar\org\springframework\spring-web\4.3.13.RELEASE\spring-web-4.3.13.RELEASE.jar;D:\MavenRepository\maven_jar\org\springframework\spring-aop\4.3.13.RELEASE\spring-aop-4.3.13.RELEASE.jar;D:\MavenRepository\maven_jar\org\springframework\spring-beans\4.3.13.RELEASE\spring-beans-4.3.13.RELEASE.jar;D:\MavenRepository\maven_jar\org\springframework\spring-context\4.3.13.RELEASE\spring-context-4.3.13.RELEASE.jar;D:\MavenRepository\maven_jar\org\springframework\spring-webmvc\4.3.13.RELEASE\spring-webmvc-4.3.13.RELEASE.jar;D:\MavenRepository\maven_jar\org\springframework\spring-expression\4.3.13.RELEASE\spring-expression-4.3.13.RELEASE.jar;D:\MavenRepository\maven_jar\org\springframework\boot\spring-boot-starter-test\1.5.9.RELEASE\spring-boot-starter-test-1.5.9.RELEASE.jar;D:\MavenRepository\maven_jar\org\springframework\boot\spring-boot-test\1.5.9.RELEASE\spring-boot-test-1.5.9.RELEASE.jar;D:\MavenRepository\maven_jar\org\springframework\boot\spring-boot-test-autoconfigure\1.5.9.RELEASE\spring-boot-test-autoconfigure-1.5.9.RELEASE.jar;D:\MavenRepository\maven_jar\com\jayway\jsonpath\json-path\2.2.0\json-path-2.2.0.jar;D:\MavenRepository\maven_jar\net\minidev\json-smart\2.2.1\json-smart-2.2.1.jar;D:\MavenRepository\maven_jar\net\minidev\accessors-smart\1.1\accessors-smart-1.1.jar;D:\MavenRepository\maven_jar\org\ow2\asm\asm\5.0.3\asm-5.0.3.jar;D:\MavenRepository\maven_jar\org\slf4j\slf4j-api\1.7.25\slf4j-api-1.7.25.jar;D:\MavenRepository\maven_jar\junit\junit\4.12\junit-4.12.jar;D:\MavenRepository\maven_jar\org\assertj\assertj-core\2.6.0\assertj-core-2.6.0.jar;D:\MavenRepository\maven_jar\org\mockito\mockito-core\1.10.19\mockito-core-1.10.19.jar;D:\MavenRepository\maven_jar\org\objenesis\objenesis\2.1\objenesis-2.1.jar;D:\MavenRepository\maven_jar\org\hamcrest\hamcrest-core\1.3\hamcrest-core-1.3.jar;D:\MavenRepository\maven_jar\org\hamcrest\hamcrest-library\1.3\hamcrest-library-1.3.jar;D:\MavenRepository\maven_jar\org\skyscreamer\jsonassert\1.4.0\jsonassert-1.4.0.jar;D:\MavenRepository\maven_jar\com\vaadin\external\google\android-json\0.0.20131108.vaadin1\android-json-0.0.20131108.vaadin1.jar;D:\MavenRepository\maven_jar\org\springframework\spring-core\4.3.13.RELEASE\spring-core-4.3.13.RELEASE.jar;D:\MavenRepository\maven_jar\org\springframework\spring-test\4.3.13.RELEASE\spring-test-4.3.13.RELEASE.jar;D:\MavenRepository\maven_jar\mysql\mysql-connector-java\5.1.44\mysql-connector-java-5.1.44.jar;D:\MavenRepository\maven_jar\com\mchange\c3p0\0.9.5.2\c3p0-0.9.5.2.jar;D:\MavenRepository\maven_jar\com\mchange\mchange-commons-java\0.2.11\mchange-commons-java-0.2.11.jar;, user.name=helida, java.vm.specification.version=1.8, sun.java.command=C:\Users\helida\Desktop\demo-master\demo-master\target\surefire\surefirebooter3886525606674243095.jar C:\Users\helida\Desktop\demo-master\demo-master\target\surefire\surefire5416476586162273600tmp C:\Users\helida\Desktop\demo-master\demo-master\target\surefire\surefire_07097527779140708058tmp, java.home=C:\Program Files\Java\jdk1.8.0_201\jre, sun.arch.data.model=64, user.language=zh, java.specification.vendor=Oracle Corporation, awt.toolkit=sun.awt.windows.WToolkit, java.vm.info=mixed mode, java.version=1.8.0_201, java.ext.dirs=C:\Program Files\Java\jdk1.8.0_201\jre\lib\ext;C:\WINDOWS\Sun\Java\lib\ext, sun.boot.class.path=C:\Program Files\Java\jdk1.8.0_201\jre\lib\resources.jar;C:\Program Files\Java\jdk1.8.0_201\jre\lib\rt.jar;C:\Program Files\Java\jdk1.8.0_201\jre\lib\sunrsasign.jar;C:\Program Files\Java\jdk1.8.0_201\jre\lib\jsse.jar;C:\Program Files\Java\jdk1.8.0_201\jre\lib\jce.jar;C:\Program Files\Java\jdk1.8.0_201\jre\lib\charsets.jar;C:\Program Files\Java\jdk1.8.0_201\jre\lib\jfr.jar;C:\Program Files\Java\jdk1.8.0_201\jre\classes, java.vendor=Oracle Corporation, localRepository=D:\MavenRepository\maven_jar, file.separator=\, java.vendor.url.bug=http://bugreport.sun.com/bugreport/, sun.io.unicode.encoding=UnicodeLittle, sun.cpu.endian=little, sun.desktop=windows, sun.cpu.isalist=amd64}}, SystemEnvironmentPropertySource@1568059495 {name='systemEnvironment', properties={PATH=D:\VMware\VMware Workstation\bin\;C:\Program Files (x86)\Common Files\Oracle\Java\javapath;C:\Program Files (x86)\Common Files\Intel\Shared Libraries\redist\intel64_win\compiler;C:\Program Files (x86)\Common Files\Intel\Shared Files\cpp\bin\Intel64;C:\Windows\system32;C:\Windows;C:\Windows\System32\Wbem;C:\Windows\System32\WindowsPowerShell\v1.0\;C:\Windows\System32\OpenSSH\;C:\Users\helida\AppData\Local\Microsoft\WindowsApps;d:\paperless-demo\java\jdk1.8\bin;d:\paperless-demo\java\jdk1.8\jre\bin;d:\paperless-demo\MySql-5.7\bin;C:\Users\helida\AppData\Local\Programs\Microsoft VS Code\bin;C:\paperless-demo\java\jdk1.8\bin;C:\paperless-demo\java\jdk1.8\jre\bin;C:\paperless-demo\MySql-5.7\bin;C:\WINDOWS\system32;C:\WINDOWS;C:\WINDOWS\System32\Wbem;C:\WINDOWS\System32\WindowsPowerShell\v1.0\;C:\WINDOWS\System32\OpenSSH\;C:\Program Files (x86)\HP\IdrsOCR_15.2.10.1114\;D:\Program Files\nodejs\;D:\Java\bin;D:\Java\jre\bin;D:\Git\cmd;D:\apache-maven-3.8.1\bin;D:\IntelliJ IDEA 2019.3.3\bin;C:\Users\helida\AppData\Roaming\npm;D:\paperless-demo\java\jdk1.8\bin;D:\paperless-demo\java\jdk1.8\jre\bin;D:\paperless-demo\MySql-5.7\bin;D:\jsshell-win64;C:\Program Files\Go\bin;%DevEco Studio%;D:\WebStorm 2021.2.2\bin;C:\Users\helida\go\bin;D:\JetBrains\GoLand 2021.2.4\bin, USERDOMAIN_ROAMINGPROFILE=DESKTOP-V9P35VJ, PROCESSOR_LEVEL=6, SYSTEMDRIVE=C:, ALLUSERSPROFILE=C:\ProgramData, INTEL_DEV_REDIST=C:\Program Files (x86)\Common Files\Intel\Shared Libraries\, PROCESSOR_ARCHITECTURE=AMD64, MIC_LD_LIBRARY_PATH=C:\Program Files (x86)\Common Files\Intel\Shared Libraries\compiler\lib\intel64_win_mic, __COMPAT_LAYER=RunAsAdmin, DRIVERDATA=C:\Windows\System32\Drivers\DriverData, MAVEN_HOME=D:\apache-maven-3.8.1, PROGRAMFILES=C:\Program Files, PSMODULEPATH=C:\Program Files\WindowsPowerShell\Modules;C:\WINDOWS\system32\WindowsPowerShell\v1.0\Modules, PROGRAMDATA=C:\ProgramData, USERNAME=helida, ONEDRIVE=C:\Users\helida\OneDrive, PATHEXT=.COM;.EXE;.BAT;.CMD;.VBS;.VBE;.JS;.JSE;.WSF;.WSH;.MSC, GOPATH=C:\Users\helida\go, TMPDIR=C:\Users\Public\Documents\Wondershare\CreatorTemp, WINDIR=C:\WINDOWS, HOMEPATH=\Users\helida, PROCESSOR_IDENTIFIER=Intel64 Family 6 Model 94 Stepping 3, GenuineIntel, PUBLIC=C:\Users\Public, C_EM64T_REDIST11=C:\Program Files (x86)\Common Files\Intel\Shared Files\cpp\, LOCALAPPDATA=C:\Users\helida\AppData\Local, COMMONPROGRAMFILES(X86)=C:\Program Files (x86)\Common Files, USERDOMAIN=DESKTOP-V9P35VJ, LOGONSERVER=\\DESKTOP-V9P35VJ, JAVA_HOME=D:\paperless-demo\java\jdk1.8, PROMPT=$P$G, PROGRAMFILES(X86)=C:\Program Files (x86), INTELLIJ IDEA=D:\IntelliJ IDEA 2019.3.3\bin;, =C:=C:\Users\helida\Desktop\demo-master\demo-master, APPDATA=C:\Users\helida\AppData\Roaming, PROGRAMW6432=C:\Program Files, SYSTEMROOT=C:\WINDOWS, OS=Windows_NT, COMMONPROGRAMW6432=C:\Program Files\Common Files, COMPUTERNAME=DESKTOP-V9P35VJ, COMMONPROGRAMFILES=C:\Program Files\Common Files, COMSPEC=C:\WINDOWS\system32\cmd.exe, CATALINA_HOME=D:\paperless-demo\tomcat8.5, PROCESSOR_REVISION=5e03, CLASSPATH=D:\paperless-demo\java\jdk1.8\lib\tools.jar;D:\paperless-demo\java\jdk1.8\lib\dt.jar;., TEMP=C:\Users\helida\AppData\Local\Temp, HOMEDRIVE=C:, USERPROFILE=C:\Users\helida, TMP=C:\Users\helida\AppData\Local\Temp, GOLAND=D:\JetBrains\GoLand 2021.2.4\bin;, WEBSTORM=D:\WebStorm 2021.2.2\bin;, NUMBER_OF_PROCESSORS=4, IDEA_INITIAL_DIRECTORY=C:\Users\helida\Desktop}}]
10:34:58.107 [main] DEBUG org.springframework.core.io.support.PathMatchingResourcePatternResolver - Resolved classpath location [com/imooc/demo/dao/] to resources [URL [file:/C:/Users/helida/Desktop/demo-master/demo-master/target/test-classes/com/imooc/demo/dao/], URL [file:/C:/Users/helida/Desktop/demo-master/demo-master/target/classes/com/imooc/demo/dao/]]
10:34:58.108 [main] DEBUG org.springframework.core.io.support.PathMatchingResourcePatternResolver - Looking for matching resources in directory tree [C:\Users\helida\Desktop\demo-master\demo-master\target\test-classes\com\imooc\demo\dao]
10:34:58.108 [main] DEBUG org.springframework.core.io.support.PathMatchingResourcePatternResolver - Searching directory [C:\Users\helida\Desktop\demo-master\demo-master\target\test-classes\com\imooc\demo\dao] for files matching pattern [C:/Users/helida/Desktop/demo-master/demo-master/target/test-classes/com/imooc/demo/dao/*.class]
10:34:58.111 [main] DEBUG org.springframework.core.io.support.PathMatchingResourcePatternResolver - Looking for matching resources in directory tree [C:\Users\helida\Desktop\demo-master\demo-master\target\classes\com\imooc\demo\dao]
10:34:58.112 [main] DEBUG org.springframework.core.io.support.PathMatchingResourcePatternResolver - Searching directory [C:\Users\helida\Desktop\demo-master\demo-master\target\classes\com\imooc\demo\dao] for files matching pattern [C:/Users/helida/Desktop/demo-master/demo-master/target/classes/com/imooc/demo/dao/*.class]
10:34:58.112 [main] DEBUG org.springframework.core.io.support.PathMatchingResourcePatternResolver - Resolved location pattern [classpath*:com/imooc/demo/dao/*.class] to resources [file [C:\Users\helida\Desktop\demo-master\demo-master\target\test-classes\com\imooc\demo\dao\AreaDaoTest.class], file [C:\Users\helida\Desktop\demo-master\demo-master\target\classes\com\imooc\demo\dao\AreaDao.class]]
10:34:58.138 [main] DEBUG org.springframework.core.io.support.PathMatchingResourcePatternResolver - Resolved classpath location [com/imooc/demo/] to resources [URL [file:/C:/Users/helida/Desktop/demo-master/demo-master/target/test-classes/com/imooc/demo/], URL [file:/C:/Users/helida/Desktop/demo-master/demo-master/target/classes/com/imooc/demo/]]
10:34:58.138 [main] DEBUG org.springframework.core.io.support.PathMatchingResourcePatternResolver - Looking for matching resources in directory tree [C:\Users\helida\Desktop\demo-master\demo-master\target\test-classes\com\imooc\demo]
10:34:58.138 [main] DEBUG org.springframework.core.io.support.PathMatchingResourcePatternResolver - Searching directory [C:\Users\helida\Desktop\demo-master\demo-master\target\test-classes\com\imooc\demo] for files matching pattern [C:/Users/helida/Desktop/demo-master/demo-master/target/test-classes/com/imooc/demo/*.class]
10:34:58.139 [main] DEBUG org.springframework.core.io.support.PathMatchingResourcePatternResolver - Looking for matching resources in directory tree [C:\Users\helida\Desktop\demo-master\demo-master\target\classes\com\imooc\demo]
10:34:58.139 [main] DEBUG org.springframework.core.io.support.PathMatchingResourcePatternResolver - Searching directory [C:\Users\helida\Desktop\demo-master\demo-master\target\classes\com\imooc\demo] for files matching pattern [C:/Users/helida/Desktop/demo-master/demo-master/target/classes/com/imooc/demo/*.class]
10:34:58.140 [main] DEBUG org.springframework.core.io.support.PathMatchingResourcePatternResolver - Resolved location pattern [classpath*:com/imooc/demo/*.class] to resources [file [C:\Users\helida\Desktop\demo-master\demo-master\target\test-classes\com\imooc\demo\DemoApplicationTests.class], file [C:\Users\helida\Desktop\demo-master\demo-master\target\classes\com\imooc\demo\DemoApplication.class], file [C:\Users\helida\Desktop\demo-master\demo-master\target\classes\com\imooc\demo\Hello.class]]
10:34:58.170 [main] DEBUG org.springframework.context.annotation.ClassPathScanningCandidateComponentProvider - Identified candidate component class: file [C:\Users\helida\Desktop\demo-master\demo-master\target\classes\com\imooc\demo\DemoApplication.class]
10:34:58.193 [main] INFO org.springframework.boot.test.context.SpringBootTestContextBootstrapper - Found @SpringBootConfiguration com.imooc.demo.DemoApplication for test class com.imooc.demo.dao.AreaDaoTest
10:34:58.197 [main] DEBUG org.springframework.boot.test.context.SpringBootTestContextBootstrapper - @TestExecutionListeners is not present for class [com.imooc.demo.dao.AreaDaoTest]: using defaults.
10:34:58.200 [main] INFO org.springframework.boot.test.context.SpringBootTestContextBootstrapper - Loaded default TestExecutionListener class names from location [META-INF/spring.factories]: [org.springframework.boot.test.mock.mockito.MockitoTestExecutionListener, org.springframework.boot.test.mock.mockito.ResetMocksTestExecutionListener, org.springframework.boot.test.autoconfigure.restdocs.RestDocsTestExecutionListener, org.springframework.boot.test.autoconfigure.web.client.MockRestServiceServerResetTestExecutionListener, org.springframework.boot.test.autoconfigure.web.servlet.MockMvcPrintOnlyOnFailureTestExecutionListener, org.springframework.boot.test.autoconfigure.web.servlet.WebDriverTestExecutionListener, org.springframework.test.context.web.ServletTestExecutionListener, org.springframework.test.context.support.DirtiesContextBeforeModesTestExecutionListener, org.springframework.test.context.support.DependencyInjectionTestExecutionListener, org.springframework.test.context.support.DirtiesContextTestExecutionListener, org.springframework.test.context.transaction.TransactionalTestExecutionListener, org.springframework.test.context.jdbc.SqlScriptsTestExecutionListener]
10:34:58.227 [main] INFO org.springframework.boot.test.context.SpringBootTestContextBootstrapper - Using TestExecutionListeners: [org.springframework.test.context.web.ServletTestExecutionListener@4e4aea35, org.springframework.test.context.support.DirtiesContextBeforeModesTestExecutionListener@1442d7b5, org.springframework.boot.test.autoconfigure.SpringBootDependencyInjectionTestExecutionListener@1efee8e7, org.springframework.test.context.support.DirtiesContextTestExecutionListener@1ee807c6, org.springframework.test.context.transaction.TransactionalTestExecutionListener@76a4d6c, org.springframework.test.context.jdbc.SqlScriptsTestExecutionListener@517cd4b, org.springframework.boot.test.autoconfigure.web.servlet.MockMvcPrintOnlyOnFailureTestExecutionListener@6cc7b4de, org.springframework.boot.test.autoconfigure.restdocs.RestDocsTestExecutionListener@32cf48b7, org.springframework.boot.test.autoconfigure.web.client.MockRestServiceServerResetTestExecutionListener@679b62af, org.springframework.boot.test.mock.mockito.MockitoTestExecutionListener@5cdd8682, org.springframework.boot.test.autoconfigure.web.servlet.WebDriverTestExecutionListener@d6da883, org.springframework.boot.test.mock.mockito.ResetMocksTestExecutionListener@45afc369]
10:34:58.227 [main] DEBUG org.springframework.test.context.junit4.SpringJUnit4ClassRunner - SpringJUnit4ClassRunner constructor called with [class com.imooc.demo.DemoApplicationTests]
10:34:58.228 [main] DEBUG org.springframework.test.context.BootstrapUtils - Instantiating CacheAwareContextLoaderDelegate from class [org.springframework.test.context.cache.DefaultCacheAwareContextLoaderDelegate]
10:34:58.228 [main] DEBUG org.springframework.test.context.BootstrapUtils - Instantiating BootstrapContext using constructor [public org.springframework.test.context.support.DefaultBootstrapContext(java.lang.Class,org.springframework.test.context.CacheAwareContextLoaderDelegate)]
10:34:58.229 [main] DEBUG org.springframework.test.context.BootstrapUtils - Instantiating TestContextBootstrapper for test class [com.imooc.demo.DemoApplicationTests] from class [org.springframework.boot.test.context.SpringBootTestContextBootstrapper]
10:34:58.229 [main] INFO org.springframework.boot.test.context.SpringBootTestContextBootstrapper - Neither @ContextConfiguration nor @ContextHierarchy found for test class [com.imooc.demo.DemoApplicationTests], using SpringBootContextLoader
10:34:58.230 [main] DEBUG org.springframework.test.context.support.AbstractContextLoader - Did not detect default resource location for test class [com.imooc.demo.DemoApplicationTests]: class path resource [com/imooc/demo/DemoApplicationTests-context.xml] does not exist
10:34:58.230 [main] DEBUG org.springframework.test.context.support.AbstractContextLoader - Did not detect default resource location for test class [com.imooc.demo.DemoApplicationTests]: class path resource [com/imooc/demo/DemoApplicationTestsContext.groovy] does not exist
10:34:58.231 [main] INFO org.springframework.test.context.support.AbstractContextLoader - Could not detect default resource locations for test class [com.imooc.demo.DemoApplicationTests]: no resource found for suffixes {-context.xml, Context.groovy}.
10:34:58.231 [main] INFO org.springframework.test.context.support.AnnotationConfigContextLoaderUtils - Could not detect default configuration classes for test class [com.imooc.demo.DemoApplicationTests]: DemoApplicationTests does not declare any static, non-private, non-final, nested classes annotated with @Configuration.
10:34:58.234 [main] DEBUG org.springframework.test.context.support.ActiveProfilesUtils - Could not find an 'annotation declaring class' for annotation type [org.springframework.test.context.ActiveProfiles] and class [com.imooc.demo.DemoApplicationTests]
10:34:58.234 [main] DEBUG org.springframework.core.env.StandardEnvironment - Adding PropertySource 'systemProperties' with lowest search precedence
10:34:58.235 [main] DEBUG org.springframework.core.env.StandardEnvironment - Adding PropertySource 'systemEnvironment' with lowest search precedence
10:34:58.237 [main] DEBUG org.springframework.core.env.StandardEnvironment - Initialized StandardEnvironment with PropertySources [MapPropertySource@11902257 {name='systemProperties', properties={java.runtime.name=Java(TM) SE Runtime Environment, sun.boot.library.path=C:\Program Files\Java\jdk1.8.0_201\jre\bin, java.vm.version=25.201-b09, java.vm.vendor=Oracle Corporation, java.vendor.url=http://java.oracle.com/, path.separator=;, java.vm.name=Java HotSpot(TM) 64-Bit Server VM, file.encoding.pkg=sun.io, user.country=CN, user.script=, sun.java.launcher=SUN_STANDARD, sun.os.patch.level=, java.vm.specification.name=Java Virtual Machine Specification, user.dir=C:\Users\helida\Desktop\demo-master\demo-master, java.runtime.version=1.8.0_201-b09, basedir=C:\Users\helida\Desktop\demo-master\demo-master, java.awt.graphicsenv=sun.awt.Win32GraphicsEnvironment, java.endorsed.dirs=C:\Program Files\Java\jdk1.8.0_201\jre\lib\endorsed, os.arch=amd64, surefire.real.class.path=C:\Users\helida\Desktop\demo-master\demo-master\target\surefire\surefirebooter3886525606674243095.jar, java.io.tmpdir=C:\Users\helida\AppData\Local\Temp\, line.separator=
, java.vm.specification.vendor=Oracle Corporation, user.variant=, os.name=Windows 10, sun.jnu.encoding=GBK, java.library.path=C:\Program Files\Java\jdk1.8.0_201\jre\bin;C:\WINDOWS\Sun\Java\bin;C:\WINDOWS\system32;C:\WINDOWS;D:\VMware\VMware Workstation\bin\;C:\Program Files (x86)\Common Files\Oracle\Java\javapath;C:\Program Files (x86)\Common Files\Intel\Shared Libraries\redist\intel64_win\compiler;C:\Program Files (x86)\Common Files\Intel\Shared Files\cpp\bin\Intel64;C:\Windows\system32;C:\Windows;C:\Windows\System32\Wbem;C:\Windows\System32\WindowsPowerShell\v1.0\;C:\Windows\System32\OpenSSH\;C:\Users\helida\AppData\Local\Microsoft\WindowsApps;d:\paperless-demo\java\jdk1.8\bin;d:\paperless-demo\java\jdk1.8\jre\bin;d:\paperless-demo\MySql-5.7\bin;C:\Users\helida\AppData\Local\Programs\Microsoft VS Code\bin;C:\paperless-demo\java\jdk1.8\bin;C:\paperless-demo\java\jdk1.8\jre\bin;C:\paperless-demo\MySql-5.7\bin;C:\WINDOWS\system32;C:\WINDOWS;C:\WINDOWS\System32\Wbem;C:\WINDOWS\System32\WindowsPowerShell\v1.0\;C:\WINDOWS\System32\OpenSSH\;C:\Program Files (x86)\HP\IdrsOCR_15.2.10.1114\;D:\Program Files\nodejs\;D:\Java\bin;D:\Java\jre\bin;D:\Git\cmd;D:\apache-maven-3.8.1\bin;D:\IntelliJ IDEA 2019.3.3\bin;C:\Users\helida\AppData\Roaming\npm;D:\paperless-demo\java\jdk1.8\bin;D:\paperless-demo\java\jdk1.8\jre\bin;D:\paperless-demo\MySql-5.7\bin;D:\jsshell-win64;C:\Program Files\Go\bin;%DevEco Studio%;D:\WebStorm 2021.2.2\bin;C:\Users\helida\go\bin;D:\JetBrains\GoLand 2021.2.4\bin;., surefire.test.class.path=C:\Users\helida\Desktop\demo-master\demo-master\target\test-classes;C:\Users\helida\Desktop\demo-master\demo-master\target\classes;D:\MavenRepository\maven_jar\org\mybatis\spring\boot\mybatis-spring-boot-starter\1.3.1\mybatis-spring-boot-starter-1.3.1.jar;D:\MavenRepository\maven_jar\org\springframework\boot\spring-boot-starter\1.5.9.RELEASE\spring-boot-starter-1.5.9.RELEASE.jar;D:\MavenRepository\maven_jar\org\springframework\boot\spring-boot\1.5.9.RELEASE\spring-boot-1.5.9.RELEASE.jar;D:\MavenRepository\maven_jar\org\springframework\boot\spring-boot-autoconfigure\1.5.9.RELEASE\spring-boot-autoconfigure-1.5.9.RELEASE.jar;D:\MavenRepository\maven_jar\org\springframework\boot\spring-boot-starter-logging\1.5.9.RELEASE\spring-boot-starter-logging-1.5.9.RELEASE.jar;D:\MavenRepository\maven_jar\ch\qos\logback\logback-classic\1.1.11\logback-classic-1.1.11.jar;D:\MavenRepository\maven_jar\ch\qos\logback\logback-core\1.1.11\logback-core-1.1.11.jar;D:\MavenRepository\maven_jar\org\slf4j\jcl-over-slf4j\1.7.25\jcl-over-slf4j-1.7.25.jar;D:\MavenRepository\maven_jar\org\slf4j\jul-to-slf4j\1.7.25\jul-to-slf4j-1.7.25.jar;D:\MavenRepository\maven_jar\org\slf4j\log4j-over-slf4j\1.7.25\log4j-over-slf4j-1.7.25.jar;D:\MavenRepository\maven_jar\org\yaml\snakeyaml\1.17\snakeyaml-1.17.jar;D:\MavenRepository\maven_jar\org\springframework\boot\spring-boot-starter-jdbc\1.5.9.RELEASE\spring-boot-starter-jdbc-1.5.9.RELEASE.jar;D:\MavenRepository\maven_jar\org\apache\tomcat\tomcat-jdbc\8.5.23\tomcat-jdbc-8.5.23.jar;D:\MavenRepository\maven_jar\org\apache\tomcat\tomcat-juli\8.5.23\tomcat-juli-8.5.23.jar;D:\MavenRepository\maven_jar\org\springframework\spring-jdbc\4.3.13.RELEASE\spring-jdbc-4.3.13.RELEASE.jar;D:\MavenRepository\maven_jar\org\springframework\spring-tx\4.3.13.RELEASE\spring-tx-4.3.13.RELEASE.jar;D:\MavenRepository\maven_jar\org\mybatis\spring\boot\mybatis-spring-boot-autoconfigure\1.3.1\mybatis-spring-boot-autoconfigure-1.3.1.jar;D:\MavenRepository\maven_jar\org\mybatis\mybatis\3.4.5\mybatis-3.4.5.jar;D:\MavenRepository\maven_jar\org\mybatis\mybatis-spring\1.3.1\mybatis-spring-1.3.1.jar;D:\MavenRepository\maven_jar\org\springframework\boot\spring-boot-starter-web\1.5.9.RELEASE\spring-boot-starter-web-1.5.9.RELEASE.jar;D:\MavenRepository\maven_jar\org\springframework\boot\spring-boot-starter-tomcat\1.5.9.RELEASE\spring-boot-starter-tomcat-1.5.9.RELEASE.jar;D:\MavenRepository\maven_jar\org\apache\tomcat\embed\tomcat-embed-core\8.5.23\tomcat-embed-core-8.5.23.jar;D:\MavenRepository\maven_jar\org\apache\tomcat\tomcat-annotations-api\8.5.23\tomcat-annotations-api-8.5.23.jar;D:\MavenRepository\maven_jar\org\apache\tomcat\embed\tomcat-embed-el\8.5.23\tomcat-embed-el-8.5.23.jar;D:\MavenRepository\maven_jar\org\apache\tomcat\embed\tomcat-embed-websocket\8.5.23\tomcat-embed-websocket-8.5.23.jar;D:\MavenRepository\maven_jar\org\hibernate\hibernate-validator\5.3.6.Final\hibernate-validator-5.3.6.Final.jar;D:\MavenRepository\maven_jar\javax\validation\validation-api\1.1.0.Final\validation-api-1.1.0.Final.jar;D:\MavenRepository\maven_jar\org\jboss\logging\jboss-logging\3.3.1.Final\jboss-logging-3.3.1.Final.jar;D:\MavenRepository\maven_jar\com\fasterxml\classmate\1.3.4\classmate-1.3.4.jar;D:\MavenRepository\maven_jar\com\fasterxml\jackson\core\jackson-databind\2.8.10\jackson-databind-2.8.10.jar;D:\MavenRepository\maven_jar\com\fasterxml\jackson\core\jackson-annotations\2.8.0\jackson-annotations-2.8.0.jar;D:\MavenRepository\maven_jar\com\fasterxml\jackson\core\jackson-core\2.8.10\jackson-core-2.8.10.jar;D:\MavenRepository\maven_jar\org\springframework\spring-web\4.3.13.RELEASE\spring-web-4.3.13.RELEASE.jar;D:\MavenRepository\maven_jar\org\springframework\spring-aop\4.3.13.RELEASE\spring-aop-4.3.13.RELEASE.jar;D:\MavenRepository\maven_jar\org\springframework\spring-beans\4.3.13.RELEASE\spring-beans-4.3.13.RELEASE.jar;D:\MavenRepository\maven_jar\org\springframework\spring-context\4.3.13.RELEASE\spring-context-4.3.13.RELEASE.jar;D:\MavenRepository\maven_jar\org\springframework\spring-webmvc\4.3.13.RELEASE\spring-webmvc-4.3.13.RELEASE.jar;D:\MavenRepository\maven_jar\org\springframework\spring-expression\4.3.13.RELEASE\spring-expression-4.3.13.RELEASE.jar;D:\MavenRepository\maven_jar\org\springframework\boot\spring-boot-starter-test\1.5.9.RELEASE\spring-boot-starter-test-1.5.9.RELEASE.jar;D:\MavenRepository\maven_jar\org\springframework\boot\spring-boot-test\1.5.9.RELEASE\spring-boot-test-1.5.9.RELEASE.jar;D:\MavenRepository\maven_jar\org\springframework\boot\spring-boot-test-autoconfigure\1.5.9.RELEASE\spring-boot-test-autoconfigure-1.5.9.RELEASE.jar;D:\MavenRepository\maven_jar\com\jayway\jsonpath\json-path\2.2.0\json-path-2.2.0.jar;D:\MavenRepository\maven_jar\net\minidev\json-smart\2.2.1\json-smart-2.2.1.jar;D:\MavenRepository\maven_jar\net\minidev\accessors-smart\1.1\accessors-smart-1.1.jar;D:\MavenRepository\maven_jar\org\ow2\asm\asm\5.0.3\asm-5.0.3.jar;D:\MavenRepository\maven_jar\org\slf4j\slf4j-api\1.7.25\slf4j-api-1.7.25.jar;D:\MavenRepository\maven_jar\junit\junit\4.12\junit-4.12.jar;D:\MavenRepository\maven_jar\org\assertj\assertj-core\2.6.0\assertj-core-2.6.0.jar;D:\MavenRepository\maven_jar\org\mockito\mockito-core\1.10.19\mockito-core-1.10.19.jar;D:\MavenRepository\maven_jar\org\objenesis\objenesis\2.1\objenesis-2.1.jar;D:\MavenRepository\maven_jar\org\hamcrest\hamcrest-core\1.3\hamcrest-core-1.3.jar;D:\MavenRepository\maven_jar\org\hamcrest\hamcrest-library\1.3\hamcrest-library-1.3.jar;D:\MavenRepository\maven_jar\org\skyscreamer\jsonassert\1.4.0\jsonassert-1.4.0.jar;D:\MavenRepository\maven_jar\com\vaadin\external\google\android-json\0.0.20131108.vaadin1\android-json-0.0.20131108.vaadin1.jar;D:\MavenRepository\maven_jar\org\springframework\spring-core\4.3.13.RELEASE\spring-core-4.3.13.RELEASE.jar;D:\MavenRepository\maven_jar\org\springframework\spring-test\4.3.13.RELEASE\spring-test-4.3.13.RELEASE.jar;D:\MavenRepository\maven_jar\mysql\mysql-connector-java\5.1.44\mysql-connector-java-5.1.44.jar;D:\MavenRepository\maven_jar\com\mchange\c3p0\0.9.5.2\c3p0-0.9.5.2.jar;D:\MavenRepository\maven_jar\com\mchange\mchange-commons-java\0.2.11\mchange-commons-java-0.2.11.jar;, java.specification.name=Java Platform API Specification, java.class.version=52.0, sun.management.compiler=HotSpot 64-Bit Tiered Compilers, maven.repo.local=D:\MavenRepository\maven_jar, idea.version2019.3.3=true, os.version=10.0, user.home=C:\Users\helida, user.timezone=Asia/Shanghai, java.awt.printerjob=sun.awt.windows.WPrinterJob, file.encoding=GBK, java.specification.version=1.8, java.class.path=C:\Users\helida\Desktop\demo-master\demo-master\target\test-classes;C:\Users\helida\Desktop\demo-master\demo-master\target\classes;D:\MavenRepository\maven_jar\org\mybatis\spring\boot\mybatis-spring-boot-starter\1.3.1\mybatis-spring-boot-starter-1.3.1.jar;D:\MavenRepository\maven_jar\org\springframework\boot\spring-boot-starter\1.5.9.RELEASE\spring-boot-starter-1.5.9.RELEASE.jar;D:\MavenRepository\maven_jar\org\springframework\boot\spring-boot\1.5.9.RELEASE\spring-boot-1.5.9.RELEASE.jar;D:\MavenRepository\maven_jar\org\springframework\boot\spring-boot-autoconfigure\1.5.9.RELEASE\spring-boot-autoconfigure-1.5.9.RELEASE.jar;D:\MavenRepository\maven_jar\org\springframework\boot\spring-boot-starter-logging\1.5.9.RELEASE\spring-boot-starter-logging-1.5.9.RELEASE.jar;D:\MavenRepository\maven_jar\ch\qos\logback\logback-classic\1.1.11\logback-classic-1.1.11.jar;D:\MavenRepository\maven_jar\ch\qos\logback\logback-core\1.1.11\logback-core-1.1.11.jar;D:\MavenRepository\maven_jar\org\slf4j\jcl-over-slf4j\1.7.25\jcl-over-slf4j-1.7.25.jar;D:\MavenRepository\maven_jar\org\slf4j\jul-to-slf4j\1.7.25\jul-to-slf4j-1.7.25.jar;D:\MavenRepository\maven_jar\org\slf4j\log4j-over-slf4j\1.7.25\log4j-over-slf4j-1.7.25.jar;D:\MavenRepository\maven_jar\org\yaml\snakeyaml\1.17\snakeyaml-1.17.jar;D:\MavenRepository\maven_jar\org\springframework\boot\spring-boot-starter-jdbc\1.5.9.RELEASE\spring-boot-starter-jdbc-1.5.9.RELEASE.jar;D:\MavenRepository\maven_jar\org\apache\tomcat\tomcat-jdbc\8.5.23\tomcat-jdbc-8.5.23.jar;D:\MavenRepository\maven_jar\org\apache\tomcat\tomcat-juli\8.5.23\tomcat-juli-8.5.23.jar;D:\MavenRepository\maven_jar\org\springframework\spring-jdbc\4.3.13.RELEASE\spring-jdbc-4.3.13.RELEASE.jar;D:\MavenRepository\maven_jar\org\springframework\spring-tx\4.3.13.RELEASE\spring-tx-4.3.13.RELEASE.jar;D:\MavenRepository\maven_jar\org\mybatis\spring\boot\mybatis-spring-boot-autoconfigure\1.3.1\mybatis-spring-boot-autoconfigure-1.3.1.jar;D:\MavenRepository\maven_jar\org\mybatis\mybatis\3.4.5\mybatis-3.4.5.jar;D:\MavenRepository\maven_jar\org\mybatis\mybatis-spring\1.3.1\mybatis-spring-1.3.1.jar;D:\MavenRepository\maven_jar\org\springframework\boot\spring-boot-starter-web\1.5.9.RELEASE\spring-boot-starter-web-1.5.9.RELEASE.jar;D:\MavenRepository\maven_jar\org\springframework\boot\spring-boot-starter-tomcat\1.5.9.RELEASE\spring-boot-starter-tomcat-1.5.9.RELEASE.jar;D:\MavenRepository\maven_jar\org\apache\tomcat\embed\tomcat-embed-core\8.5.23\tomcat-embed-core-8.5.23.jar;D:\MavenRepository\maven_jar\org\apache\tomcat\tomcat-annotations-api\8.5.23\tomcat-annotations-api-8.5.23.jar;D:\MavenRepository\maven_jar\org\apache\tomcat\embed\tomcat-embed-el\8.5.23\tomcat-embed-el-8.5.23.jar;D:\MavenRepository\maven_jar\org\apache\tomcat\embed\tomcat-embed-websocket\8.5.23\tomcat-embed-websocket-8.5.23.jar;D:\MavenRepository\maven_jar\org\hibernate\hibernate-validator\5.3.6.Final\hibernate-validator-5.3.6.Final.jar;D:\MavenRepository\maven_jar\javax\validation\validation-api\1.1.0.Final\validation-api-1.1.0.Final.jar;D:\MavenRepository\maven_jar\org\jboss\logging\jboss-logging\3.3.1.Final\jboss-logging-3.3.1.Final.jar;D:\MavenRepository\maven_jar\com\fasterxml\classmate\1.3.4\classmate-1.3.4.jar;D:\MavenRepository\maven_jar\com\fasterxml\jackson\core\jackson-databind\2.8.10\jackson-databind-2.8.10.jar;D:\MavenRepository\maven_jar\com\fasterxml\jackson\core\jackson-annotations\2.8.0\jackson-annotations-2.8.0.jar;D:\MavenRepository\maven_jar\com\fasterxml\jackson\core\jackson-core\2.8.10\jackson-core-2.8.10.jar;D:\MavenRepository\maven_jar\org\springframework\spring-web\4.3.13.RELEASE\spring-web-4.3.13.RELEASE.jar;D:\MavenRepository\maven_jar\org\springframework\spring-aop\4.3.13.RELEASE\spring-aop-4.3.13.RELEASE.jar;D:\MavenRepository\maven_jar\org\springframework\spring-beans\4.3.13.RELEASE\spring-beans-4.3.13.RELEASE.jar;D:\MavenRepository\maven_jar\org\springframework\spring-context\4.3.13.RELEASE\spring-context-4.3.13.RELEASE.jar;D:\MavenRepository\maven_jar\org\springframework\spring-webmvc\4.3.13.RELEASE\spring-webmvc-4.3.13.RELEASE.jar;D:\MavenRepository\maven_jar\org\springframework\spring-expression\4.3.13.RELEASE\spring-expression-4.3.13.RELEASE.jar;D:\MavenRepository\maven_jar\org\springframework\boot\spring-boot-starter-test\1.5.9.RELEASE\spring-boot-starter-test-1.5.9.RELEASE.jar;D:\MavenRepository\maven_jar\org\springframework\boot\spring-boot-test\1.5.9.RELEASE\spring-boot-test-1.5.9.RELEASE.jar;D:\MavenRepository\maven_jar\org\springframework\boot\spring-boot-test-autoconfigure\1.5.9.RELEASE\spring-boot-test-autoconfigure-1.5.9.RELEASE.jar;D:\MavenRepository\maven_jar\com\jayway\jsonpath\json-path\2.2.0\json-path-2.2.0.jar;D:\MavenRepository\maven_jar\net\minidev\json-smart\2.2.1\json-smart-2.2.1.jar;D:\MavenRepository\maven_jar\net\minidev\accessors-smart\1.1\accessors-smart-1.1.jar;D:\MavenRepository\maven_jar\org\ow2\asm\asm\5.0.3\asm-5.0.3.jar;D:\MavenRepository\maven_jar\org\slf4j\slf4j-api\1.7.25\slf4j-api-1.7.25.jar;D:\MavenRepository\maven_jar\junit\junit\4.12\junit-4.12.jar;D:\MavenRepository\maven_jar\org\assertj\assertj-core\2.6.0\assertj-core-2.6.0.jar;D:\MavenRepository\maven_jar\org\mockito\mockito-core\1.10.19\mockito-core-1.10.19.jar;D:\MavenRepository\maven_jar\org\objenesis\objenesis\2.1\objenesis-2.1.jar;D:\MavenRepository\maven_jar\org\hamcrest\hamcrest-core\1.3\hamcrest-core-1.3.jar;D:\MavenRepository\maven_jar\org\hamcrest\hamcrest-library\1.3\hamcrest-library-1.3.jar;D:\MavenRepository\maven_jar\org\skyscreamer\jsonassert\1.4.0\jsonassert-1.4.0.jar;D:\MavenRepository\maven_jar\com\vaadin\external\google\android-json\0.0.20131108.vaadin1\android-json-0.0.20131108.vaadin1.jar;D:\MavenRepository\maven_jar\org\springframework\spring-core\4.3.13.RELEASE\spring-core-4.3.13.RELEASE.jar;D:\MavenRepository\maven_jar\org\springframework\spring-test\4.3.13.RELEASE\spring-test-4.3.13.RELEASE.jar;D:\MavenRepository\maven_jar\mysql\mysql-connector-java\5.1.44\mysql-connector-java-5.1.44.jar;D:\MavenRepository\maven_jar\com\mchange\c3p0\0.9.5.2\c3p0-0.9.5.2.jar;D:\MavenRepository\maven_jar\com\mchange\mchange-commons-java\0.2.11\mchange-commons-java-0.2.11.jar;, user.name=helida, java.vm.specification.version=1.8, sun.java.command=C:\Users\helida\Desktop\demo-master\demo-master\target\surefire\surefirebooter3886525606674243095.jar C:\Users\helida\Desktop\demo-master\demo-master\target\surefire\surefire5416476586162273600tmp C:\Users\helida\Desktop\demo-master\demo-master\target\surefire\surefire_07097527779140708058tmp, java.home=C:\Program Files\Java\jdk1.8.0_201\jre, sun.arch.data.model=64, user.language=zh, java.specification.vendor=Oracle Corporation, awt.toolkit=sun.awt.windows.WToolkit, java.vm.info=mixed mode, java.version=1.8.0_201, java.ext.dirs=C:\Program Files\Java\jdk1.8.0_201\jre\lib\ext;C:\WINDOWS\Sun\Java\lib\ext, sun.boot.class.path=C:\Program Files\Java\jdk1.8.0_201\jre\lib\resources.jar;C:\Program Files\Java\jdk1.8.0_201\jre\lib\rt.jar;C:\Program Files\Java\jdk1.8.0_201\jre\lib\sunrsasign.jar;C:\Program Files\Java\jdk1.8.0_201\jre\lib\jsse.jar;C:\Program Files\Java\jdk1.8.0_201\jre\lib\jce.jar;C:\Program Files\Java\jdk1.8.0_201\jre\lib\charsets.jar;C:\Program Files\Java\jdk1.8.0_201\jre\lib\jfr.jar;C:\Program Files\Java\jdk1.8.0_201\jre\classes, java.vendor=Oracle Corporation, localRepository=D:\MavenRepository\maven_jar, file.separator=\, java.vendor.url.bug=http://bugreport.sun.com/bugreport/, sun.io.unicode.encoding=UnicodeLittle, sun.cpu.endian=little, sun.desktop=windows, sun.cpu.isalist=amd64}}, SystemEnvironmentPropertySource@1660794022 {name='systemEnvironment', properties={PATH=D:\VMware\VMware Workstation\bin\;C:\Program Files (x86)\Common Files\Oracle\Java\javapath;C:\Program Files (x86)\Common Files\Intel\Shared Libraries\redist\intel64_win\compiler;C:\Program Files (x86)\Common Files\Intel\Shared Files\cpp\bin\Intel64;C:\Windows\system32;C:\Windows;C:\Windows\System32\Wbem;C:\Windows\System32\WindowsPowerShell\v1.0\;C:\Windows\System32\OpenSSH\;C:\Users\helida\AppData\Local\Microsoft\WindowsApps;d:\paperless-demo\java\jdk1.8\bin;d:\paperless-demo\java\jdk1.8\jre\bin;d:\paperless-demo\MySql-5.7\bin;C:\Users\helida\AppData\Local\Programs\Microsoft VS Code\bin;C:\paperless-demo\java\jdk1.8\bin;C:\paperless-demo\java\jdk1.8\jre\bin;C:\paperless-demo\MySql-5.7\bin;C:\WINDOWS\system32;C:\WINDOWS;C:\WINDOWS\System32\Wbem;C:\WINDOWS\System32\WindowsPowerShell\v1.0\;C:\WINDOWS\System32\OpenSSH\;C:\Program Files (x86)\HP\IdrsOCR_15.2.10.1114\;D:\Program Files\nodejs\;D:\Java\bin;D:\Java\jre\bin;D:\Git\cmd;D:\apache-maven-3.8.1\bin;D:\IntelliJ IDEA 2019.3.3\bin;C:\Users\helida\AppData\Roaming\npm;D:\paperless-demo\java\jdk1.8\bin;D:\paperless-demo\java\jdk1.8\jre\bin;D:\paperless-demo\MySql-5.7\bin;D:\jsshell-win64;C:\Program Files\Go\bin;%DevEco Studio%;D:\WebStorm 2021.2.2\bin;C:\Users\helida\go\bin;D:\JetBrains\GoLand 2021.2.4\bin, USERDOMAIN_ROAMINGPROFILE=DESKTOP-V9P35VJ, PROCESSOR_LEVEL=6, SYSTEMDRIVE=C:, ALLUSERSPROFILE=C:\ProgramData, INTEL_DEV_REDIST=C:\Program Files (x86)\Common Files\Intel\Shared Libraries\, PROCESSOR_ARCHITECTURE=AMD64, MIC_LD_LIBRARY_PATH=C:\Program Files (x86)\Common Files\Intel\Shared Libraries\compiler\lib\intel64_win_mic, __COMPAT_LAYER=RunAsAdmin, DRIVERDATA=C:\Windows\System32\Drivers\DriverData, MAVEN_HOME=D:\apache-maven-3.8.1, PROGRAMFILES=C:\Program Files, PSMODULEPATH=C:\Program Files\WindowsPowerShell\Modules;C:\WINDOWS\system32\WindowsPowerShell\v1.0\Modules, PROGRAMDATA=C:\ProgramData, USERNAME=helida, ONEDRIVE=C:\Users\helida\OneDrive, PATHEXT=.COM;.EXE;.BAT;.CMD;.VBS;.VBE;.JS;.JSE;.WSF;.WSH;.MSC, GOPATH=C:\Users\helida\go, TMPDIR=C:\Users\Public\Documents\Wondershare\CreatorTemp, WINDIR=C:\WINDOWS, HOMEPATH=\Users\helida, PROCESSOR_IDENTIFIER=Intel64 Family 6 Model 94 Stepping 3, GenuineIntel, PUBLIC=C:\Users\Public, C_EM64T_REDIST11=C:\Program Files (x86)\Common Files\Intel\Shared Files\cpp\, LOCALAPPDATA=C:\Users\helida\AppData\Local, COMMONPROGRAMFILES(X86)=C:\Program Files (x86)\Common Files, USERDOMAIN=DESKTOP-V9P35VJ, LOGONSERVER=\\DESKTOP-V9P35VJ, JAVA_HOME=D:\paperless-demo\java\jdk1.8, PROMPT=$P$G, PROGRAMFILES(X86)=C:\Program Files (x86), INTELLIJ IDEA=D:\IntelliJ IDEA 2019.3.3\bin;, =C:=C:\Users\helida\Desktop\demo-master\demo-master, APPDATA=C:\Users\helida\AppData\Roaming, PROGRAMW6432=C:\Program Files, SYSTEMROOT=C:\WINDOWS, OS=Windows_NT, COMMONPROGRAMW6432=C:\Program Files\Common Files, COMPUTERNAME=DESKTOP-V9P35VJ, COMMONPROGRAMFILES=C:\Program Files\Common Files, COMSPEC=C:\WINDOWS\system32\cmd.exe, CATALINA_HOME=D:\paperless-demo\tomcat8.5, PROCESSOR_REVISION=5e03, CLASSPATH=D:\paperless-demo\java\jdk1.8\lib\tools.jar;D:\paperless-demo\java\jdk1.8\lib\dt.jar;., TEMP=C:\Users\helida\AppData\Local\Temp, HOMEDRIVE=C:, USERPROFILE=C:\Users\helida, TMP=C:\Users\helida\AppData\Local\Temp, GOLAND=D:\JetBrains\GoLand 2021.2.4\bin;, WEBSTORM=D:\WebStorm 2021.2.2\bin;, NUMBER_OF_PROCESSORS=4, IDEA_INITIAL_DIRECTORY=C:\Users\helida\Desktop}}]
10:34:58.239 [main] DEBUG org.springframework.core.io.support.PathMatchingResourcePatternResolver - Resolved classpath location [com/imooc/demo/] to resources [URL [file:/C:/Users/helida/Desktop/demo-master/demo-master/target/test-classes/com/imooc/demo/], URL [file:/C:/Users/helida/Desktop/demo-master/demo-master/target/classes/com/imooc/demo/]]
10:34:58.239 [main] DEBUG org.springframework.core.io.support.PathMatchingResourcePatternResolver - Looking for matching resources in directory tree [C:\Users\helida\Desktop\demo-master\demo-master\target\test-classes\com\imooc\demo]
10:34:58.239 [main] DEBUG org.springframework.core.io.support.PathMatchingResourcePatternResolver - Searching directory [C:\Users\helida\Desktop\demo-master\demo-master\target\test-classes\com\imooc\demo] for files matching pattern [C:/Users/helida/Desktop/demo-master/demo-master/target/test-classes/com/imooc/demo/*.class]
10:34:58.241 [main] DEBUG org.springframework.core.io.support.PathMatchingResourcePatternResolver - Looking for matching resources in directory tree [C:\Users\helida\Desktop\demo-master\demo-master\target\classes\com\imooc\demo]
10:34:58.241 [main] DEBUG org.springframework.core.io.support.PathMatchingResourcePatternResolver - Searching directory [C:\Users\helida\Desktop\demo-master\demo-master\target\classes\com\imooc\demo] for files matching pattern [C:/Users/helida/Desktop/demo-master/demo-master/target/classes/com/imooc/demo/*.class]
10:34:58.242 [main] DEBUG org.springframework.core.io.support.PathMatchingResourcePatternResolver - Resolved location pattern [classpath*:com/imooc/demo/*.class] to resources [file [C:\Users\helida\Desktop\demo-master\demo-master\target\test-classes\com\imooc\demo\DemoApplicationTests.class], file [C:\Users\helida\Desktop\demo-master\demo-master\target\classes\com\imooc\demo\DemoApplication.class], file [C:\Users\helida\Desktop\demo-master\demo-master\target\classes\com\imooc\demo\Hello.class]]
10:34:58.244 [main] DEBUG org.springframework.context.annotation.ClassPathScanningCandidateComponentProvider - Identified candidate component class: file [C:\Users\helida\Desktop\demo-master\demo-master\target\classes\com\imooc\demo\DemoApplication.class]
10:34:58.245 [main] INFO org.springframework.boot.test.context.SpringBootTestContextBootstrapper - Found @SpringBootConfiguration com.imooc.demo.DemoApplication for test class com.imooc.demo.DemoApplicationTests
10:34:58.247 [main] DEBUG org.springframework.boot.test.context.SpringBootTestContextBootstrapper - @TestExecutionListeners is not present for class [com.imooc.demo.DemoApplicationTests]: using defaults.
10:34:58.249 [main] INFO org.springframework.boot.test.context.SpringBootTestContextBootstrapper - Loaded default TestExecutionListener class names from location [META-INF/spring.factories]: [org.springframework.boot.test.mock.mockito.MockitoTestExecutionListener, org.springframework.boot.test.mock.mockito.ResetMocksTestExecutionListener, org.springframework.boot.test.autoconfigure.restdocs.RestDocsTestExecutionListener, org.springframework.boot.test.autoconfigure.web.client.MockRestServiceServerResetTestExecutionListener, org.springframework.boot.test.autoconfigure.web.servlet.MockMvcPrintOnlyOnFailureTestExecutionListener, org.springframework.boot.test.autoconfigure.web.servlet.WebDriverTestExecutionListener, org.springframework.test.context.web.ServletTestExecutionListener, org.springframework.test.context.support.DirtiesContextBeforeModesTestExecutionListener, org.springframework.test.context.support.DependencyInjectionTestExecutionListener, org.springframework.test.context.support.DirtiesContextTestExecutionListener, org.springframework.test.context.transaction.TransactionalTestExecutionListener, org.springframework.test.context.jdbc.SqlScriptsTestExecutionListener]
10:34:58.253 [main] INFO org.springframework.boot.test.context.SpringBootTestContextBootstrapper - Using TestExecutionListeners: [org.springframework.test.context.web.ServletTestExecutionListener@646be2c3, org.springframework.test.context.support.DirtiesContextBeforeModesTestExecutionListener@797badd3, org.springframework.boot.test.autoconfigure.SpringBootDependencyInjectionTestExecutionListener@77be656f, org.springframework.test.context.support.DirtiesContextTestExecutionListener@19dc67c2, org.springframework.test.context.transaction.TransactionalTestExecutionListener@221af3c0, org.springframework.test.context.jdbc.SqlScriptsTestExecutionListener@62bd765, org.springframework.boot.test.autoconfigure.web.servlet.MockMvcPrintOnlyOnFailureTestExecutionListener@23a5fd2, org.springframework.boot.test.autoconfigure.restdocs.RestDocsTestExecutionListener@78a2da20, org.springframework.boot.test.autoconfigure.web.client.MockRestServiceServerResetTestExecutionListener@dd3b207, org.springframework.boot.test.mock.mockito.MockitoTestExecutionListener@551bdc27, org.springframework.boot.test.autoconfigure.web.servlet.WebDriverTestExecutionListener@58fdd99, org.springframework.boot.test.mock.mockito.ResetMocksTestExecutionListener@6b1274d2]
10:34:58.256 [main] DEBUG org.springframework.test.annotation.ProfileValueUtils - Retrieved @ProfileValueSourceConfiguration [null] for test class [com.imooc.demo.dao.AreaDaoTest]
10:34:58.257 [main] DEBUG org.springframework.test.annotation.ProfileValueUtils - Retrieved ProfileValueSource type [class org.springframework.test.annotation.SystemProfileValueSource] for class [com.imooc.demo.dao.AreaDaoTest]
10:34:58.258 [main] DEBUG org.springframework.test.annotation.ProfileValueUtils - Retrieved @ProfileValueSourceConfiguration [null] for test class [com.imooc.demo.DemoApplicationTests]
10:34:58.258 [main] DEBUG org.springframework.test.annotation.ProfileValueUtils - Retrieved ProfileValueSource type [class org.springframework.test.annotation.SystemProfileValueSource] for class [com.imooc.demo.DemoApplicationTests]
10:34:58.261 [main] DEBUG org.springframework.test.context.junit4.SpringJUnit4ClassRunner - SpringJUnit4ClassRunner constructor called with [class com.imooc.demo.dao.AreaDaoTest]
10:34:58.261 [main] DEBUG org.springframework.test.context.BootstrapUtils - Instantiating CacheAwareContextLoaderDelegate from class [org.springframework.test.context.cache.DefaultCacheAwareContextLoaderDelegate]
10:34:58.261 [main] DEBUG org.springframework.test.context.BootstrapUtils - Instantiating BootstrapContext using constructor [public org.springframework.test.context.support.DefaultBootstrapContext(java.lang.Class,org.springframework.test.context.CacheAwareContextLoaderDelegate)]
10:34:58.261 [main] DEBUG org.springframework.test.context.BootstrapUtils - Instantiating TestContextBootstrapper for test class [com.imooc.demo.dao.AreaDaoTest] from class [org.springframework.boot.test.context.SpringBootTestContextBootstrapper]
10:34:58.262 [main] INFO org.springframework.boot.test.context.SpringBootTestContextBootstrapper - Neither @ContextConfiguration nor @ContextHierarchy found for test class [com.imooc.demo.dao.AreaDaoTest], using SpringBootContextLoader
10:34:58.263 [main] DEBUG org.springframework.test.context.support.AbstractContextLoader - Did not detect default resource location for test class [com.imooc.demo.dao.AreaDaoTest]: class path resource [com/imooc/demo/dao/AreaDaoTest-context.xml] does not exist
10:34:58.264 [main] DEBUG org.springframework.test.context.support.AbstractContextLoader - Did not detect default resource location for test class [com.imooc.demo.dao.AreaDaoTest]: class path resource [com/imooc/demo/dao/AreaDaoTestContext.groovy] does not exist
10:34:58.264 [main] INFO org.springframework.test.context.support.AbstractContextLoader - Could not detect default resource locations for test class [com.imooc.demo.dao.AreaDaoTest]: no resource found for suffixes {-context.xml, Context.groovy}.
10:34:58.264 [main] INFO org.springframework.test.context.support.AnnotationConfigContextLoaderUtils - Could not detect default configuration classes for test class [com.imooc.demo.dao.AreaDaoTest]: AreaDaoTest does not declare any static, non-private, non-final, nested classes annotated with @Configuration.
10:34:58.269 [main] DEBUG org.springframework.test.context.support.ActiveProfilesUtils - Could not find an 'annotation declaring class' for annotation type [org.springframework.test.context.ActiveProfiles] and class [com.imooc.demo.dao.AreaDaoTest]
10:34:58.270 [main] DEBUG org.springframework.core.env.StandardEnvironment - Adding PropertySource 'systemProperties' with lowest search precedence
10:34:58.270 [main] DEBUG org.springframework.core.env.StandardEnvironment - Adding PropertySource 'systemEnvironment' with lowest search precedence
10:34:58.271 [main] DEBUG org.springframework.core.env.StandardEnvironment - Initialized StandardEnvironment with PropertySources [MapPropertySource@158453976 {name='systemProperties', properties={java.runtime.name=Java(TM) SE Runtime Environment, sun.boot.library.path=C:\Program Files\Java\jdk1.8.0_201\jre\bin, java.vm.version=25.201-b09, java.vm.vendor=Oracle Corporation, java.vendor.url=http://java.oracle.com/, path.separator=;, java.vm.name=Java HotSpot(TM) 64-Bit Server VM, file.encoding.pkg=sun.io, user.country=CN, user.script=, sun.java.launcher=SUN_STANDARD, sun.os.patch.level=, java.vm.specification.name=Java Virtual Machine Specification, user.dir=C:\Users\helida\Desktop\demo-master\demo-master, java.runtime.version=1.8.0_201-b09, basedir=C:\Users\helida\Desktop\demo-master\demo-master, java.awt.graphicsenv=sun.awt.Win32GraphicsEnvironment, java.endorsed.dirs=C:\Program Files\Java\jdk1.8.0_201\jre\lib\endorsed, os.arch=amd64, surefire.real.class.path=C:\Users\helida\Desktop\demo-master\demo-master\target\surefire\surefirebooter3886525606674243095.jar, java.io.tmpdir=C:\Users\helida\AppData\Local\Temp\, line.separator=
, java.vm.specification.vendor=Oracle Corporation, user.variant=, os.name=Windows 10, sun.jnu.encoding=GBK, java.library.path=C:\Program Files\Java\jdk1.8.0_201\jre\bin;C:\WINDOWS\Sun\Java\bin;C:\WINDOWS\system32;C:\WINDOWS;D:\VMware\VMware Workstation\bin\;C:\Program Files (x86)\Common Files\Oracle\Java\javapath;C:\Program Files (x86)\Common Files\Intel\Shared Libraries\redist\intel64_win\compiler;C:\Program Files (x86)\Common Files\Intel\Shared Files\cpp\bin\Intel64;C:\Windows\system32;C:\Windows;C:\Windows\System32\Wbem;C:\Windows\System32\WindowsPowerShell\v1.0\;C:\Windows\System32\OpenSSH\;C:\Users\helida\AppData\Local\Microsoft\WindowsApps;d:\paperless-demo\java\jdk1.8\bin;d:\paperless-demo\java\jdk1.8\jre\bin;d:\paperless-demo\MySql-5.7\bin;C:\Users\helida\AppData\Local\Programs\Microsoft VS Code\bin;C:\paperless-demo\java\jdk1.8\bin;C:\paperless-demo\java\jdk1.8\jre\bin;C:\paperless-demo\MySql-5.7\bin;C:\WINDOWS\system32;C:\WINDOWS;C:\WINDOWS\System32\Wbem;C:\WINDOWS\System32\WindowsPowerShell\v1.0\;C:\WINDOWS\System32\OpenSSH\;C:\Program Files (x86)\HP\IdrsOCR_15.2.10.1114\;D:\Program Files\nodejs\;D:\Java\bin;D:\Java\jre\bin;D:\Git\cmd;D:\apache-maven-3.8.1\bin;D:\IntelliJ IDEA 2019.3.3\bin;C:\Users\helida\AppData\Roaming\npm;D:\paperless-demo\java\jdk1.8\bin;D:\paperless-demo\java\jdk1.8\jre\bin;D:\paperless-demo\MySql-5.7\bin;D:\jsshell-win64;C:\Program Files\Go\bin;%DevEco Studio%;D:\WebStorm 2021.2.2\bin;C:\Users\helida\go\bin;D:\JetBrains\GoLand 2021.2.4\bin;., surefire.test.class.path=C:\Users\helida\Desktop\demo-master\demo-master\target\test-classes;C:\Users\helida\Desktop\demo-master\demo-master\target\classes;D:\MavenRepository\maven_jar\org\mybatis\spring\boot\mybatis-spring-boot-starter\1.3.1\mybatis-spring-boot-starter-1.3.1.jar;D:\MavenRepository\maven_jar\org\springframework\boot\spring-boot-starter\1.5.9.RELEASE\spring-boot-starter-1.5.9.RELEASE.jar;D:\MavenRepository\maven_jar\org\springframework\boot\spring-boot\1.5.9.RELEASE\spring-boot-1.5.9.RELEASE.jar;D:\MavenRepository\maven_jar\org\springframework\boot\spring-boot-autoconfigure\1.5.9.RELEASE\spring-boot-autoconfigure-1.5.9.RELEASE.jar;D:\MavenRepository\maven_jar\org\springframework\boot\spring-boot-starter-logging\1.5.9.RELEASE\spring-boot-starter-logging-1.5.9.RELEASE.jar;D:\MavenRepository\maven_jar\ch\qos\logback\logback-classic\1.1.11\logback-classic-1.1.11.jar;D:\MavenRepository\maven_jar\ch\qos\logback\logback-core\1.1.11\logback-core-1.1.11.jar;D:\MavenRepository\maven_jar\org\slf4j\jcl-over-slf4j\1.7.25\jcl-over-slf4j-1.7.25.jar;D:\MavenRepository\maven_jar\org\slf4j\jul-to-slf4j\1.7.25\jul-to-slf4j-1.7.25.jar;D:\MavenRepository\maven_jar\org\slf4j\log4j-over-slf4j\1.7.25\log4j-over-slf4j-1.7.25.jar;D:\MavenRepository\maven_jar\org\yaml\snakeyaml\1.17\snakeyaml-1.17.jar;D:\MavenRepository\maven_jar\org\springframework\boot\spring-boot-starter-jdbc\1.5.9.RELEASE\spring-boot-starter-jdbc-1.5.9.RELEASE.jar;D:\MavenRepository\maven_jar\org\apache\tomcat\tomcat-jdbc\8.5.23\tomcat-jdbc-8.5.23.jar;D:\MavenRepository\maven_jar\org\apache\tomcat\tomcat-juli\8.5.23\tomcat-juli-8.5.23.jar;D:\MavenRepository\maven_jar\org\springframework\spring-jdbc\4.3.13.RELEASE\spring-jdbc-4.3.13.RELEASE.jar;D:\MavenRepository\maven_jar\org\springframework\spring-tx\4.3.13.RELEASE\spring-tx-4.3.13.RELEASE.jar;D:\MavenRepository\maven_jar\org\mybatis\spring\boot\mybatis-spring-boot-autoconfigure\1.3.1\mybatis-spring-boot-autoconfigure-1.3.1.jar;D:\MavenRepository\maven_jar\org\mybatis\mybatis\3.4.5\mybatis-3.4.5.jar;D:\MavenRepository\maven_jar\org\mybatis\mybatis-spring\1.3.1\mybatis-spring-1.3.1.jar;D:\MavenRepository\maven_jar\org\springframework\boot\spring-boot-starter-web\1.5.9.RELEASE\spring-boot-starter-web-1.5.9.RELEASE.jar;D:\MavenRepository\maven_jar\org\springframework\boot\spring-boot-starter-tomcat\1.5.9.RELEASE\spring-boot-starter-tomcat-1.5.9.RELEASE.jar;D:\MavenRepository\maven_jar\org\apache\tomcat\embed\tomcat-embed-core\8.5.23\tomcat-embed-core-8.5.23.jar;D:\MavenRepository\maven_jar\org\apache\tomcat\tomcat-annotations-api\8.5.23\tomcat-annotations-api-8.5.23.jar;D:\MavenRepository\maven_jar\org\apache\tomcat\embed\tomcat-embed-el\8.5.23\tomcat-embed-el-8.5.23.jar;D:\MavenRepository\maven_jar\org\apache\tomcat\embed\tomcat-embed-websocket\8.5.23\tomcat-embed-websocket-8.5.23.jar;D:\MavenRepository\maven_jar\org\hibernate\hibernate-validator\5.3.6.Final\hibernate-validator-5.3.6.Final.jar;D:\MavenRepository\maven_jar\javax\validation\validation-api\1.1.0.Final\validation-api-1.1.0.Final.jar;D:\MavenRepository\maven_jar\org\jboss\logging\jboss-logging\3.3.1.Final\jboss-logging-3.3.1.Final.jar;D:\MavenRepository\maven_jar\com\fasterxml\classmate\1.3.4\classmate-1.3.4.jar;D:\MavenRepository\maven_jar\com\fasterxml\jackson\core\jackson-databind\2.8.10\jackson-databind-2.8.10.jar;D:\MavenRepository\maven_jar\com\fasterxml\jackson\core\jackson-annotations\2.8.0\jackson-annotations-2.8.0.jar;D:\MavenRepository\maven_jar\com\fasterxml\jackson\core\jackson-core\2.8.10\jackson-core-2.8.10.jar;D:\MavenRepository\maven_jar\org\springframework\spring-web\4.3.13.RELEASE\spring-web-4.3.13.RELEASE.jar;D:\MavenRepository\maven_jar\org\springframework\spring-aop\4.3.13.RELEASE\spring-aop-4.3.13.RELEASE.jar;D:\MavenRepository\maven_jar\org\springframework\spring-beans\4.3.13.RELEASE\spring-beans-4.3.13.RELEASE.jar;D:\MavenRepository\maven_jar\org\springframework\spring-context\4.3.13.RELEASE\spring-context-4.3.13.RELEASE.jar;D:\MavenRepository\maven_jar\org\springframework\spring-webmvc\4.3.13.RELEASE\spring-webmvc-4.3.13.RELEASE.jar;D:\MavenRepository\maven_jar\org\springframework\spring-expression\4.3.13.RELEASE\spring-expression-4.3.13.RELEASE.jar;D:\MavenRepository\maven_jar\org\springframework\boot\spring-boot-starter-test\1.5.9.RELEASE\spring-boot-starter-test-1.5.9.RELEASE.jar;D:\MavenRepository\maven_jar\org\springframework\boot\spring-boot-test\1.5.9.RELEASE\spring-boot-test-1.5.9.RELEASE.jar;D:\MavenRepository\maven_jar\org\springframework\boot\spring-boot-test-autoconfigure\1.5.9.RELEASE\spring-boot-test-autoconfigure-1.5.9.RELEASE.jar;D:\MavenRepository\maven_jar\com\jayway\jsonpath\json-path\2.2.0\json-path-2.2.0.jar;D:\MavenRepository\maven_jar\net\minidev\json-smart\2.2.1\json-smart-2.2.1.jar;D:\MavenRepository\maven_jar\net\minidev\accessors-smart\1.1\accessors-smart-1.1.jar;D:\MavenRepository\maven_jar\org\ow2\asm\asm\5.0.3\asm-5.0.3.jar;D:\MavenRepository\maven_jar\org\slf4j\slf4j-api\1.7.25\slf4j-api-1.7.25.jar;D:\MavenRepository\maven_jar\junit\junit\4.12\junit-4.12.jar;D:\MavenRepository\maven_jar\org\assertj\assertj-core\2.6.0\assertj-core-2.6.0.jar;D:\MavenRepository\maven_jar\org\mockito\mockito-core\1.10.19\mockito-core-1.10.19.jar;D:\MavenRepository\maven_jar\org\objenesis\objenesis\2.1\objenesis-2.1.jar;D:\MavenRepository\maven_jar\org\hamcrest\hamcrest-core\1.3\hamcrest-core-1.3.jar;D:\MavenRepository\maven_jar\org\hamcrest\hamcrest-library\1.3\hamcrest-library-1.3.jar;D:\MavenRepository\maven_jar\org\skyscreamer\jsonassert\1.4.0\jsonassert-1.4.0.jar;D:\MavenRepository\maven_jar\com\vaadin\external\google\android-json\0.0.20131108.vaadin1\android-json-0.0.20131108.vaadin1.jar;D:\MavenRepository\maven_jar\org\springframework\spring-core\4.3.13.RELEASE\spring-core-4.3.13.RELEASE.jar;D:\MavenRepository\maven_jar\org\springframework\spring-test\4.3.13.RELEASE\spring-test-4.3.13.RELEASE.jar;D:\MavenRepository\maven_jar\mysql\mysql-connector-java\5.1.44\mysql-connector-java-5.1.44.jar;D:\MavenRepository\maven_jar\com\mchange\c3p0\0.9.5.2\c3p0-0.9.5.2.jar;D:\MavenRepository\maven_jar\com\mchange\mchange-commons-java\0.2.11\mchange-commons-java-0.2.11.jar;, java.specification.name=Java Platform API Specification, java.class.version=52.0, sun.management.compiler=HotSpot 64-Bit Tiered Compilers, maven.repo.local=D:\MavenRepository\maven_jar, idea.version2019.3.3=true, os.version=10.0, user.home=C:\Users\helida, user.timezone=Asia/Shanghai, java.awt.printerjob=sun.awt.windows.WPrinterJob, file.encoding=GBK, java.specification.version=1.8, java.class.path=C:\Users\helida\Desktop\demo-master\demo-master\target\test-classes;C:\Users\helida\Desktop\demo-master\demo-master\target\classes;D:\MavenRepository\maven_jar\org\mybatis\spring\boot\mybatis-spring-boot-starter\1.3.1\mybatis-spring-boot-starter-1.3.1.jar;D:\MavenRepository\maven_jar\org\springframework\boot\spring-boot-starter\1.5.9.RELEASE\spring-boot-starter-1.5.9.RELEASE.jar;D:\MavenRepository\maven_jar\org\springframework\boot\spring-boot\1.5.9.RELEASE\spring-boot-1.5.9.RELEASE.jar;D:\MavenRepository\maven_jar\org\springframework\boot\spring-boot-autoconfigure\1.5.9.RELEASE\spring-boot-autoconfigure-1.5.9.RELEASE.jar;D:\MavenRepository\maven_jar\org\springframework\boot\spring-boot-starter-logging\1.5.9.RELEASE\spring-boot-starter-logging-1.5.9.RELEASE.jar;D:\MavenRepository\maven_jar\ch\qos\logback\logback-classic\1.1.11\logback-classic-1.1.11.jar;D:\MavenRepository\maven_jar\ch\qos\logback\logback-core\1.1.11\logback-core-1.1.11.jar;D:\MavenRepository\maven_jar\org\slf4j\jcl-over-slf4j\1.7.25\jcl-over-slf4j-1.7.25.jar;D:\MavenRepository\maven_jar\org\slf4j\jul-to-slf4j\1.7.25\jul-to-slf4j-1.7.25.jar;D:\MavenRepository\maven_jar\org\slf4j\log4j-over-slf4j\1.7.25\log4j-over-slf4j-1.7.25.jar;D:\MavenRepository\maven_jar\org\yaml\snakeyaml\1.17\snakeyaml-1.17.jar;D:\MavenRepository\maven_jar\org\springframework\boot\spring-boot-starter-jdbc\1.5.9.RELEASE\spring-boot-starter-jdbc-1.5.9.RELEASE.jar;D:\MavenRepository\maven_jar\org\apache\tomcat\tomcat-jdbc\8.5.23\tomcat-jdbc-8.5.23.jar;D:\MavenRepository\maven_jar\org\apache\tomcat\tomcat-juli\8.5.23\tomcat-juli-8.5.23.jar;D:\MavenRepository\maven_jar\org\springframework\spring-jdbc\4.3.13.RELEASE\spring-jdbc-4.3.13.RELEASE.jar;D:\MavenRepository\maven_jar\org\springframework\spring-tx\4.3.13.RELEASE\spring-tx-4.3.13.RELEASE.jar;D:\MavenRepository\maven_jar\org\mybatis\spring\boot\mybatis-spring-boot-autoconfigure\1.3.1\mybatis-spring-boot-autoconfigure-1.3.1.jar;D:\MavenRepository\maven_jar\org\mybatis\mybatis\3.4.5\mybatis-3.4.5.jar;D:\MavenRepository\maven_jar\org\mybatis\mybatis-spring\1.3.1\mybatis-spring-1.3.1.jar;D:\MavenRepository\maven_jar\org\springframework\boot\spring-boot-starter-web\1.5.9.RELEASE\spring-boot-starter-web-1.5.9.RELEASE.jar;D:\MavenRepository\maven_jar\org\springframework\boot\spring-boot-starter-tomcat\1.5.9.RELEASE\spring-boot-starter-tomcat-1.5.9.RELEASE.jar;D:\MavenRepository\maven_jar\org\apache\tomcat\embed\tomcat-embed-core\8.5.23\tomcat-embed-core-8.5.23.jar;D:\MavenRepository\maven_jar\org\apache\tomcat\tomcat-annotations-api\8.5.23\tomcat-annotations-api-8.5.23.jar;D:\MavenRepository\maven_jar\org\apache\tomcat\embed\tomcat-embed-el\8.5.23\tomcat-embed-el-8.5.23.jar;D:\MavenRepository\maven_jar\org\apache\tomcat\embed\tomcat-embed-websocket\8.5.23\tomcat-embed-websocket-8.5.23.jar;D:\MavenRepository\maven_jar\org\hibernate\hibernate-validator\5.3.6.Final\hibernate-validator-5.3.6.Final.jar;D:\MavenRepository\maven_jar\javax\validation\validation-api\1.1.0.Final\validation-api-1.1.0.Final.jar;D:\MavenRepository\maven_jar\org\jboss\logging\jboss-logging\3.3.1.Final\jboss-logging-3.3.1.Final.jar;D:\MavenRepository\maven_jar\com\fasterxml\classmate\1.3.4\classmate-1.3.4.jar;D:\MavenRepository\maven_jar\com\fasterxml\jackson\core\jackson-databind\2.8.10\jackson-databind-2.8.10.jar;D:\MavenRepository\maven_jar\com\fasterxml\jackson\core\jackson-annotations\2.8.0\jackson-annotations-2.8.0.jar;D:\MavenRepository\maven_jar\com\fasterxml\jackson\core\jackson-core\2.8.10\jackson-core-2.8.10.jar;D:\MavenRepository\maven_jar\org\springframework\spring-web\4.3.13.RELEASE\spring-web-4.3.13.RELEASE.jar;D:\MavenRepository\maven_jar\org\springframework\spring-aop\4.3.13.RELEASE\spring-aop-4.3.13.RELEASE.jar;D:\MavenRepository\maven_jar\org\springframework\spring-beans\4.3.13.RELEASE\spring-beans-4.3.13.RELEASE.jar;D:\MavenRepository\maven_jar\org\springframework\spring-context\4.3.13.RELEASE\spring-context-4.3.13.RELEASE.jar;D:\MavenRepository\maven_jar\org\springframework\spring-webmvc\4.3.13.RELEASE\spring-webmvc-4.3.13.RELEASE.jar;D:\MavenRepository\maven_jar\org\springframework\spring-expression\4.3.13.RELEASE\spring-expression-4.3.13.RELEASE.jar;D:\MavenRepository\maven_jar\org\springframework\boot\spring-boot-starter-test\1.5.9.RELEASE\spring-boot-starter-test-1.5.9.RELEASE.jar;D:\MavenRepository\maven_jar\org\springframework\boot\spring-boot-test\1.5.9.RELEASE\spring-boot-test-1.5.9.RELEASE.jar;D:\MavenRepository\maven_jar\org\springframework\boot\spring-boot-test-autoconfigure\1.5.9.RELEASE\spring-boot-test-autoconfigure-1.5.9.RELEASE.jar;D:\MavenRepository\maven_jar\com\jayway\jsonpath\json-path\2.2.0\json-path-2.2.0.jar;D:\MavenRepository\maven_jar\net\minidev\json-smart\2.2.1\json-smart-2.2.1.jar;D:\MavenRepository\maven_jar\net\minidev\accessors-smart\1.1\accessors-smart-1.1.jar;D:\MavenRepository\maven_jar\org\ow2\asm\asm\5.0.3\asm-5.0.3.jar;D:\MavenRepository\maven_jar\org\slf4j\slf4j-api\1.7.25\slf4j-api-1.7.25.jar;D:\MavenRepository\maven_jar\junit\junit\4.12\junit-4.12.jar;D:\MavenRepository\maven_jar\org\assertj\assertj-core\2.6.0\assertj-core-2.6.0.jar;D:\MavenRepository\maven_jar\org\mockito\mockito-core\1.10.19\mockito-core-1.10.19.jar;D:\MavenRepository\maven_jar\org\objenesis\objenesis\2.1\objenesis-2.1.jar;D:\MavenRepository\maven_jar\org\hamcrest\hamcrest-core\1.3\hamcrest-core-1.3.jar;D:\MavenRepository\maven_jar\org\hamcrest\hamcrest-library\1.3\hamcrest-library-1.3.jar;D:\MavenRepository\maven_jar\org\skyscreamer\jsonassert\1.4.0\jsonassert-1.4.0.jar;D:\MavenRepository\maven_jar\com\vaadin\external\google\android-json\0.0.20131108.vaadin1\android-json-0.0.20131108.vaadin1.jar;D:\MavenRepository\maven_jar\org\springframework\spring-core\4.3.13.RELEASE\spring-core-4.3.13.RELEASE.jar;D:\MavenRepository\maven_jar\org\springframework\spring-test\4.3.13.RELEASE\spring-test-4.3.13.RELEASE.jar;D:\MavenRepository\maven_jar\mysql\mysql-connector-java\5.1.44\mysql-connector-java-5.1.44.jar;D:\MavenRepository\maven_jar\com\mchange\c3p0\0.9.5.2\c3p0-0.9.5.2.jar;D:\MavenRepository\maven_jar\com\mchange\mchange-commons-java\0.2.11\mchange-commons-java-0.2.11.jar;, user.name=helida, java.vm.specification.version=1.8, sun.java.command=C:\Users\helida\Desktop\demo-master\demo-master\target\surefire\surefirebooter3886525606674243095.jar C:\Users\helida\Desktop\demo-master\demo-master\target\surefire\surefire5416476586162273600tmp C:\Users\helida\Desktop\demo-master\demo-master\target\surefire\surefire_07097527779140708058tmp, java.home=C:\Program Files\Java\jdk1.8.0_201\jre, sun.arch.data.model=64, user.language=zh, java.specification.vendor=Oracle Corporation, awt.toolkit=sun.awt.windows.WToolkit, java.vm.info=mixed mode, java.version=1.8.0_201, java.ext.dirs=C:\Program Files\Java\jdk1.8.0_201\jre\lib\ext;C:\WINDOWS\Sun\Java\lib\ext, sun.boot.class.path=C:\Program Files\Java\jdk1.8.0_201\jre\lib\resources.jar;C:\Program Files\Java\jdk1.8.0_201\jre\lib\rt.jar;C:\Program Files\Java\jdk1.8.0_201\jre\lib\sunrsasign.jar;C:\Program Files\Java\jdk1.8.0_201\jre\lib\jsse.jar;C:\Program Files\Java\jdk1.8.0_201\jre\lib\jce.jar;C:\Program Files\Java\jdk1.8.0_201\jre\lib\charsets.jar;C:\Program Files\Java\jdk1.8.0_201\jre\lib\jfr.jar;C:\Program Files\Java\jdk1.8.0_201\jre\classes, java.vendor=Oracle Corporation, localRepository=D:\MavenRepository\maven_jar, file.separator=\, java.vendor.url.bug=http://bugreport.sun.com/bugreport/, sun.io.unicode.encoding=UnicodeLittle, sun.cpu.endian=little, sun.desktop=windows, sun.cpu.isalist=amd64}}, SystemEnvironmentPropertySource@1368594774 {name='systemEnvironment', properties={PATH=D:\VMware\VMware Workstation\bin\;C:\Program Files (x86)\Common Files\Oracle\Java\javapath;C:\Program Files (x86)\Common Files\Intel\Shared Libraries\redist\intel64_win\compiler;C:\Program Files (x86)\Common Files\Intel\Shared Files\cpp\bin\Intel64;C:\Windows\system32;C:\Windows;C:\Windows\System32\Wbem;C:\Windows\System32\WindowsPowerShell\v1.0\;C:\Windows\System32\OpenSSH\;C:\Users\helida\AppData\Local\Microsoft\WindowsApps;d:\paperless-demo\java\jdk1.8\bin;d:\paperless-demo\java\jdk1.8\jre\bin;d:\paperless-demo\MySql-5.7\bin;C:\Users\helida\AppData\Local\Programs\Microsoft VS Code\bin;C:\paperless-demo\java\jdk1.8\bin;C:\paperless-demo\java\jdk1.8\jre\bin;C:\paperless-demo\MySql-5.7\bin;C:\WINDOWS\system32;C:\WINDOWS;C:\WINDOWS\System32\Wbem;C:\WINDOWS\System32\WindowsPowerShell\v1.0\;C:\WINDOWS\System32\OpenSSH\;C:\Program Files (x86)\HP\IdrsOCR_15.2.10.1114\;D:\Program Files\nodejs\;D:\Java\bin;D:\Java\jre\bin;D:\Git\cmd;D:\apache-maven-3.8.1\bin;D:\IntelliJ IDEA 2019.3.3\bin;C:\Users\helida\AppData\Roaming\npm;D:\paperless-demo\java\jdk1.8\bin;D:\paperless-demo\java\jdk1.8\jre\bin;D:\paperless-demo\MySql-5.7\bin;D:\jsshell-win64;C:\Program Files\Go\bin;%DevEco Studio%;D:\WebStorm 2021.2.2\bin;C:\Users\helida\go\bin;D:\JetBrains\GoLand 2021.2.4\bin, USERDOMAIN_ROAMINGPROFILE=DESKTOP-V9P35VJ, PROCESSOR_LEVEL=6, SYSTEMDRIVE=C:, ALLUSERSPROFILE=C:\ProgramData, INTEL_DEV_REDIST=C:\Program Files (x86)\Common Files\Intel\Shared Libraries\, PROCESSOR_ARCHITECTURE=AMD64, MIC_LD_LIBRARY_PATH=C:\Program Files (x86)\Common Files\Intel\Shared Libraries\compiler\lib\intel64_win_mic, __COMPAT_LAYER=RunAsAdmin, DRIVERDATA=C:\Windows\System32\Drivers\DriverData, MAVEN_HOME=D:\apache-maven-3.8.1, PROGRAMFILES=C:\Program Files, PSMODULEPATH=C:\Program Files\WindowsPowerShell\Modules;C:\WINDOWS\system32\WindowsPowerShell\v1.0\Modules, PROGRAMDATA=C:\ProgramData, USERNAME=helida, ONEDRIVE=C:\Users\helida\OneDrive, PATHEXT=.COM;.EXE;.BAT;.CMD;.VBS;.VBE;.JS;.JSE;.WSF;.WSH;.MSC, GOPATH=C:\Users\helida\go, TMPDIR=C:\Users\Public\Documents\Wondershare\CreatorTemp, WINDIR=C:\WINDOWS, HOMEPATH=\Users\helida, PROCESSOR_IDENTIFIER=Intel64 Family 6 Model 94 Stepping 3, GenuineIntel, PUBLIC=C:\Users\Public, C_EM64T_REDIST11=C:\Program Files (x86)\Common Files\Intel\Shared Files\cpp\, LOCALAPPDATA=C:\Users\helida\AppData\Local, COMMONPROGRAMFILES(X86)=C:\Program Files (x86)\Common Files, USERDOMAIN=DESKTOP-V9P35VJ, LOGONSERVER=\\DESKTOP-V9P35VJ, JAVA_HOME=D:\paperless-demo\java\jdk1.8, PROMPT=$P$G, PROGRAMFILES(X86)=C:\Program Files (x86), INTELLIJ IDEA=D:\IntelliJ IDEA 2019.3.3\bin;, =C:=C:\Users\helida\Desktop\demo-master\demo-master, APPDATA=C:\Users\helida\AppData\Roaming, PROGRAMW6432=C:\Program Files, SYSTEMROOT=C:\WINDOWS, OS=Windows_NT, COMMONPROGRAMW6432=C:\Program Files\Common Files, COMPUTERNAME=DESKTOP-V9P35VJ, COMMONPROGRAMFILES=C:\Program Files\Common Files, COMSPEC=C:\WINDOWS\system32\cmd.exe, CATALINA_HOME=D:\paperless-demo\tomcat8.5, PROCESSOR_REVISION=5e03, CLASSPATH=D:\paperless-demo\java\jdk1.8\lib\tools.jar;D:\paperless-demo\java\jdk1.8\lib\dt.jar;., TEMP=C:\Users\helida\AppData\Local\Temp, HOMEDRIVE=C:, USERPROFILE=C:\Users\helida, TMP=C:\Users\helida\AppData\Local\Temp, GOLAND=D:\JetBrains\GoLand 2021.2.4\bin;, WEBSTORM=D:\WebStorm 2021.2.2\bin;, NUMBER_OF_PROCESSORS=4, IDEA_INITIAL_DIRECTORY=C:\Users\helida\Desktop}}]
10:34:58.273 [main] INFO org.springframework.boot.test.context.SpringBootTestContextBootstrapper - Found @SpringBootConfiguration com.imooc.demo.DemoApplication for test class com.imooc.demo.dao.AreaDaoTest
10:34:58.274 [main] DEBUG org.springframework.boot.test.context.SpringBootTestContextBootstrapper - @TestExecutionListeners is not present for class [com.imooc.demo.dao.AreaDaoTest]: using defaults.
10:34:58.276 [main] INFO org.springframework.boot.test.context.SpringBootTestContextBootstrapper - Loaded default TestExecutionListener class names from location [META-INF/spring.factories]: [org.springframework.boot.test.mock.mockito.MockitoTestExecutionListener, org.springframework.boot.test.mock.mockito.ResetMocksTestExecutionListener, org.springframework.boot.test.autoconfigure.restdocs.RestDocsTestExecutionListener, org.springframework.boot.test.autoconfigure.web.client.MockRestServiceServerResetTestExecutionListener, org.springframework.boot.test.autoconfigure.web.servlet.MockMvcPrintOnlyOnFailureTestExecutionListener, org.springframework.boot.test.autoconfigure.web.servlet.WebDriverTestExecutionListener, org.springframework.test.context.web.ServletTestExecutionListener, org.springframework.test.context.support.DirtiesContextBeforeModesTestExecutionListener, org.springframework.test.context.support.DependencyInjectionTestExecutionListener, org.springframework.test.context.support.DirtiesContextTestExecutionListener, org.springframework.test.context.transaction.TransactionalTestExecutionListener, org.springframework.test.context.jdbc.SqlScriptsTestExecutionListener]
10:34:58.279 [main] INFO org.springframework.boot.test.context.SpringBootTestContextBootstrapper - Using TestExecutionListeners: [org.springframework.test.context.web.ServletTestExecutionListener@75f9eccc, org.springframework.test.context.support.DirtiesContextBeforeModesTestExecutionListener@52aa2946, org.springframework.boot.test.autoconfigure.SpringBootDependencyInjectionTestExecutionListener@4de5031f, org.springframework.test.context.support.DirtiesContextTestExecutionListener@67e2d983, org.springframework.test.context.transaction.TransactionalTestExecutionListener@5d47c63f, org.springframework.test.context.jdbc.SqlScriptsTestExecutionListener@5ea434c8, org.springframework.boot.test.autoconfigure.web.servlet.MockMvcPrintOnlyOnFailureTestExecutionListener@3bbc39f8, org.springframework.boot.test.autoconfigure.restdocs.RestDocsTestExecutionListener@4ae3c1cd, org.springframework.boot.test.autoconfigure.web.client.MockRestServiceServerResetTestExecutionListener@29f69090, org.springframework.boot.test.mock.mockito.MockitoTestExecutionListener@568bf312, org.springframework.boot.test.autoconfigure.web.servlet.WebDriverTestExecutionListener@ca263c2, org.springframework.boot.test.mock.mockito.ResetMocksTestExecutionListener@589b3632]
10:34:58.279 [main] DEBUG org.springframework.test.annotation.ProfileValueUtils - Retrieved @ProfileValueSourceConfiguration [null] for test class [com.imooc.demo.dao.AreaDaoTest]
10:34:58.280 [main] DEBUG org.springframework.test.annotation.ProfileValueUtils - Retrieved ProfileValueSource type [class org.springframework.test.annotation.SystemProfileValueSource] for class [com.imooc.demo.dao.AreaDaoTest]
10:34:58.281 [main] DEBUG org.springframework.test.annotation.ProfileValueUtils - Retrieved @ProfileValueSourceConfiguration [null] for test class [com.imooc.demo.dao.AreaDaoTest]
10:34:58.281 [main] DEBUG org.springframework.test.annotation.ProfileValueUtils - Retrieved ProfileValueSource type [class org.springframework.test.annotation.SystemProfileValueSource] for class [com.imooc.demo.dao.AreaDaoTest]
10:34:58.287 [main] DEBUG org.springframework.test.context.support.AbstractDirtiesContextTestExecutionListener - Before test class: context [DefaultTestContext@25b485ba testClass = AreaDaoTest, testInstance = [null], testMethod = [null], testException = [null], mergedContextConfiguration = [WebMergedContextConfiguration@2b546384 testClass = AreaDaoTest, locations = '{}', classes = '{class com.imooc.demo.DemoApplication}', contextInitializerClasses = '[]', activeProfiles = '{}', propertySourceLocations = '{}', propertySourceProperties = '{org.springframework.boot.test.context.SpringBootTestContextBootstrapper=true}', contextCustomizers = set[org.springframework.boot.test.context.SpringBootTestContextCustomizer@31dc339b, org.springframework.boot.test.context.filter.ExcludeFilterContextCustomizer@71318ec4, org.springframework.boot.test.json.DuplicateJsonObjectContextCustomizerFactory$DuplicateJsonObjectContextCustomizer@3327bd23, org.springframework.boot.test.mock.mockito.MockitoContextCustomizer@0, org.springframework.boot.test.autoconfigure.properties.PropertyMappingContextCustomizer@0, org.springframework.boot.test.autoconfigure.web.servlet.WebDriverContextCustomizerFactory$Customizer@7d907bac], resourceBasePath = 'src/main/webapp', contextLoader = 'org.springframework.boot.test.context.SpringBootContextLoader', parent = [null]]], class annotated with @DirtiesContext [false] with mode [null].
10:34:58.288 [main] DEBUG org.springframework.test.annotation.ProfileValueUtils - Retrieved @ProfileValueSourceConfiguration [null] for test class [com.imooc.demo.dao.AreaDaoTest]
10:34:58.288 [main] DEBUG org.springframework.test.annotation.ProfileValueUtils - Retrieved ProfileValueSource type [class org.springframework.test.annotation.SystemProfileValueSource] for class [com.imooc.demo.dao.AreaDaoTest]
10:34:58.343 [main] DEBUG org.springframework.core.env.StandardEnvironment - Adding PropertySource 'systemProperties' with lowest search precedence
10:34:58.343 [main] DEBUG org.springframework.core.env.StandardEnvironment - Adding PropertySource 'systemEnvironment' with lowest search precedence
10:34:58.343 [main] DEBUG org.springframework.core.env.StandardEnvironment - Initialized StandardEnvironment with PropertySources [MapPropertySource@893192050 {name='systemProperties', properties={java.runtime.name=Java(TM) SE Runtime Environment, sun.boot.library.path=C:\Program Files\Java\jdk1.8.0_201\jre\bin, java.vm.version=25.201-b09, java.vm.vendor=Oracle Corporation, java.vendor.url=http://java.oracle.com/, path.separator=;, java.vm.name=Java HotSpot(TM) 64-Bit Server VM, file.encoding.pkg=sun.io, user.country=CN, user.script=, sun.java.launcher=SUN_STANDARD, sun.os.patch.level=, java.vm.specification.name=Java Virtual Machine Specification, user.dir=C:\Users\helida\Desktop\demo-master\demo-master, java.runtime.version=1.8.0_201-b09, basedir=C:\Users\helida\Desktop\demo-master\demo-master, java.awt.graphicsenv=sun.awt.Win32GraphicsEnvironment, java.endorsed.dirs=C:\Program Files\Java\jdk1.8.0_201\jre\lib\endorsed, os.arch=amd64, surefire.real.class.path=C:\Users\helida\Desktop\demo-master\demo-master\target\surefire\surefirebooter3886525606674243095.jar, java.io.tmpdir=C:\Users\helida\AppData\Local\Temp\, line.separator=
, java.vm.specification.vendor=Oracle Corporation, user.variant=, os.name=Windows 10, sun.jnu.encoding=GBK, java.library.path=C:\Program Files\Java\jdk1.8.0_201\jre\bin;C:\WINDOWS\Sun\Java\bin;C:\WINDOWS\system32;C:\WINDOWS;D:\VMware\VMware Workstation\bin\;C:\Program Files (x86)\Common Files\Oracle\Java\javapath;C:\Program Files (x86)\Common Files\Intel\Shared Libraries\redist\intel64_win\compiler;C:\Program Files (x86)\Common Files\Intel\Shared Files\cpp\bin\Intel64;C:\Windows\system32;C:\Windows;C:\Windows\System32\Wbem;C:\Windows\System32\WindowsPowerShell\v1.0\;C:\Windows\System32\OpenSSH\;C:\Users\helida\AppData\Local\Microsoft\WindowsApps;d:\paperless-demo\java\jdk1.8\bin;d:\paperless-demo\java\jdk1.8\jre\bin;d:\paperless-demo\MySql-5.7\bin;C:\Users\helida\AppData\Local\Programs\Microsoft VS Code\bin;C:\paperless-demo\java\jdk1.8\bin;C:\paperless-demo\java\jdk1.8\jre\bin;C:\paperless-demo\MySql-5.7\bin;C:\WINDOWS\system32;C:\WINDOWS;C:\WINDOWS\System32\Wbem;C:\WINDOWS\System32\WindowsPowerShell\v1.0\;C:\WINDOWS\System32\OpenSSH\;C:\Program Files (x86)\HP\IdrsOCR_15.2.10.1114\;D:\Program Files\nodejs\;D:\Java\bin;D:\Java\jre\bin;D:\Git\cmd;D:\apache-maven-3.8.1\bin;D:\IntelliJ IDEA 2019.3.3\bin;C:\Users\helida\AppData\Roaming\npm;D:\paperless-demo\java\jdk1.8\bin;D:\paperless-demo\java\jdk1.8\jre\bin;D:\paperless-demo\MySql-5.7\bin;D:\jsshell-win64;C:\Program Files\Go\bin;%DevEco Studio%;D:\WebStorm 2021.2.2\bin;C:\Users\helida\go\bin;D:\JetBrains\GoLand 2021.2.4\bin;., surefire.test.class.path=C:\Users\helida\Desktop\demo-master\demo-master\target\test-classes;C:\Users\helida\Desktop\demo-master\demo-master\target\classes;D:\MavenRepository\maven_jar\org\mybatis\spring\boot\mybatis-spring-boot-starter\1.3.1\mybatis-spring-boot-starter-1.3.1.jar;D:\MavenRepository\maven_jar\org\springframework\boot\spring-boot-starter\1.5.9.RELEASE\spring-boot-starter-1.5.9.RELEASE.jar;D:\MavenRepository\maven_jar\org\springframework\boot\spring-boot\1.5.9.RELEASE\spring-boot-1.5.9.RELEASE.jar;D:\MavenRepository\maven_jar\org\springframework\boot\spring-boot-autoconfigure\1.5.9.RELEASE\spring-boot-autoconfigure-1.5.9.RELEASE.jar;D:\MavenRepository\maven_jar\org\springframework\boot\spring-boot-starter-logging\1.5.9.RELEASE\spring-boot-starter-logging-1.5.9.RELEASE.jar;D:\MavenRepository\maven_jar\ch\qos\logback\logback-classic\1.1.11\logback-classic-1.1.11.jar;D:\MavenRepository\maven_jar\ch\qos\logback\logback-core\1.1.11\logback-core-1.1.11.jar;D:\MavenRepository\maven_jar\org\slf4j\jcl-over-slf4j\1.7.25\jcl-over-slf4j-1.7.25.jar;D:\MavenRepository\maven_jar\org\slf4j\jul-to-slf4j\1.7.25\jul-to-slf4j-1.7.25.jar;D:\MavenRepository\maven_jar\org\slf4j\log4j-over-slf4j\1.7.25\log4j-over-slf4j-1.7.25.jar;D:\MavenRepository\maven_jar\org\yaml\snakeyaml\1.17\snakeyaml-1.17.jar;D:\MavenRepository\maven_jar\org\springframework\boot\spring-boot-starter-jdbc\1.5.9.RELEASE\spring-boot-starter-jdbc-1.5.9.RELEASE.jar;D:\MavenRepository\maven_jar\org\apache\tomcat\tomcat-jdbc\8.5.23\tomcat-jdbc-8.5.23.jar;D:\MavenRepository\maven_jar\org\apache\tomcat\tomcat-juli\8.5.23\tomcat-juli-8.5.23.jar;D:\MavenRepository\maven_jar\org\springframework\spring-jdbc\4.3.13.RELEASE\spring-jdbc-4.3.13.RELEASE.jar;D:\MavenRepository\maven_jar\org\springframework\spring-tx\4.3.13.RELEASE\spring-tx-4.3.13.RELEASE.jar;D:\MavenRepository\maven_jar\org\mybatis\spring\boot\mybatis-spring-boot-autoconfigure\1.3.1\mybatis-spring-boot-autoconfigure-1.3.1.jar;D:\MavenRepository\maven_jar\org\mybatis\mybatis\3.4.5\mybatis-3.4.5.jar;D:\MavenRepository\maven_jar\org\mybatis\mybatis-spring\1.3.1\mybatis-spring-1.3.1.jar;D:\MavenRepository\maven_jar\org\springframework\boot\spring-boot-starter-web\1.5.9.RELEASE\spring-boot-starter-web-1.5.9.RELEASE.jar;D:\MavenRepository\maven_jar\org\springframework\boot\spring-boot-starter-tomcat\1.5.9.RELEASE\spring-boot-starter-tomcat-1.5.9.RELEASE.jar;D:\MavenRepository\maven_jar\org\apache\tomcat\embed\tomcat-embed-core\8.5.23\tomcat-embed-core-8.5.23.jar;D:\MavenRepository\maven_jar\org\apache\tomcat\tomcat-annotations-api\8.5.23\tomcat-annotations-api-8.5.23.jar;D:\MavenRepository\maven_jar\org\apache\tomcat\embed\tomcat-embed-el\8.5.23\tomcat-embed-el-8.5.23.jar;D:\MavenRepository\maven_jar\org\apache\tomcat\embed\tomcat-embed-websocket\8.5.23\tomcat-embed-websocket-8.5.23.jar;D:\MavenRepository\maven_jar\org\hibernate\hibernate-validator\5.3.6.Final\hibernate-validator-5.3.6.Final.jar;D:\MavenRepository\maven_jar\javax\validation\validation-api\1.1.0.Final\validation-api-1.1.0.Final.jar;D:\MavenRepository\maven_jar\org\jboss\logging\jboss-logging\3.3.1.Final\jboss-logging-3.3.1.Final.jar;D:\MavenRepository\maven_jar\com\fasterxml\classmate\1.3.4\classmate-1.3.4.jar;D:\MavenRepository\maven_jar\com\fasterxml\jackson\core\jackson-databind\2.8.10\jackson-databind-2.8.10.jar;D:\MavenRepository\maven_jar\com\fasterxml\jackson\core\jackson-annotations\2.8.0\jackson-annotations-2.8.0.jar;D:\MavenRepository\maven_jar\com\fasterxml\jackson\core\jackson-core\2.8.10\jackson-core-2.8.10.jar;D:\MavenRepository\maven_jar\org\springframework\spring-web\4.3.13.RELEASE\spring-web-4.3.13.RELEASE.jar;D:\MavenRepository\maven_jar\org\springframework\spring-aop\4.3.13.RELEASE\spring-aop-4.3.13.RELEASE.jar;D:\MavenRepository\maven_jar\org\springframework\spring-beans\4.3.13.RELEASE\spring-beans-4.3.13.RELEASE.jar;D:\MavenRepository\maven_jar\org\springframework\spring-context\4.3.13.RELEASE\spring-context-4.3.13.RELEASE.jar;D:\MavenRepository\maven_jar\org\springframework\spring-webmvc\4.3.13.RELEASE\spring-webmvc-4.3.13.RELEASE.jar;D:\MavenRepository\maven_jar\org\springframework\spring-expression\4.3.13.RELEASE\spring-expression-4.3.13.RELEASE.jar;D:\MavenRepository\maven_jar\org\springframework\boot\spring-boot-starter-test\1.5.9.RELEASE\spring-boot-starter-test-1.5.9.RELEASE.jar;D:\MavenRepository\maven_jar\org\springframework\boot\spring-boot-test\1.5.9.RELEASE\spring-boot-test-1.5.9.RELEASE.jar;D:\MavenRepository\maven_jar\org\springframework\boot\spring-boot-test-autoconfigure\1.5.9.RELEASE\spring-boot-test-autoconfigure-1.5.9.RELEASE.jar;D:\MavenRepository\maven_jar\com\jayway\jsonpath\json-path\2.2.0\json-path-2.2.0.jar;D:\MavenRepository\maven_jar\net\minidev\json-smart\2.2.1\json-smart-2.2.1.jar;D:\MavenRepository\maven_jar\net\minidev\accessors-smart\1.1\accessors-smart-1.1.jar;D:\MavenRepository\maven_jar\org\ow2\asm\asm\5.0.3\asm-5.0.3.jar;D:\MavenRepository\maven_jar\org\slf4j\slf4j-api\1.7.25\slf4j-api-1.7.25.jar;D:\MavenRepository\maven_jar\junit\junit\4.12\junit-4.12.jar;D:\MavenRepository\maven_jar\org\assertj\assertj-core\2.6.0\assertj-core-2.6.0.jar;D:\MavenRepository\maven_jar\org\mockito\mockito-core\1.10.19\mockito-core-1.10.19.jar;D:\MavenRepository\maven_jar\org\objenesis\objenesis\2.1\objenesis-2.1.jar;D:\MavenRepository\maven_jar\org\hamcrest\hamcrest-core\1.3\hamcrest-core-1.3.jar;D:\MavenRepository\maven_jar\org\hamcrest\hamcrest-library\1.3\hamcrest-library-1.3.jar;D:\MavenRepository\maven_jar\org\skyscreamer\jsonassert\1.4.0\jsonassert-1.4.0.jar;D:\MavenRepository\maven_jar\com\vaadin\external\google\android-json\0.0.20131108.vaadin1\android-json-0.0.20131108.vaadin1.jar;D:\MavenRepository\maven_jar\org\springframework\spring-core\4.3.13.RELEASE\spring-core-4.3.13.RELEASE.jar;D:\MavenRepository\maven_jar\org\springframework\spring-test\4.3.13.RELEASE\spring-test-4.3.13.RELEASE.jar;D:\MavenRepository\maven_jar\mysql\mysql-connector-java\5.1.44\mysql-connector-java-5.1.44.jar;D:\MavenRepository\maven_jar\com\mchange\c3p0\0.9.5.2\c3p0-0.9.5.2.jar;D:\MavenRepository\maven_jar\com\mchange\mchange-commons-java\0.2.11\mchange-commons-java-0.2.11.jar;, java.specification.name=Java Platform API Specification, java.class.version=52.0, sun.management.compiler=HotSpot 64-Bit Tiered Compilers, maven.repo.local=D:\MavenRepository\maven_jar, idea.version2019.3.3=true, os.version=10.0, user.home=C:\Users\helida, user.timezone=Asia/Shanghai, java.awt.printerjob=sun.awt.windows.WPrinterJob, file.encoding=GBK, java.specification.version=1.8, java.class.path=C:\Users\helida\Desktop\demo-master\demo-master\target\test-classes;C:\Users\helida\Desktop\demo-master\demo-master\target\classes;D:\MavenRepository\maven_jar\org\mybatis\spring\boot\mybatis-spring-boot-starter\1.3.1\mybatis-spring-boot-starter-1.3.1.jar;D:\MavenRepository\maven_jar\org\springframework\boot\spring-boot-starter\1.5.9.RELEASE\spring-boot-starter-1.5.9.RELEASE.jar;D:\MavenRepository\maven_jar\org\springframework\boot\spring-boot\1.5.9.RELEASE\spring-boot-1.5.9.RELEASE.jar;D:\MavenRepository\maven_jar\org\springframework\boot\spring-boot-autoconfigure\1.5.9.RELEASE\spring-boot-autoconfigure-1.5.9.RELEASE.jar;D:\MavenRepository\maven_jar\org\springframework\boot\spring-boot-starter-logging\1.5.9.RELEASE\spring-boot-starter-logging-1.5.9.RELEASE.jar;D:\MavenRepository\maven_jar\ch\qos\logback\logback-classic\1.1.11\logback-classic-1.1.11.jar;D:\MavenRepository\maven_jar\ch\qos\logback\logback-core\1.1.11\logback-core-1.1.11.jar;D:\MavenRepository\maven_jar\org\slf4j\jcl-over-slf4j\1.7.25\jcl-over-slf4j-1.7.25.jar;D:\MavenRepository\maven_jar\org\slf4j\jul-to-slf4j\1.7.25\jul-to-slf4j-1.7.25.jar;D:\MavenRepository\maven_jar\org\slf4j\log4j-over-slf4j\1.7.25\log4j-over-slf4j-1.7.25.jar;D:\MavenRepository\maven_jar\org\yaml\snakeyaml\1.17\snakeyaml-1.17.jar;D:\MavenRepository\maven_jar\org\springframework\boot\spring-boot-starter-jdbc\1.5.9.RELEASE\spring-boot-starter-jdbc-1.5.9.RELEASE.jar;D:\MavenRepository\maven_jar\org\apache\tomcat\tomcat-jdbc\8.5.23\tomcat-jdbc-8.5.23.jar;D:\MavenRepository\maven_jar\org\apache\tomcat\tomcat-juli\8.5.23\tomcat-juli-8.5.23.jar;D:\MavenRepository\maven_jar\org\springframework\spring-jdbc\4.3.13.RELEASE\spring-jdbc-4.3.13.RELEASE.jar;D:\MavenRepository\maven_jar\org\springframework\spring-tx\4.3.13.RELEASE\spring-tx-4.3.13.RELEASE.jar;D:\MavenRepository\maven_jar\org\mybatis\spring\boot\mybatis-spring-boot-autoconfigure\1.3.1\mybatis-spring-boot-autoconfigure-1.3.1.jar;D:\MavenRepository\maven_jar\org\mybatis\mybatis\3.4.5\mybatis-3.4.5.jar;D:\MavenRepository\maven_jar\org\mybatis\mybatis-spring\1.3.1\mybatis-spring-1.3.1.jar;D:\MavenRepository\maven_jar\org\springframework\boot\spring-boot-starter-web\1.5.9.RELEASE\spring-boot-starter-web-1.5.9.RELEASE.jar;D:\MavenRepository\maven_jar\org\springframework\boot\spring-boot-starter-tomcat\1.5.9.RELEASE\spring-boot-starter-tomcat-1.5.9.RELEASE.jar;D:\MavenRepository\maven_jar\org\apache\tomcat\embed\tomcat-embed-core\8.5.23\tomcat-embed-core-8.5.23.jar;D:\MavenRepository\maven_jar\org\apache\tomcat\tomcat-annotations-api\8.5.23\tomcat-annotations-api-8.5.23.jar;D:\MavenRepository\maven_jar\org\apache\tomcat\embed\tomcat-embed-el\8.5.23\tomcat-embed-el-8.5.23.jar;D:\MavenRepository\maven_jar\org\apache\tomcat\embed\tomcat-embed-websocket\8.5.23\tomcat-embed-websocket-8.5.23.jar;D:\MavenRepository\maven_jar\org\hibernate\hibernate-validator\5.3.6.Final\hibernate-validator-5.3.6.Final.jar;D:\MavenRepository\maven_jar\javax\validation\validation-api\1.1.0.Final\validation-api-1.1.0.Final.jar;D:\MavenRepository\maven_jar\org\jboss\logging\jboss-logging\3.3.1.Final\jboss-logging-3.3.1.Final.jar;D:\MavenRepository\maven_jar\com\fasterxml\classmate\1.3.4\classmate-1.3.4.jar;D:\MavenRepository\maven_jar\com\fasterxml\jackson\core\jackson-databind\2.8.10\jackson-databind-2.8.10.jar;D:\MavenRepository\maven_jar\com\fasterxml\jackson\core\jackson-annotations\2.8.0\jackson-annotations-2.8.0.jar;D:\MavenRepository\maven_jar\com\fasterxml\jackson\core\jackson-core\2.8.10\jackson-core-2.8.10.jar;D:\MavenRepository\maven_jar\org\springframework\spring-web\4.3.13.RELEASE\spring-web-4.3.13.RELEASE.jar;D:\MavenRepository\maven_jar\org\springframework\spring-aop\4.3.13.RELEASE\spring-aop-4.3.13.RELEASE.jar;D:\MavenRepository\maven_jar\org\springframework\spring-beans\4.3.13.RELEASE\spring-beans-4.3.13.RELEASE.jar;D:\MavenRepository\maven_jar\org\springframework\spring-context\4.3.13.RELEASE\spring-context-4.3.13.RELEASE.jar;D:\MavenRepository\maven_jar\org\springframework\spring-webmvc\4.3.13.RELEASE\spring-webmvc-4.3.13.RELEASE.jar;D:\MavenRepository\maven_jar\org\springframework\spring-expression\4.3.13.RELEASE\spring-expression-4.3.13.RELEASE.jar;D:\MavenRepository\maven_jar\org\springframework\boot\spring-boot-starter-test\1.5.9.RELEASE\spring-boot-starter-test-1.5.9.RELEASE.jar;D:\MavenRepository\maven_jar\org\springframework\boot\spring-boot-test\1.5.9.RELEASE\spring-boot-test-1.5.9.RELEASE.jar;D:\MavenRepository\maven_jar\org\springframework\boot\spring-boot-test-autoconfigure\1.5.9.RELEASE\spring-boot-test-autoconfigure-1.5.9.RELEASE.jar;D:\MavenRepository\maven_jar\com\jayway\jsonpath\json-path\2.2.0\json-path-2.2.0.jar;D:\MavenRepository\maven_jar\net\minidev\json-smart\2.2.1\json-smart-2.2.1.jar;D:\MavenRepository\maven_jar\net\minidev\accessors-smart\1.1\accessors-smart-1.1.jar;D:\MavenRepository\maven_jar\org\ow2\asm\asm\5.0.3\asm-5.0.3.jar;D:\MavenRepository\maven_jar\org\slf4j\slf4j-api\1.7.25\slf4j-api-1.7.25.jar;D:\MavenRepository\maven_jar\junit\junit\4.12\junit-4.12.jar;D:\MavenRepository\maven_jar\org\assertj\assertj-core\2.6.0\assertj-core-2.6.0.jar;D:\MavenRepository\maven_jar\org\mockito\mockito-core\1.10.19\mockito-core-1.10.19.jar;D:\MavenRepository\maven_jar\org\objenesis\objenesis\2.1\objenesis-2.1.jar;D:\MavenRepository\maven_jar\org\hamcrest\hamcrest-core\1.3\hamcrest-core-1.3.jar;D:\MavenRepository\maven_jar\org\hamcrest\hamcrest-library\1.3\hamcrest-library-1.3.jar;D:\MavenRepository\maven_jar\org\skyscreamer\jsonassert\1.4.0\jsonassert-1.4.0.jar;D:\MavenRepository\maven_jar\com\vaadin\external\google\android-json\0.0.20131108.vaadin1\android-json-0.0.20131108.vaadin1.jar;D:\MavenRepository\maven_jar\org\springframework\spring-core\4.3.13.RELEASE\spring-core-4.3.13.RELEASE.jar;D:\MavenRepository\maven_jar\org\springframework\spring-test\4.3.13.RELEASE\spring-test-4.3.13.RELEASE.jar;D:\MavenRepository\maven_jar\mysql\mysql-connector-java\5.1.44\mysql-connector-java-5.1.44.jar;D:\MavenRepository\maven_jar\com\mchange\c3p0\0.9.5.2\c3p0-0.9.5.2.jar;D:\MavenRepository\maven_jar\com\mchange\mchange-commons-java\0.2.11\mchange-commons-java-0.2.11.jar;, user.name=helida, java.vm.specification.version=1.8, sun.java.command=C:\Users\helida\Desktop\demo-master\demo-master\target\surefire\surefirebooter3886525606674243095.jar C:\Users\helida\Desktop\demo-master\demo-master\target\surefire\surefire5416476586162273600tmp C:\Users\helida\Desktop\demo-master\demo-master\target\surefire\surefire_07097527779140708058tmp, java.home=C:\Program Files\Java\jdk1.8.0_201\jre, sun.arch.data.model=64, user.language=zh, java.specification.vendor=Oracle Corporation, awt.toolkit=sun.awt.windows.WToolkit, java.vm.info=mixed mode, java.version=1.8.0_201, java.ext.dirs=C:\Program Files\Java\jdk1.8.0_201\jre\lib\ext;C:\WINDOWS\Sun\Java\lib\ext, sun.boot.class.path=C:\Program Files\Java\jdk1.8.0_201\jre\lib\resources.jar;C:\Program Files\Java\jdk1.8.0_201\jre\lib\rt.jar;C:\Program Files\Java\jdk1.8.0_201\jre\lib\sunrsasign.jar;C:\Program Files\Java\jdk1.8.0_201\jre\lib\jsse.jar;C:\Program Files\Java\jdk1.8.0_201\jre\lib\jce.jar;C:\Program Files\Java\jdk1.8.0_201\jre\lib\charsets.jar;C:\Program Files\Java\jdk1.8.0_201\jre\lib\jfr.jar;C:\Program Files\Java\jdk1.8.0_201\jre\classes, java.vendor=Oracle Corporation, localRepository=D:\MavenRepository\maven_jar, file.separator=\, java.vendor.url.bug=http://bugreport.sun.com/bugreport/, sun.io.unicode.encoding=UnicodeLittle, sun.cpu.endian=little, sun.desktop=windows, sun.cpu.isalist=amd64}}, SystemEnvironmentPropertySource@644345897 {name='systemEnvironment', properties={PATH=D:\VMware\VMware Workstation\bin\;C:\Program Files (x86)\Common Files\Oracle\Java\javapath;C:\Program Files (x86)\Common Files\Intel\Shared Libraries\redist\intel64_win\compiler;C:\Program Files (x86)\Common Files\Intel\Shared Files\cpp\bin\Intel64;C:\Windows\system32;C:\Windows;C:\Windows\System32\Wbem;C:\Windows\System32\WindowsPowerShell\v1.0\;C:\Windows\System32\OpenSSH\;C:\Users\helida\AppData\Local\Microsoft\WindowsApps;d:\paperless-demo\java\jdk1.8\bin;d:\paperless-demo\java\jdk1.8\jre\bin;d:\paperless-demo\MySql-5.7\bin;C:\Users\helida\AppData\Local\Programs\Microsoft VS Code\bin;C:\paperless-demo\java\jdk1.8\bin;C:\paperless-demo\java\jdk1.8\jre\bin;C:\paperless-demo\MySql-5.7\bin;C:\WINDOWS\system32;C:\WINDOWS;C:\WINDOWS\System32\Wbem;C:\WINDOWS\System32\WindowsPowerShell\v1.0\;C:\WINDOWS\System32\OpenSSH\;C:\Program Files (x86)\HP\IdrsOCR_15.2.10.1114\;D:\Program Files\nodejs\;D:\Java\bin;D:\Java\jre\bin;D:\Git\cmd;D:\apache-maven-3.8.1\bin;D:\IntelliJ IDEA 2019.3.3\bin;C:\Users\helida\AppData\Roaming\npm;D:\paperless-demo\java\jdk1.8\bin;D:\paperless-demo\java\jdk1.8\jre\bin;D:\paperless-demo\MySql-5.7\bin;D:\jsshell-win64;C:\Program Files\Go\bin;%DevEco Studio%;D:\WebStorm 2021.2.2\bin;C:\Users\helida\go\bin;D:\JetBrains\GoLand 2021.2.4\bin, USERDOMAIN_ROAMINGPROFILE=DESKTOP-V9P35VJ, PROCESSOR_LEVEL=6, SYSTEMDRIVE=C:, ALLUSERSPROFILE=C:\ProgramData, INTEL_DEV_REDIST=C:\Program Files (x86)\Common Files\Intel\Shared Libraries\, PROCESSOR_ARCHITECTURE=AMD64, MIC_LD_LIBRARY_PATH=C:\Program Files (x86)\Common Files\Intel\Shared Libraries\compiler\lib\intel64_win_mic, __COMPAT_LAYER=RunAsAdmin, DRIVERDATA=C:\Windows\System32\Drivers\DriverData, MAVEN_HOME=D:\apache-maven-3.8.1, PROGRAMFILES=C:\Program Files, PSMODULEPATH=C:\Program Files\WindowsPowerShell\Modules;C:\WINDOWS\system32\WindowsPowerShell\v1.0\Modules, PROGRAMDATA=C:\ProgramData, USERNAME=helida, ONEDRIVE=C:\Users\helida\OneDrive, PATHEXT=.COM;.EXE;.BAT;.CMD;.VBS;.VBE;.JS;.JSE;.WSF;.WSH;.MSC, GOPATH=C:\Users\helida\go, TMPDIR=C:\Users\Public\Documents\Wondershare\CreatorTemp, WINDIR=C:\WINDOWS, HOMEPATH=\Users\helida, PROCESSOR_IDENTIFIER=Intel64 Family 6 Model 94 Stepping 3, GenuineIntel, PUBLIC=C:\Users\Public, C_EM64T_REDIST11=C:\Program Files (x86)\Common Files\Intel\Shared Files\cpp\, LOCALAPPDATA=C:\Users\helida\AppData\Local, COMMONPROGRAMFILES(X86)=C:\Program Files (x86)\Common Files, USERDOMAIN=DESKTOP-V9P35VJ, LOGONSERVER=\\DESKTOP-V9P35VJ, JAVA_HOME=D:\paperless-demo\java\jdk1.8, PROMPT=$P$G, PROGRAMFILES(X86)=C:\Program Files (x86), INTELLIJ IDEA=D:\IntelliJ IDEA 2019.3.3\bin;, =C:=C:\Users\helida\Desktop\demo-master\demo-master, APPDATA=C:\Users\helida\AppData\Roaming, PROGRAMW6432=C:\Program Files, SYSTEMROOT=C:\WINDOWS, OS=Windows_NT, COMMONPROGRAMW6432=C:\Program Files\Common Files, COMPUTERNAME=DESKTOP-V9P35VJ, COMMONPROGRAMFILES=C:\Program Files\Common Files, COMSPEC=C:\WINDOWS\system32\cmd.exe, CATALINA_HOME=D:\paperless-demo\tomcat8.5, PROCESSOR_REVISION=5e03, CLASSPATH=D:\paperless-demo\java\jdk1.8\lib\tools.jar;D:\paperless-demo\java\jdk1.8\lib\dt.jar;., TEMP=C:\Users\helida\AppData\Local\Temp, HOMEDRIVE=C:, USERPROFILE=C:\Users\helida, TMP=C:\Users\helida\AppData\Local\Temp, GOLAND=D:\JetBrains\GoLand 2021.2.4\bin;, WEBSTORM=D:\WebStorm 2021.2.2\bin;, NUMBER_OF_PROCESSORS=4, IDEA_INITIAL_DIRECTORY=C:\Users\helida\Desktop}}]
10:34:58.348 [main] DEBUG org.springframework.core.env.MutablePropertySources - Adding PropertySource 'inline' with highest search precedence
10:34:58.353 [main] DEBUG org.springframework.test.context.support.TestPropertySourceUtils - Adding inlined properties to environment: {spring.jmx.enabled=false, org.springframework.boot.test.context.SpringBootTestContextBootstrapper=true, server.port=-1}
10:34:58.353 [main] DEBUG org.springframework.core.env.StandardEnvironment - Adding PropertySource 'Inlined Test Properties' with highest search precedence

  .   ____          _            __ _ _
 /\\ / ___'_ __ _ _(_)_ __  __ _ \ \ \ \
( ( )\___ | '_ | '_| | '_ \/ _` | \ \ \ \
 \\/  ___)| |_)| | | | | || (_| |  ) ) ) )
  '  |____| .__|_| |_|_| |_\__, | / / / /
 =========|_|==============|___/=/_/_/_/
 :: Spring Boot ::        (v1.5.9.RELEASE)

2021-11-06 10:34:58.644  INFO 20064 --- [           main] com.imooc.demo.dao.AreaDaoTest           : Starting AreaDaoTest on DESKTOP-V9P35VJ with PID 20064 (started by helida in C:\Users\helida\Desktop\demo-master\demo-master)
2021-11-06 10:34:58.644  INFO 20064 --- [           main] com.imooc.demo.dao.AreaDaoTest           : No active profile set, falling back to default profiles: default
2021-11-06 10:34:58.678  INFO 20064 --- [           main] o.s.w.c.s.GenericWebApplicationContext   : Refreshing org.springframework.web.context.support.GenericWebApplicationContext@10163d6: startup date [Sat Nov 06 10:34:58 CST 2021]; root of context hierarchy
2021-11-06 10:35:00.018  INFO 20064 --- [g-Init-Reporter] com.mchange.v2.log.MLog                  : MLog clients using slf4j logging.
2021-11-06 10:35:00.395  INFO 20064 --- [           main] com.mchange.v2.c3p0.C3P0Registry         : Initializing c3p0-0.9.5.2 [built 08-December-2015 22:06:04 -0800; debug? true; trace: 10]
2021-11-06 10:35:01.508  INFO 20064 --- [           main] s.w.s.m.m.a.RequestMappingHandlerAdapter : Looking for @ControllerAdvice: org.springframework.web.context.support.GenericWebApplicationContext@10163d6: startup date [Sat Nov 06 10:34:58 CST 2021]; root of context hierarchy
2021-11-06 10:35:01.597  INFO 20064 --- [           main] s.w.s.m.m.a.RequestMappingHandlerMapping : Mapped "{[/hello],methods=[GET]}" onto public java.lang.String com.imooc.demo.Hello.hello()
2021-11-06 10:35:01.603  INFO 20064 --- [           main] s.w.s.m.m.a.RequestMappingHandlerMapping : Mapped "{[/superadmin/removearea],methods=[GET]}" onto private java.util.Map<java.lang.String, java.lang.Object> com.imooc.demo.web.AreaController.removeArea(java.lang.Integer)
2021-11-06 10:35:01.604  INFO 20064 --- [           main] s.w.s.m.m.a.RequestMappingHandlerMapping : Mapped "{[/superadmin/modifyarea],methods=[POST]}" onto private java.util.Map<java.lang.String, java.lang.Object> com.imooc.demo.web.AreaController.modifyArea(com.imooc.demo.entity.Area) throws com.fasterxml.jackson.core.JsonParseException,com.fasterxml.jackson.databind.JsonMappingException,java.io.IOException
2021-11-06 10:35:01.604  INFO 20064 --- [           main] s.w.s.m.m.a.RequestMappingHandlerMapping : Mapped "{[/superadmin/getareabyid],methods=[GET]}" onto private java.util.Map<java.lang.String, java.lang.Object> com.imooc.demo.web.AreaController.getAreaById(java.lang.Integer)
2021-11-06 10:35:01.604  INFO 20064 --- [           main] s.w.s.m.m.a.RequestMappingHandlerMapping : Mapped "{[/superadmin/addarea],methods=[POST]}" onto private java.util.Map<java.lang.String, java.lang.Object> com.imooc.demo.web.AreaController.addArea(com.imooc.demo.entity.Area) throws com.fasterxml.jackson.core.JsonParseException,com.fasterxml.jackson.databind.JsonMappingException,java.io.IOException
2021-11-06 10:35:01.605  INFO 20064 --- [           main] s.w.s.m.m.a.RequestMappingHandlerMapping : Mapped "{[/superadmin/listarea],methods=[GET]}" onto private java.util.Map<java.lang.String, java.lang.Object> com.imooc.demo.web.AreaController.listArea()
2021-11-06 10:35:01.611  INFO 20064 --- [           main] s.w.s.m.m.a.RequestMappingHandlerMapping : Mapped "{[/error]}" onto public org.springframework.http.ResponseEntity<java.util.Map<java.lang.String, java.lang.Object>> org.springframework.boot.autoconfigure.web.BasicErrorController.error(javax.servlet.http.HttpServletRequest)
2021-11-06 10:35:01.611  INFO 20064 --- [           main] s.w.s.m.m.a.RequestMappingHandlerMapping : Mapped "{[/error],produces=[text/html]}" onto public org.springframework.web.servlet.ModelAndView org.springframework.boot.autoconfigure.web.BasicErrorController.errorHtml(javax.servlet.http.HttpServletRequest,javax.servlet.http.HttpServletResponse)
2021-11-06 10:35:01.650  INFO 20064 --- [           main] o.s.w.s.handler.SimpleUrlHandlerMapping  : Mapped URL path [/webjars/**] onto handler of type [class org.springframework.web.servlet.resource.ResourceHttpRequestHandler]
2021-11-06 10:35:01.651  INFO 20064 --- [           main] o.s.w.s.handler.SimpleUrlHandlerMapping  : Mapped URL path [/**] onto handler of type [class org.springframework.web.servlet.resource.ResourceHttpRequestHandler]
2021-11-06 10:35:01.677  INFO 20064 --- [           main] .m.m.a.ExceptionHandlerExceptionResolver : Detected @ExceptionHandler methods in globalExceptionHandler
2021-11-06 10:35:01.704  INFO 20064 --- [           main] o.s.w.s.handler.SimpleUrlHandlerMapping  : Mapped URL path [/**/favicon.ico] onto handler of type [class org.springframework.web.servlet.resource.ResourceHttpRequestHandler]
2021-11-06 10:35:02.026  INFO 20064 --- [           main] com.imooc.demo.dao.AreaDaoTest           : Started AreaDaoTest in 3.662 seconds (JVM running for 4.451)
2021-11-06 10:35:02.117  INFO 20064 --- [           main] c.m.v.c.i.AbstractPoolBackedDataSource   : Initializing c3p0 pool... com.mchange.v2.c3p0.ComboPooledDataSource [ acquireIncrement -> 3, acquireRetryAttempts -> 2, acquireRetryDelay -> 1000, autoCommitOnClose -> false, automaticTestTable -> null, breakAfterAcquireFailure -> false, checkoutTimeout -> 10000, connectionCustomizerClassName -> null, connectionTesterClassName -> com.mchange.v2.c3p0.impl.DefaultConnectionTester, contextClassLoaderSource -> caller, dataSourceName -> 1hgeehtak1vg8zzu173kim8|16fb356, debugUnreturnedConnectionStackTraces -> false, description -> null, driverClass -> com.mysql.jdbc.Driver, extensions -> {}, factoryClassLocation -> null, forceIgnoreUnresolvedTransactions -> false, forceSynchronousCheckins -> false, forceUseNamedDriverClass -> false, identityToken -> 1hgeehtak1vg8zzu173kim8|16fb356, idleConnectionTestPeriod -> 0, initialPoolSize -> 3, jdbcUrl -> jdbc:mysql://localhost:3306/mdatabase?useUnicode=true&characterEncoding=utf8&useSSL=false, maxAdministrativeTaskTime -> 0, maxConnectionAge -> 0, maxIdleTime -> 0, maxIdleTimeExcessConnections -> 0, maxPoolSize -> 30, maxStatements -> 0, maxStatementsPerConnection -> 0, minPoolSize -> 10, numHelperThreads -> 3, preferredTestQuery -> null, privilegeSpawnedThreads -> false, properties -> {user=******, password=******}, propertyCycle -> 0, statementCacheNumDeferredCloseThreads -> 0, testConnectionOnCheckin -> false, testConnectionOnCheckout -> false, unreturnedConnectionTimeout -> 0, userOverrides -> {}, usesTraditionalReflectiveProxies -> false ]
2021-11-06 10:35:02.132  WARN 20064 --- [           main] c.m.v2.resourcepool.BasicResourcePool    : Bad pool size config, start 3 < min 10. Using 10 as start.
2021-11-06 10:35:04.396  WARN 20064 --- [HelperThread-#0] c.m.v2.resourcepool.BasicResourcePool    : com.mchange.v2.resourcepool.BasicResourcePool$ScatteredAcquireTask@75dfd848 -- Acquisition Attempt Failed!!! Clearing pending acquires. While trying to acquire a needed new resource, we failed to succeed more than the maximum number of allowed acquisition attempts (2). Last acquisition attempt exception: 

java.sql.SQLException: Access denied for user 'root'@'localhost' (using password: YES)
	at com.mysql.jdbc.SQLError.createSQLException(SQLError.java:964) ~[mysql-connector-java-5.1.44.jar:5.1.44]
	at com.mysql.jdbc.MysqlIO.checkErrorPacket(MysqlIO.java:3973) ~[mysql-connector-java-5.1.44.jar:5.1.44]
	at com.mysql.jdbc.MysqlIO.checkErrorPacket(MysqlIO.java:3909) ~[mysql-connector-java-5.1.44.jar:5.1.44]
	at com.mysql.jdbc.MysqlIO.checkErrorPacket(MysqlIO.java:873) ~[mysql-connector-java-5.1.44.jar:5.1.44]
	at com.mysql.jdbc.MysqlIO.proceedHandshakeWithPluggableAuthentication(MysqlIO.java:1710) ~[mysql-connector-java-5.1.44.jar:5.1.44]
	at com.mysql.jdbc.MysqlIO.doHandshake(MysqlIO.java:1226) ~[mysql-connector-java-5.1.44.jar:5.1.44]
	at com.mysql.jdbc.ConnectionImpl.coreConnect(ConnectionImpl.java:2191) ~[mysql-connector-java-5.1.44.jar:5.1.44]
	at com.mysql.jdbc.ConnectionImpl.connectOneTryOnly(ConnectionImpl.java:2222) ~[mysql-connector-java-5.1.44.jar:5.1.44]
	at com.mysql.jdbc.ConnectionImpl.createNewIO(ConnectionImpl.java:2017) ~[mysql-connector-java-5.1.44.jar:5.1.44]
	at com.mysql.jdbc.ConnectionImpl.<init>(ConnectionImpl.java:779) ~[mysql-connector-java-5.1.44.jar:5.1.44]
	at com.mysql.jdbc.JDBC4Connection.<init>(JDBC4Connection.java:47) ~[mysql-connector-java-5.1.44.jar:5.1.44]
	at sun.reflect.GeneratedConstructorAccessor30.newInstance(Unknown Source) ~[na:na]
	at sun.reflect.DelegatingConstructorAccessorImpl.newInstance(DelegatingConstructorAccessorImpl.java:45) ~[na:1.8.0_201]
	at java.lang.reflect.Constructor.newInstance(Constructor.java:423) ~[na:1.8.0_201]
	at com.mysql.jdbc.Util.handleNewInstance(Util.java:425) ~[mysql-connector-java-5.1.44.jar:5.1.44]
	at com.mysql.jdbc.ConnectionImpl.getInstance(ConnectionImpl.java:389) ~[mysql-connector-java-5.1.44.jar:5.1.44]
	at com.mysql.jdbc.NonRegisteringDriver.connect(NonRegisteringDriver.java:330) ~[mysql-connector-java-5.1.44.jar:5.1.44]
	at com.mchange.v2.c3p0.DriverManagerDataSource.getConnection(DriverManagerDataSource.java:175) ~[c3p0-0.9.5.2.jar:0.9.5.2]
	at com.mchange.v2.c3p0.WrapperConnectionPoolDataSource.getPooledConnection(WrapperConnectionPoolDataSource.java:220) ~[c3p0-0.9.5.2.jar:0.9.5.2]
	at com.mchange.v2.c3p0.WrapperConnectionPoolDataSource.getPooledConnection(WrapperConnectionPoolDataSource.java:206) ~[c3p0-0.9.5.2.jar:0.9.5.2]
	at com.mchange.v2.c3p0.impl.C3P0PooledConnectionPool$1PooledConnectionResourcePoolManager.acquireResource(C3P0PooledConnectionPool.java:203) ~[c3p0-0.9.5.2.jar:0.9.5.2]
	at com.mchange.v2.resourcepool.BasicResourcePool.doAcquire(BasicResourcePool.java:1138) ~[c3p0-0.9.5.2.jar:0.9.5.2]
	at com.mchange.v2.resourcepool.BasicResourcePool.doAcquireAndDecrementPendingAcquiresWithinLockOnSuccess(BasicResourcePool.java:1125) ~[c3p0-0.9.5.2.jar:0.9.5.2]
	at com.mchange.v2.resourcepool.BasicResourcePool.access$700(BasicResourcePool.java:44) ~[c3p0-0.9.5.2.jar:0.9.5.2]
	at com.mchange.v2.resourcepool.BasicResourcePool$ScatteredAcquireTask.run(BasicResourcePool.java:1870) ~[c3p0-0.9.5.2.jar:0.9.5.2]
	at com.mchange.v2.async.ThreadPoolAsynchronousRunner$PoolThread.run(ThreadPoolAsynchronousRunner.java:696) [mchange-commons-java-0.2.11.jar:0.2.11]

2021-11-06 10:35:04.397  WARN 20064 --- [HelperThread-#1] c.m.v2.resourcepool.BasicResourcePool    : com.mchange.v2.resourcepool.BasicResourcePool$ScatteredAcquireTask@4d3110e2 -- Acquisition Attempt Failed!!! Clearing pending acquires. While trying to acquire a needed new resource, we failed to succeed more than the maximum number of allowed acquisition attempts (2). Last acquisition attempt exception: 

java.sql.SQLException: Access denied for user 'root'@'localhost' (using password: YES)
	at com.mysql.jdbc.SQLError.createSQLException(SQLError.java:964) ~[mysql-connector-java-5.1.44.jar:5.1.44]
	at com.mysql.jdbc.MysqlIO.checkErrorPacket(MysqlIO.java:3973) ~[mysql-connector-java-5.1.44.jar:5.1.44]
	at com.mysql.jdbc.MysqlIO.checkErrorPacket(MysqlIO.java:3909) ~[mysql-connector-java-5.1.44.jar:5.1.44]
	at com.mysql.jdbc.MysqlIO.checkErrorPacket(MysqlIO.java:873) ~[mysql-connector-java-5.1.44.jar:5.1.44]
	at com.mysql.jdbc.MysqlIO.proceedHandshakeWithPluggableAuthentication(MysqlIO.java:1710) ~[mysql-connector-java-5.1.44.jar:5.1.44]
	at com.mysql.jdbc.MysqlIO.doHandshake(MysqlIO.java:1226) ~[mysql-connector-java-5.1.44.jar:5.1.44]
	at com.mysql.jdbc.ConnectionImpl.coreConnect(ConnectionImpl.java:2191) ~[mysql-connector-java-5.1.44.jar:5.1.44]
	at com.mysql.jdbc.ConnectionImpl.connectOneTryOnly(ConnectionImpl.java:2222) ~[mysql-connector-java-5.1.44.jar:5.1.44]
	at com.mysql.jdbc.ConnectionImpl.createNewIO(ConnectionImpl.java:2017) ~[mysql-connector-java-5.1.44.jar:5.1.44]
	at com.mysql.jdbc.ConnectionImpl.<init>(ConnectionImpl.java:779) ~[mysql-connector-java-5.1.44.jar:5.1.44]
	at com.mysql.jdbc.JDBC4Connection.<init>(JDBC4Connection.java:47) ~[mysql-connector-java-5.1.44.jar:5.1.44]
	at sun.reflect.GeneratedConstructorAccessor30.newInstance(Unknown Source) ~[na:na]
	at sun.reflect.DelegatingConstructorAccessorImpl.newInstance(DelegatingConstructorAccessorImpl.java:45) ~[na:1.8.0_201]
	at java.lang.reflect.Constructor.newInstance(Constructor.java:423) ~[na:1.8.0_201]
	at com.mysql.jdbc.Util.handleNewInstance(Util.java:425) ~[mysql-connector-java-5.1.44.jar:5.1.44]
	at com.mysql.jdbc.ConnectionImpl.getInstance(ConnectionImpl.java:389) ~[mysql-connector-java-5.1.44.jar:5.1.44]
	at com.mysql.jdbc.NonRegisteringDriver.connect(NonRegisteringDriver.java:330) ~[mysql-connector-java-5.1.44.jar:5.1.44]
	at com.mchange.v2.c3p0.DriverManagerDataSource.getConnection(DriverManagerDataSource.java:175) ~[c3p0-0.9.5.2.jar:0.9.5.2]
	at com.mchange.v2.c3p0.WrapperConnectionPoolDataSource.getPooledConnection(WrapperConnectionPoolDataSource.java:220) ~[c3p0-0.9.5.2.jar:0.9.5.2]
	at com.mchange.v2.c3p0.WrapperConnectionPoolDataSource.getPooledConnection(WrapperConnectionPoolDataSource.java:206) ~[c3p0-0.9.5.2.jar:0.9.5.2]
	at com.mchange.v2.c3p0.impl.C3P0PooledConnectionPool$1PooledConnectionResourcePoolManager.acquireResource(C3P0PooledConnectionPool.java:203) ~[c3p0-0.9.5.2.jar:0.9.5.2]
	at com.mchange.v2.resourcepool.BasicResourcePool.doAcquire(BasicResourcePool.java:1138) ~[c3p0-0.9.5.2.jar:0.9.5.2]
	at com.mchange.v2.resourcepool.BasicResourcePool.doAcquireAndDecrementPendingAcquiresWithinLockOnSuccess(BasicResourcePool.java:1125) ~[c3p0-0.9.5.2.jar:0.9.5.2]
	at com.mchange.v2.resourcepool.BasicResourcePool.access$700(BasicResourcePool.java:44) ~[c3p0-0.9.5.2.jar:0.9.5.2]
	at com.mchange.v2.resourcepool.BasicResourcePool$ScatteredAcquireTask.run(BasicResourcePool.java:1870) ~[c3p0-0.9.5.2.jar:0.9.5.2]
	at com.mchange.v2.async.ThreadPoolAsynchronousRunner$PoolThread.run(ThreadPoolAsynchronousRunner.java:696) [mchange-commons-java-0.2.11.jar:0.2.11]

2021-11-06 10:35:04.397  WARN 20064 --- [HelperThread-#0] c.m.v2.resourcepool.BasicResourcePool    : Having failed to acquire a resource, com.mchange.v2.resourcepool.BasicResourcePool@255e5e2e is interrupting all Threads waiting on a resource to check out. Will try again in response to new client requests.
2021-11-06 10:35:04.398  WARN 20064 --- [HelperThread-#1] c.m.v2.resourcepool.BasicResourcePool    : Having failed to acquire a resource, com.mchange.v2.resourcepool.BasicResourcePool@255e5e2e is interrupting all Threads waiting on a resource to check out. Will try again in response to new client requests.
]]></system-out>
  </testcase>
  <testcase name="testBInsertArea" classname="com.imooc.demo.dao.AreaDaoTest" time="0.076">
    <error message="nested exception is org.apache.ibatis.exceptions.PersistenceException: &#10;### Error updating database.  Cause: org.springframework.jdbc.CannotGetJdbcConnectionException: Could not get JDBC Connection; nested exception is java.sql.SQLException: Connections could not be acquired from the underlying database!&#10;### Cause: org.springframework.jdbc.CannotGetJdbcConnectionException: Could not get JDBC Connection; nested exception is java.sql.SQLException: Connections could not be acquired from the underlying database!" type="org.mybatis.spring.MyBatisSystemException"><![CDATA[org.mybatis.spring.MyBatisSystemException: nested exception is org.apache.ibatis.exceptions.PersistenceException: 
### Error updating database.  Cause: org.springframework.jdbc.CannotGetJdbcConnectionException: Could not get JDBC Connection; nested exception is java.sql.SQLException: Connections could not be acquired from the underlying database!
### Cause: org.springframework.jdbc.CannotGetJdbcConnectionException: Could not get JDBC Connection; nested exception is java.sql.SQLException: Connections could not be acquired from the underlying database!
	at com.mchange.v2.resourcepool.BasicResourcePool.awaitAvailable(BasicResourcePool.java:1469)
	at com.mchange.v2.resourcepool.BasicResourcePool.prelimCheckoutResource(BasicResourcePool.java:644)
	at com.mchange.v2.resourcepool.BasicResourcePool.checkoutResource(BasicResourcePool.java:554)
	at com.mchange.v2.c3p0.impl.C3P0PooledConnectionPool.checkoutAndMarkConnectionInUse(C3P0PooledConnectionPool.java:758)
	at com.mchange.v2.c3p0.impl.C3P0PooledConnectionPool.checkoutPooledConnection(C3P0PooledConnectionPool.java:685)
	at com.mchange.v2.c3p0.impl.AbstractPoolBackedDataSource.getConnection(AbstractPoolBackedDataSource.java:140)
	at org.springframework.jdbc.datasource.DataSourceUtils.doGetConnection(DataSourceUtils.java:111)
	at org.springframework.jdbc.datasource.DataSourceUtils.getConnection(DataSourceUtils.java:77)
	at org.mybatis.spring.transaction.SpringManagedTransaction.openConnection(SpringManagedTransaction.java:82)
	at org.mybatis.spring.transaction.SpringManagedTransaction.getConnection(SpringManagedTransaction.java:68)
	at org.apache.ibatis.executor.BaseExecutor.getConnection(BaseExecutor.java:336)
	at org.apache.ibatis.executor.SimpleExecutor.prepareStatement(SimpleExecutor.java:84)
	at org.apache.ibatis.executor.SimpleExecutor.doUpdate(SimpleExecutor.java:49)
	at org.apache.ibatis.executor.BaseExecutor.update(BaseExecutor.java:117)
	at org.apache.ibatis.executor.CachingExecutor.update(CachingExecutor.java:76)
	at org.apache.ibatis.session.defaults.DefaultSqlSession.update(DefaultSqlSession.java:198)
	at org.apache.ibatis.session.defaults.DefaultSqlSession.insert(DefaultSqlSession.java:185)
	at sun.reflect.NativeMethodAccessorImpl.invoke0(Native Method)
	at sun.reflect.NativeMethodAccessorImpl.invoke(NativeMethodAccessorImpl.java:62)
	at sun.reflect.DelegatingMethodAccessorImpl.invoke(DelegatingMethodAccessorImpl.java:43)
	at java.lang.reflect.Method.invoke(Method.java:498)
	at org.mybatis.spring.SqlSessionTemplate$SqlSessionInterceptor.invoke(SqlSessionTemplate.java:433)
	at com.sun.proxy.$Proxy76.insert(Unknown Source)
	at org.mybatis.spring.SqlSessionTemplate.insert(SqlSessionTemplate.java:278)
	at org.apache.ibatis.binding.MapperMethod.execute(MapperMethod.java:57)
	at org.apache.ibatis.binding.MapperProxy.invoke(MapperProxy.java:59)
	at com.sun.proxy.$Proxy77.insertArea(Unknown Source)
	at com.imooc.demo.dao.AreaDaoTest.testBInsertArea(AreaDaoTest.java:41)
Caused by: java.sql.SQLException: Access denied for user 'root'@'localhost' (using password: YES)
	at com.mysql.jdbc.SQLError.createSQLException(SQLError.java:964)
	at com.mysql.jdbc.MysqlIO.checkErrorPacket(MysqlIO.java:3973)
	at com.mysql.jdbc.MysqlIO.checkErrorPacket(MysqlIO.java:3909)
	at com.mysql.jdbc.MysqlIO.checkErrorPacket(MysqlIO.java:873)
	at com.mysql.jdbc.MysqlIO.proceedHandshakeWithPluggableAuthentication(MysqlIO.java:1710)
	at com.mysql.jdbc.MysqlIO.doHandshake(MysqlIO.java:1226)
	at com.mysql.jdbc.ConnectionImpl.coreConnect(ConnectionImpl.java:2191)
	at com.mysql.jdbc.ConnectionImpl.connectOneTryOnly(ConnectionImpl.java:2222)
	at com.mysql.jdbc.ConnectionImpl.createNewIO(ConnectionImpl.java:2017)
	at com.mysql.jdbc.ConnectionImpl.<init>(ConnectionImpl.java:779)
	at com.mysql.jdbc.JDBC4Connection.<init>(JDBC4Connection.java:47)
	at sun.reflect.GeneratedConstructorAccessor30.newInstance(Unknown Source)
	at sun.reflect.DelegatingConstructorAccessorImpl.newInstance(DelegatingConstructorAccessorImpl.java:45)
	at java.lang.reflect.Constructor.newInstance(Constructor.java:423)
	at com.mysql.jdbc.Util.handleNewInstance(Util.java:425)
	at com.mysql.jdbc.ConnectionImpl.getInstance(ConnectionImpl.java:389)
	at com.mysql.jdbc.NonRegisteringDriver.connect(NonRegisteringDriver.java:330)
	at com.mchange.v2.c3p0.DriverManagerDataSource.getConnection(DriverManagerDataSource.java:175)
	at com.mchange.v2.c3p0.WrapperConnectionPoolDataSource.getPooledConnection(WrapperConnectionPoolDataSource.java:220)
	at com.mchange.v2.c3p0.WrapperConnectionPoolDataSource.getPooledConnection(WrapperConnectionPoolDataSource.java:206)
	at com.mchange.v2.c3p0.impl.C3P0PooledConnectionPool$1PooledConnectionResourcePoolManager.acquireResource(C3P0PooledConnectionPool.java:203)
	at com.mchange.v2.resourcepool.BasicResourcePool.doAcquire(BasicResourcePool.java:1138)
	at com.mchange.v2.resourcepool.BasicResourcePool.doAcquireAndDecrementPendingAcquiresWithinLockOnSuccess(BasicResourcePool.java:1125)
	at com.mchange.v2.resourcepool.BasicResourcePool.access$700(BasicResourcePool.java:44)
	at com.mchange.v2.resourcepool.BasicResourcePool$ScatteredAcquireTask.run(BasicResourcePool.java:1870)
	at com.mchange.v2.async.ThreadPoolAsynchronousRunner$PoolThread.run(ThreadPoolAsynchronousRunner.java:696)
]]></error>
    <system-out><![CDATA[2021-11-06 10:35:04.459  WARN 20064 --- [HelperThread-#0] c.m.v2.resourcepool.BasicResourcePool    : com.mchange.v2.resourcepool.BasicResourcePool$ScatteredAcquireTask@751151cf -- Acquisition Attempt Failed!!! Clearing pending acquires. While trying to acquire a needed new resource, we failed to succeed more than the maximum number of allowed acquisition attempts (2). Last acquisition attempt exception: 

java.sql.SQLException: Access denied for user 'root'@'localhost' (using password: YES)
	at com.mysql.jdbc.SQLError.createSQLException(SQLError.java:964) ~[mysql-connector-java-5.1.44.jar:5.1.44]
	at com.mysql.jdbc.MysqlIO.checkErrorPacket(MysqlIO.java:3973) ~[mysql-connector-java-5.1.44.jar:5.1.44]
	at com.mysql.jdbc.MysqlIO.checkErrorPacket(MysqlIO.java:3909) ~[mysql-connector-java-5.1.44.jar:5.1.44]
	at com.mysql.jdbc.MysqlIO.checkErrorPacket(MysqlIO.java:873) ~[mysql-connector-java-5.1.44.jar:5.1.44]
	at com.mysql.jdbc.MysqlIO.proceedHandshakeWithPluggableAuthentication(MysqlIO.java:1710) ~[mysql-connector-java-5.1.44.jar:5.1.44]
	at com.mysql.jdbc.MysqlIO.doHandshake(MysqlIO.java:1226) ~[mysql-connector-java-5.1.44.jar:5.1.44]
	at com.mysql.jdbc.ConnectionImpl.coreConnect(ConnectionImpl.java:2191) ~[mysql-connector-java-5.1.44.jar:5.1.44]
	at com.mysql.jdbc.ConnectionImpl.connectOneTryOnly(ConnectionImpl.java:2222) ~[mysql-connector-java-5.1.44.jar:5.1.44]
	at com.mysql.jdbc.ConnectionImpl.createNewIO(ConnectionImpl.java:2017) ~[mysql-connector-java-5.1.44.jar:5.1.44]
	at com.mysql.jdbc.ConnectionImpl.<init>(ConnectionImpl.java:779) ~[mysql-connector-java-5.1.44.jar:5.1.44]
	at com.mysql.jdbc.JDBC4Connection.<init>(JDBC4Connection.java:47) ~[mysql-connector-java-5.1.44.jar:5.1.44]
	at sun.reflect.GeneratedConstructorAccessor30.newInstance(Unknown Source) ~[na:na]
	at sun.reflect.DelegatingConstructorAccessorImpl.newInstance(DelegatingConstructorAccessorImpl.java:45) ~[na:1.8.0_201]
	at java.lang.reflect.Constructor.newInstance(Constructor.java:423) ~[na:1.8.0_201]
	at com.mysql.jdbc.Util.handleNewInstance(Util.java:425) ~[mysql-connector-java-5.1.44.jar:5.1.44]
	at com.mysql.jdbc.ConnectionImpl.getInstance(ConnectionImpl.java:389) ~[mysql-connector-java-5.1.44.jar:5.1.44]
	at com.mysql.jdbc.NonRegisteringDriver.connect(NonRegisteringDriver.java:330) ~[mysql-connector-java-5.1.44.jar:5.1.44]
	at com.mchange.v2.c3p0.DriverManagerDataSource.getConnection(DriverManagerDataSource.java:175) ~[c3p0-0.9.5.2.jar:0.9.5.2]
	at com.mchange.v2.c3p0.WrapperConnectionPoolDataSource.getPooledConnection(WrapperConnectionPoolDataSource.java:220) ~[c3p0-0.9.5.2.jar:0.9.5.2]
	at com.mchange.v2.c3p0.WrapperConnectionPoolDataSource.getPooledConnection(WrapperConnectionPoolDataSource.java:206) ~[c3p0-0.9.5.2.jar:0.9.5.2]
	at com.mchange.v2.c3p0.impl.C3P0PooledConnectionPool$1PooledConnectionResourcePoolManager.acquireResource(C3P0PooledConnectionPool.java:203) ~[c3p0-0.9.5.2.jar:0.9.5.2]
	at com.mchange.v2.resourcepool.BasicResourcePool.doAcquire(BasicResourcePool.java:1138) ~[c3p0-0.9.5.2.jar:0.9.5.2]
	at com.mchange.v2.resourcepool.BasicResourcePool.doAcquireAndDecrementPendingAcquiresWithinLockOnSuccess(BasicResourcePool.java:1125) ~[c3p0-0.9.5.2.jar:0.9.5.2]
	at com.mchange.v2.resourcepool.BasicResourcePool.access$700(BasicResourcePool.java:44) ~[c3p0-0.9.5.2.jar:0.9.5.2]
	at com.mchange.v2.resourcepool.BasicResourcePool$ScatteredAcquireTask.run(BasicResourcePool.java:1870) ~[c3p0-0.9.5.2.jar:0.9.5.2]
	at com.mchange.v2.async.ThreadPoolAsynchronousRunner$PoolThread.run(ThreadPoolAsynchronousRunner.java:696) [mchange-commons-java-0.2.11.jar:0.2.11]

2021-11-06 10:35:04.459  WARN 20064 --- [HelperThread-#0] c.m.v2.resourcepool.BasicResourcePool    : Having failed to acquire a resource, com.mchange.v2.resourcepool.BasicResourcePool@255e5e2e is interrupting all Threads waiting on a resource to check out. Will try again in response to new client requests.
2021-11-06 10:35:04.459  WARN 20064 --- [HelperThread-#2] c.m.v2.resourcepool.BasicResourcePool    : com.mchange.v2.resourcepool.BasicResourcePool$ScatteredAcquireTask@358c099d -- Acquisition Attempt Failed!!! Clearing pending acquires. While trying to acquire a needed new resource, we failed to succeed more than the maximum number of allowed acquisition attempts (2). Last acquisition attempt exception: 

java.sql.SQLException: Access denied for user 'root'@'localhost' (using password: YES)
	at com.mysql.jdbc.SQLError.createSQLException(SQLError.java:964) ~[mysql-connector-java-5.1.44.jar:5.1.44]
	at com.mysql.jdbc.MysqlIO.checkErrorPacket(MysqlIO.java:3973) ~[mysql-connector-java-5.1.44.jar:5.1.44]
	at com.mysql.jdbc.MysqlIO.checkErrorPacket(MysqlIO.java:3909) ~[mysql-connector-java-5.1.44.jar:5.1.44]
	at com.mysql.jdbc.MysqlIO.checkErrorPacket(MysqlIO.java:873) ~[mysql-connector-java-5.1.44.jar:5.1.44]
	at com.mysql.jdbc.MysqlIO.proceedHandshakeWithPluggableAuthentication(MysqlIO.java:1710) ~[mysql-connector-java-5.1.44.jar:5.1.44]
	at com.mysql.jdbc.MysqlIO.doHandshake(MysqlIO.java:1226) ~[mysql-connector-java-5.1.44.jar:5.1.44]
	at com.mysql.jdbc.ConnectionImpl.coreConnect(ConnectionImpl.java:2191) ~[mysql-connector-java-5.1.44.jar:5.1.44]
	at com.mysql.jdbc.ConnectionImpl.connectOneTryOnly(ConnectionImpl.java:2222) ~[mysql-connector-java-5.1.44.jar:5.1.44]
	at com.mysql.jdbc.ConnectionImpl.createNewIO(ConnectionImpl.java:2017) ~[mysql-connector-java-5.1.44.jar:5.1.44]
	at com.mysql.jdbc.ConnectionImpl.<init>(ConnectionImpl.java:779) ~[mysql-connector-java-5.1.44.jar:5.1.44]
	at com.mysql.jdbc.JDBC4Connection.<init>(JDBC4Connection.java:47) ~[mysql-connector-java-5.1.44.jar:5.1.44]
	at sun.reflect.GeneratedConstructorAccessor30.newInstance(Unknown Source) ~[na:na]
	at sun.reflect.DelegatingConstructorAccessorImpl.newInstance(DelegatingConstructorAccessorImpl.java:45) ~[na:1.8.0_201]
	at java.lang.reflect.Constructor.newInstance(Constructor.java:423) ~[na:1.8.0_201]
	at com.mysql.jdbc.Util.handleNewInstance(Util.java:425) ~[mysql-connector-java-5.1.44.jar:5.1.44]
	at com.mysql.jdbc.ConnectionImpl.getInstance(ConnectionImpl.java:389) ~[mysql-connector-java-5.1.44.jar:5.1.44]
	at com.mysql.jdbc.NonRegisteringDriver.connect(NonRegisteringDriver.java:330) ~[mysql-connector-java-5.1.44.jar:5.1.44]
	at com.mchange.v2.c3p0.DriverManagerDataSource.getConnection(DriverManagerDataSource.java:175) ~[c3p0-0.9.5.2.jar:0.9.5.2]
	at com.mchange.v2.c3p0.WrapperConnectionPoolDataSource.getPooledConnection(WrapperConnectionPoolDataSource.java:220) ~[c3p0-0.9.5.2.jar:0.9.5.2]
	at com.mchange.v2.c3p0.WrapperConnectionPoolDataSource.getPooledConnection(WrapperConnectionPoolDataSource.java:206) ~[c3p0-0.9.5.2.jar:0.9.5.2]
	at com.mchange.v2.c3p0.impl.C3P0PooledConnectionPool$1PooledConnectionResourcePoolManager.acquireResource(C3P0PooledConnectionPool.java:203) ~[c3p0-0.9.5.2.jar:0.9.5.2]
	at com.mchange.v2.resourcepool.BasicResourcePool.doAcquire(BasicResourcePool.java:1138) ~[c3p0-0.9.5.2.jar:0.9.5.2]
	at com.mchange.v2.resourcepool.BasicResourcePool.doAcquireAndDecrementPendingAcquiresWithinLockOnSuccess(BasicResourcePool.java:1125) ~[c3p0-0.9.5.2.jar:0.9.5.2]
	at com.mchange.v2.resourcepool.BasicResourcePool.access$700(BasicResourcePool.java:44) ~[c3p0-0.9.5.2.jar:0.9.5.2]
	at com.mchange.v2.resourcepool.BasicResourcePool$ScatteredAcquireTask.run(BasicResourcePool.java:1870) ~[c3p0-0.9.5.2.jar:0.9.5.2]
	at com.mchange.v2.async.ThreadPoolAsynchronousRunner$PoolThread.run(ThreadPoolAsynchronousRunner.java:696) [mchange-commons-java-0.2.11.jar:0.2.11]

2021-11-06 10:35:04.460  WARN 20064 --- [HelperThread-#2] c.m.v2.resourcepool.BasicResourcePool    : Having failed to acquire a resource, com.mchange.v2.resourcepool.BasicResourcePool@255e5e2e is interrupting all Threads waiting on a resource to check out. Will try again in response to new client requests.
]]></system-out>
  </testcase>
  <testcase name="testCQueryAreaById" classname="com.imooc.demo.dao.AreaDaoTest" time="2.039">
    <error message="nested exception is org.apache.ibatis.exceptions.PersistenceException: &#10;### Error querying database.  Cause: org.springframework.jdbc.CannotGetJdbcConnectionException: Could not get JDBC Connection; nested exception is java.sql.SQLException: Connections could not be acquired from the underlying database!&#10;### The error may exist in file [C:\Users\helida\Desktop\demo-master\demo-master\target\classes\mapper\AreaDao.xml]&#10;### The error may involve com.imooc.demo.dao.AreaDao.queryAreaById&#10;### The error occurred while executing a query&#10;### Cause: org.springframework.jdbc.CannotGetJdbcConnectionException: Could not get JDBC Connection; nested exception is java.sql.SQLException: Connections could not be acquired from the underlying database!" type="org.mybatis.spring.MyBatisSystemException"><![CDATA[org.mybatis.spring.MyBatisSystemException: nested exception is org.apache.ibatis.exceptions.PersistenceException: 
### Error querying database.  Cause: org.springframework.jdbc.CannotGetJdbcConnectionException: Could not get JDBC Connection; nested exception is java.sql.SQLException: Connections could not be acquired from the underlying database!
### The error may exist in file [C:\Users\helida\Desktop\demo-master\demo-master\target\classes\mapper\AreaDao.xml]
### The error may involve com.imooc.demo.dao.AreaDao.queryAreaById
### The error occurred while executing a query
### Cause: org.springframework.jdbc.CannotGetJdbcConnectionException: Could not get JDBC Connection; nested exception is java.sql.SQLException: Connections could not be acquired from the underlying database!
	at com.mchange.v2.resourcepool.BasicResourcePool.awaitAvailable(BasicResourcePool.java:1469)
	at com.mchange.v2.resourcepool.BasicResourcePool.prelimCheckoutResource(BasicResourcePool.java:644)
	at com.mchange.v2.resourcepool.BasicResourcePool.checkoutResource(BasicResourcePool.java:554)
	at com.mchange.v2.c3p0.impl.C3P0PooledConnectionPool.checkoutAndMarkConnectionInUse(C3P0PooledConnectionPool.java:758)
	at com.mchange.v2.c3p0.impl.C3P0PooledConnectionPool.checkoutPooledConnection(C3P0PooledConnectionPool.java:685)
	at com.mchange.v2.c3p0.impl.AbstractPoolBackedDataSource.getConnection(AbstractPoolBackedDataSource.java:140)
	at org.springframework.jdbc.datasource.DataSourceUtils.doGetConnection(DataSourceUtils.java:111)
	at org.springframework.jdbc.datasource.DataSourceUtils.getConnection(DataSourceUtils.java:77)
	at org.mybatis.spring.transaction.SpringManagedTransaction.openConnection(SpringManagedTransaction.java:82)
	at org.mybatis.spring.transaction.SpringManagedTransaction.getConnection(SpringManagedTransaction.java:68)
	at org.apache.ibatis.executor.BaseExecutor.getConnection(BaseExecutor.java:336)
	at org.apache.ibatis.executor.SimpleExecutor.prepareStatement(SimpleExecutor.java:84)
	at org.apache.ibatis.executor.SimpleExecutor.doQuery(SimpleExecutor.java:62)
	at org.apache.ibatis.executor.BaseExecutor.queryFromDatabase(BaseExecutor.java:324)
	at org.apache.ibatis.executor.BaseExecutor.query(BaseExecutor.java:156)
	at org.apache.ibatis.executor.CachingExecutor.query(CachingExecutor.java:109)
	at org.apache.ibatis.executor.CachingExecutor.query(CachingExecutor.java:83)
	at org.apache.ibatis.session.defaults.DefaultSqlSession.selectList(DefaultSqlSession.java:148)
	at org.apache.ibatis.session.defaults.DefaultSqlSession.selectList(DefaultSqlSession.java:141)
	at org.apache.ibatis.session.defaults.DefaultSqlSession.selectOne(DefaultSqlSession.java:77)
	at sun.reflect.NativeMethodAccessorImpl.invoke0(Native Method)
	at sun.reflect.NativeMethodAccessorImpl.invoke(NativeMethodAccessorImpl.java:62)
	at sun.reflect.DelegatingMethodAccessorImpl.invoke(DelegatingMethodAccessorImpl.java:43)
	at java.lang.reflect.Method.invoke(Method.java:498)
	at org.mybatis.spring.SqlSessionTemplate$SqlSessionInterceptor.invoke(SqlSessionTemplate.java:433)
	at com.sun.proxy.$Proxy76.selectOne(Unknown Source)
	at org.mybatis.spring.SqlSessionTemplate.selectOne(SqlSessionTemplate.java:166)
	at org.apache.ibatis.binding.MapperMethod.execute(MapperMethod.java:82)
	at org.apache.ibatis.binding.MapperProxy.invoke(MapperProxy.java:59)
	at com.sun.proxy.$Proxy77.queryAreaById(Unknown Source)
	at com.imooc.demo.dao.AreaDaoTest.testCQueryAreaById(AreaDaoTest.java:51)
Caused by: java.sql.SQLException: Access denied for user 'root'@'localhost' (using password: YES)
	at com.mysql.jdbc.SQLError.createSQLException(SQLError.java:964)
	at com.mysql.jdbc.MysqlIO.checkErrorPacket(MysqlIO.java:3973)
	at com.mysql.jdbc.MysqlIO.checkErrorPacket(MysqlIO.java:3909)
	at com.mysql.jdbc.MysqlIO.checkErrorPacket(MysqlIO.java:873)
	at com.mysql.jdbc.MysqlIO.proceedHandshakeWithPluggableAuthentication(MysqlIO.java:1710)
	at com.mysql.jdbc.MysqlIO.doHandshake(MysqlIO.java:1226)
	at com.mysql.jdbc.ConnectionImpl.coreConnect(ConnectionImpl.java:2191)
	at com.mysql.jdbc.ConnectionImpl.connectOneTryOnly(ConnectionImpl.java:2222)
	at com.mysql.jdbc.ConnectionImpl.createNewIO(ConnectionImpl.java:2017)
	at com.mysql.jdbc.ConnectionImpl.<init>(ConnectionImpl.java:779)
	at com.mysql.jdbc.JDBC4Connection.<init>(JDBC4Connection.java:47)
	at sun.reflect.GeneratedConstructorAccessor30.newInstance(Unknown Source)
	at sun.reflect.DelegatingConstructorAccessorImpl.newInstance(DelegatingConstructorAccessorImpl.java:45)
	at java.lang.reflect.Constructor.newInstance(Constructor.java:423)
	at com.mysql.jdbc.Util.handleNewInstance(Util.java:425)
	at com.mysql.jdbc.ConnectionImpl.getInstance(ConnectionImpl.java:389)
	at com.mysql.jdbc.NonRegisteringDriver.connect(NonRegisteringDriver.java:330)
	at com.mchange.v2.c3p0.DriverManagerDataSource.getConnection(DriverManagerDataSource.java:175)
	at com.mchange.v2.c3p0.WrapperConnectionPoolDataSource.getPooledConnection(WrapperConnectionPoolDataSource.java:220)
	at com.mchange.v2.c3p0.WrapperConnectionPoolDataSource.getPooledConnection(WrapperConnectionPoolDataSource.java:206)
	at com.mchange.v2.c3p0.impl.C3P0PooledConnectionPool$1PooledConnectionResourcePoolManager.acquireResource(C3P0PooledConnectionPool.java:203)
	at com.mchange.v2.resourcepool.BasicResourcePool.doAcquire(BasicResourcePool.java:1138)
	at com.mchange.v2.resourcepool.BasicResourcePool.doAcquireAndDecrementPendingAcquiresWithinLockOnSuccess(BasicResourcePool.java:1125)
	at com.mchange.v2.resourcepool.BasicResourcePool.access$700(BasicResourcePool.java:44)
	at com.mchange.v2.resourcepool.BasicResourcePool$ScatteredAcquireTask.run(BasicResourcePool.java:1870)
	at com.mchange.v2.async.ThreadPoolAsynchronousRunner$PoolThread.run(ThreadPoolAsynchronousRunner.java:696)
]]></error>
    <system-out><![CDATA[2021-11-06 10:35:06.526  WARN 20064 --- [HelperThread-#2] c.m.v2.resourcepool.BasicResourcePool    : com.mchange.v2.resourcepool.BasicResourcePool$ScatteredAcquireTask@5a820454 -- Acquisition Attempt Failed!!! Clearing pending acquires. While trying to acquire a needed new resource, we failed to succeed more than the maximum number of allowed acquisition attempts (2). Last acquisition attempt exception: 

java.sql.SQLException: Access denied for user 'root'@'localhost' (using password: YES)
	at com.mysql.jdbc.SQLError.createSQLException(SQLError.java:964) ~[mysql-connector-java-5.1.44.jar:5.1.44]
	at com.mysql.jdbc.MysqlIO.checkErrorPacket(MysqlIO.java:3973) ~[mysql-connector-java-5.1.44.jar:5.1.44]
	at com.mysql.jdbc.MysqlIO.checkErrorPacket(MysqlIO.java:3909) ~[mysql-connector-java-5.1.44.jar:5.1.44]
	at com.mysql.jdbc.MysqlIO.checkErrorPacket(MysqlIO.java:873) ~[mysql-connector-java-5.1.44.jar:5.1.44]
	at com.mysql.jdbc.MysqlIO.proceedHandshakeWithPluggableAuthentication(MysqlIO.java:1710) ~[mysql-connector-java-5.1.44.jar:5.1.44]
	at com.mysql.jdbc.MysqlIO.doHandshake(MysqlIO.java:1226) ~[mysql-connector-java-5.1.44.jar:5.1.44]
	at com.mysql.jdbc.ConnectionImpl.coreConnect(ConnectionImpl.java:2191) ~[mysql-connector-java-5.1.44.jar:5.1.44]
	at com.mysql.jdbc.ConnectionImpl.connectOneTryOnly(ConnectionImpl.java:2222) ~[mysql-connector-java-5.1.44.jar:5.1.44]
	at com.mysql.jdbc.ConnectionImpl.createNewIO(ConnectionImpl.java:2017) ~[mysql-connector-java-5.1.44.jar:5.1.44]
	at com.mysql.jdbc.ConnectionImpl.<init>(ConnectionImpl.java:779) ~[mysql-connector-java-5.1.44.jar:5.1.44]
	at com.mysql.jdbc.JDBC4Connection.<init>(JDBC4Connection.java:47) ~[mysql-connector-java-5.1.44.jar:5.1.44]
	at sun.reflect.GeneratedConstructorAccessor30.newInstance(Unknown Source) ~[na:na]
	at sun.reflect.DelegatingConstructorAccessorImpl.newInstance(DelegatingConstructorAccessorImpl.java:45) ~[na:1.8.0_201]
	at java.lang.reflect.Constructor.newInstance(Constructor.java:423) ~[na:1.8.0_201]
	at com.mysql.jdbc.Util.handleNewInstance(Util.java:425) ~[mysql-connector-java-5.1.44.jar:5.1.44]
	at com.mysql.jdbc.ConnectionImpl.getInstance(ConnectionImpl.java:389) ~[mysql-connector-java-5.1.44.jar:5.1.44]
	at com.mysql.jdbc.NonRegisteringDriver.connect(NonRegisteringDriver.java:330) ~[mysql-connector-java-5.1.44.jar:5.1.44]
	at com.mchange.v2.c3p0.DriverManagerDataSource.getConnection(DriverManagerDataSource.java:175) ~[c3p0-0.9.5.2.jar:0.9.5.2]
	at com.mchange.v2.c3p0.WrapperConnectionPoolDataSource.getPooledConnection(WrapperConnectionPoolDataSource.java:220) ~[c3p0-0.9.5.2.jar:0.9.5.2]
	at com.mchange.v2.c3p0.WrapperConnectionPoolDataSource.getPooledConnection(WrapperConnectionPoolDataSource.java:206) ~[c3p0-0.9.5.2.jar:0.9.5.2]
	at com.mchange.v2.c3p0.impl.C3P0PooledConnectionPool$1PooledConnectionResourcePoolManager.acquireResource(C3P0PooledConnectionPool.java:203) ~[c3p0-0.9.5.2.jar:0.9.5.2]
	at com.mchange.v2.resourcepool.BasicResourcePool.doAcquire(BasicResourcePool.java:1138) ~[c3p0-0.9.5.2.jar:0.9.5.2]
	at com.mchange.v2.resourcepool.BasicResourcePool.doAcquireAndDecrementPendingAcquiresWithinLockOnSuccess(BasicResourcePool.java:1125) ~[c3p0-0.9.5.2.jar:0.9.5.2]
	at com.mchange.v2.resourcepool.BasicResourcePool.access$700(BasicResourcePool.java:44) ~[c3p0-0.9.5.2.jar:0.9.5.2]
	at com.mchange.v2.resourcepool.BasicResourcePool$ScatteredAcquireTask.run(BasicResourcePool.java:1870) ~[c3p0-0.9.5.2.jar:0.9.5.2]
	at com.mchange.v2.async.ThreadPoolAsynchronousRunner$PoolThread.run(ThreadPoolAsynchronousRunner.java:696) [mchange-commons-java-0.2.11.jar:0.2.11]

2021-11-06 10:35:06.526  WARN 20064 --- [HelperThread-#2] c.m.v2.resourcepool.BasicResourcePool    : Having failed to acquire a resource, com.mchange.v2.resourcepool.BasicResourcePool@255e5e2e is interrupting all Threads waiting on a resource to check out. Will try again in response to new client requests.
2021-11-06 10:35:06.526  WARN 20064 --- [HelperThread-#1] c.m.v2.resourcepool.BasicResourcePool    : com.mchange.v2.resourcepool.BasicResourcePool$ScatteredAcquireTask@778793ed -- Acquisition Attempt Failed!!! Clearing pending acquires. While trying to acquire a needed new resource, we failed to succeed more than the maximum number of allowed acquisition attempts (2). Last acquisition attempt exception: 

java.sql.SQLException: Access denied for user 'root'@'localhost' (using password: YES)
	at com.mysql.jdbc.SQLError.createSQLException(SQLError.java:964) ~[mysql-connector-java-5.1.44.jar:5.1.44]
	at com.mysql.jdbc.MysqlIO.checkErrorPacket(MysqlIO.java:3973) ~[mysql-connector-java-5.1.44.jar:5.1.44]
	at com.mysql.jdbc.MysqlIO.checkErrorPacket(MysqlIO.java:3909) ~[mysql-connector-java-5.1.44.jar:5.1.44]
	at com.mysql.jdbc.MysqlIO.checkErrorPacket(MysqlIO.java:873) ~[mysql-connector-java-5.1.44.jar:5.1.44]
	at com.mysql.jdbc.MysqlIO.proceedHandshakeWithPluggableAuthentication(MysqlIO.java:1710) ~[mysql-connector-java-5.1.44.jar:5.1.44]
	at com.mysql.jdbc.MysqlIO.doHandshake(MysqlIO.java:1226) ~[mysql-connector-java-5.1.44.jar:5.1.44]
	at com.mysql.jdbc.ConnectionImpl.coreConnect(ConnectionImpl.java:2191) ~[mysql-connector-java-5.1.44.jar:5.1.44]
	at com.mysql.jdbc.ConnectionImpl.connectOneTryOnly(ConnectionImpl.java:2222) ~[mysql-connector-java-5.1.44.jar:5.1.44]
	at com.mysql.jdbc.ConnectionImpl.createNewIO(ConnectionImpl.java:2017) ~[mysql-connector-java-5.1.44.jar:5.1.44]
	at com.mysql.jdbc.ConnectionImpl.<init>(ConnectionImpl.java:779) ~[mysql-connector-java-5.1.44.jar:5.1.44]
	at com.mysql.jdbc.JDBC4Connection.<init>(JDBC4Connection.java:47) ~[mysql-connector-java-5.1.44.jar:5.1.44]
	at sun.reflect.GeneratedConstructorAccessor30.newInstance(Unknown Source) ~[na:na]
	at sun.reflect.DelegatingConstructorAccessorImpl.newInstance(DelegatingConstructorAccessorImpl.java:45) ~[na:1.8.0_201]
	at java.lang.reflect.Constructor.newInstance(Constructor.java:423) ~[na:1.8.0_201]
	at com.mysql.jdbc.Util.handleNewInstance(Util.java:425) ~[mysql-connector-java-5.1.44.jar:5.1.44]
	at com.mysql.jdbc.ConnectionImpl.getInstance(ConnectionImpl.java:389) ~[mysql-connector-java-5.1.44.jar:5.1.44]
	at com.mysql.jdbc.NonRegisteringDriver.connect(NonRegisteringDriver.java:330) ~[mysql-connector-java-5.1.44.jar:5.1.44]
	at com.mchange.v2.c3p0.DriverManagerDataSource.getConnection(DriverManagerDataSource.java:175) ~[c3p0-0.9.5.2.jar:0.9.5.2]
	at com.mchange.v2.c3p0.WrapperConnectionPoolDataSource.getPooledConnection(WrapperConnectionPoolDataSource.java:220) ~[c3p0-0.9.5.2.jar:0.9.5.2]
	at com.mchange.v2.c3p0.WrapperConnectionPoolDataSource.getPooledConnection(WrapperConnectionPoolDataSource.java:206) ~[c3p0-0.9.5.2.jar:0.9.5.2]
	at com.mchange.v2.c3p0.impl.C3P0PooledConnectionPool$1PooledConnectionResourcePoolManager.acquireResource(C3P0PooledConnectionPool.java:203) ~[c3p0-0.9.5.2.jar:0.9.5.2]
	at com.mchange.v2.resourcepool.BasicResourcePool.doAcquire(BasicResourcePool.java:1138) ~[c3p0-0.9.5.2.jar:0.9.5.2]
	at com.mchange.v2.resourcepool.BasicResourcePool.doAcquireAndDecrementPendingAcquiresWithinLockOnSuccess(BasicResourcePool.java:1125) ~[c3p0-0.9.5.2.jar:0.9.5.2]
	at com.mchange.v2.resourcepool.BasicResourcePool.access$700(BasicResourcePool.java:44) ~[c3p0-0.9.5.2.jar:0.9.5.2]
	at com.mchange.v2.resourcepool.BasicResourcePool$ScatteredAcquireTask.run(BasicResourcePool.java:1870) ~[c3p0-0.9.5.2.jar:0.9.5.2]
	at com.mchange.v2.async.ThreadPoolAsynchronousRunner$PoolThread.run(ThreadPoolAsynchronousRunner.java:696) [mchange-commons-java-0.2.11.jar:0.2.11]

2021-11-06 10:35:06.527  WARN 20064 --- [HelperThread-#1] c.m.v2.resourcepool.BasicResourcePool    : Having failed to acquire a resource, com.mchange.v2.resourcepool.BasicResourcePool@255e5e2e is interrupting all Threads waiting on a resource to check out. Will try again in response to new client requests.
2021-11-06 10:35:06.535  WARN 20064 --- [HelperThread-#0] c.m.v2.resourcepool.BasicResourcePool    : com.mchange.v2.resourcepool.BasicResourcePool$ScatteredAcquireTask@64f369c -- Acquisition Attempt Failed!!! Clearing pending acquires. While trying to acquire a needed new resource, we failed to succeed more than the maximum number of allowed acquisition attempts (2). Last acquisition attempt exception: 

java.sql.SQLException: Access denied for user 'root'@'localhost' (using password: YES)
	at com.mysql.jdbc.SQLError.createSQLException(SQLError.java:964) ~[mysql-connector-java-5.1.44.jar:5.1.44]
	at com.mysql.jdbc.MysqlIO.checkErrorPacket(MysqlIO.java:3973) ~[mysql-connector-java-5.1.44.jar:5.1.44]
	at com.mysql.jdbc.MysqlIO.checkErrorPacket(MysqlIO.java:3909) ~[mysql-connector-java-5.1.44.jar:5.1.44]
	at com.mysql.jdbc.MysqlIO.checkErrorPacket(MysqlIO.java:873) ~[mysql-connector-java-5.1.44.jar:5.1.44]
	at com.mysql.jdbc.MysqlIO.proceedHandshakeWithPluggableAuthentication(MysqlIO.java:1710) ~[mysql-connector-java-5.1.44.jar:5.1.44]
	at com.mysql.jdbc.MysqlIO.doHandshake(MysqlIO.java:1226) ~[mysql-connector-java-5.1.44.jar:5.1.44]
	at com.mysql.jdbc.ConnectionImpl.coreConnect(ConnectionImpl.java:2191) ~[mysql-connector-java-5.1.44.jar:5.1.44]
	at com.mysql.jdbc.ConnectionImpl.connectOneTryOnly(ConnectionImpl.java:2222) ~[mysql-connector-java-5.1.44.jar:5.1.44]
	at com.mysql.jdbc.ConnectionImpl.createNewIO(ConnectionImpl.java:2017) ~[mysql-connector-java-5.1.44.jar:5.1.44]
	at com.mysql.jdbc.ConnectionImpl.<init>(ConnectionImpl.java:779) ~[mysql-connector-java-5.1.44.jar:5.1.44]
	at com.mysql.jdbc.JDBC4Connection.<init>(JDBC4Connection.java:47) ~[mysql-connector-java-5.1.44.jar:5.1.44]
	at sun.reflect.GeneratedConstructorAccessor30.newInstance(Unknown Source) ~[na:na]
	at sun.reflect.DelegatingConstructorAccessorImpl.newInstance(DelegatingConstructorAccessorImpl.java:45) ~[na:1.8.0_201]
	at java.lang.reflect.Constructor.newInstance(Constructor.java:423) ~[na:1.8.0_201]
	at com.mysql.jdbc.Util.handleNewInstance(Util.java:425) ~[mysql-connector-java-5.1.44.jar:5.1.44]
	at com.mysql.jdbc.ConnectionImpl.getInstance(ConnectionImpl.java:389) ~[mysql-connector-java-5.1.44.jar:5.1.44]
	at com.mysql.jdbc.NonRegisteringDriver.connect(NonRegisteringDriver.java:330) ~[mysql-connector-java-5.1.44.jar:5.1.44]
	at com.mchange.v2.c3p0.DriverManagerDataSource.getConnection(DriverManagerDataSource.java:175) ~[c3p0-0.9.5.2.jar:0.9.5.2]
	at com.mchange.v2.c3p0.WrapperConnectionPoolDataSource.getPooledConnection(WrapperConnectionPoolDataSource.java:220) ~[c3p0-0.9.5.2.jar:0.9.5.2]
	at com.mchange.v2.c3p0.WrapperConnectionPoolDataSource.getPooledConnection(WrapperConnectionPoolDataSource.java:206) ~[c3p0-0.9.5.2.jar:0.9.5.2]
	at com.mchange.v2.c3p0.impl.C3P0PooledConnectionPool$1PooledConnectionResourcePoolManager.acquireResource(C3P0PooledConnectionPool.java:203) ~[c3p0-0.9.5.2.jar:0.9.5.2]
	at com.mchange.v2.resourcepool.BasicResourcePool.doAcquire(BasicResourcePool.java:1138) ~[c3p0-0.9.5.2.jar:0.9.5.2]
	at com.mchange.v2.resourcepool.BasicResourcePool.doAcquireAndDecrementPendingAcquiresWithinLockOnSuccess(BasicResourcePool.java:1125) ~[c3p0-0.9.5.2.jar:0.9.5.2]
	at com.mchange.v2.resourcepool.BasicResourcePool.access$700(BasicResourcePool.java:44) ~[c3p0-0.9.5.2.jar:0.9.5.2]
	at com.mchange.v2.resourcepool.BasicResourcePool$ScatteredAcquireTask.run(BasicResourcePool.java:1870) ~[c3p0-0.9.5.2.jar:0.9.5.2]
	at com.mchange.v2.async.ThreadPoolAsynchronousRunner$PoolThread.run(ThreadPoolAsynchronousRunner.java:696) [mchange-commons-java-0.2.11.jar:0.2.11]

2021-11-06 10:35:06.535  WARN 20064 --- [HelperThread-#0] c.m.v2.resourcepool.BasicResourcePool    : Having failed to acquire a resource, com.mchange.v2.resourcepool.BasicResourcePool@255e5e2e is interrupting all Threads waiting on a resource to check out. Will try again in response to new client requests.
]]></system-out>
  </testcase>
  <testcase name="testDUpateArea" classname="com.imooc.demo.dao.AreaDaoTest" time="0.021">
    <error message="nested exception is org.apache.ibatis.exceptions.PersistenceException: &#10;### Error querying database.  Cause: org.springframework.jdbc.CannotGetJdbcConnectionException: Could not get JDBC Connection; nested exception is java.sql.SQLException: Connections could not be acquired from the underlying database!&#10;### The error may exist in file [C:\Users\helida\Desktop\demo-master\demo-master\target\classes\mapper\AreaDao.xml]&#10;### The error may involve com.imooc.demo.dao.AreaDao.queryArea&#10;### The error occurred while executing a query&#10;### Cause: org.springframework.jdbc.CannotGetJdbcConnectionException: Could not get JDBC Connection; nested exception is java.sql.SQLException: Connections could not be acquired from the underlying database!" type="org.mybatis.spring.MyBatisSystemException"><![CDATA[org.mybatis.spring.MyBatisSystemException: nested exception is org.apache.ibatis.exceptions.PersistenceException: 
### Error querying database.  Cause: org.springframework.jdbc.CannotGetJdbcConnectionException: Could not get JDBC Connection; nested exception is java.sql.SQLException: Connections could not be acquired from the underlying database!
### The error may exist in file [C:\Users\helida\Desktop\demo-master\demo-master\target\classes\mapper\AreaDao.xml]
### The error may involve com.imooc.demo.dao.AreaDao.queryArea
### The error occurred while executing a query
### Cause: org.springframework.jdbc.CannotGetJdbcConnectionException: Could not get JDBC Connection; nested exception is java.sql.SQLException: Connections could not be acquired from the underlying database!
	at com.mchange.v2.resourcepool.BasicResourcePool.awaitAvailable(BasicResourcePool.java:1469)
	at com.mchange.v2.resourcepool.BasicResourcePool.prelimCheckoutResource(BasicResourcePool.java:644)
	at com.mchange.v2.resourcepool.BasicResourcePool.checkoutResource(BasicResourcePool.java:554)
	at com.mchange.v2.c3p0.impl.C3P0PooledConnectionPool.checkoutAndMarkConnectionInUse(C3P0PooledConnectionPool.java:758)
	at com.mchange.v2.c3p0.impl.C3P0PooledConnectionPool.checkoutPooledConnection(C3P0PooledConnectionPool.java:685)
	at com.mchange.v2.c3p0.impl.AbstractPoolBackedDataSource.getConnection(AbstractPoolBackedDataSource.java:140)
	at org.springframework.jdbc.datasource.DataSourceUtils.doGetConnection(DataSourceUtils.java:111)
	at org.springframework.jdbc.datasource.DataSourceUtils.getConnection(DataSourceUtils.java:77)
	at org.mybatis.spring.transaction.SpringManagedTransaction.openConnection(SpringManagedTransaction.java:82)
	at org.mybatis.spring.transaction.SpringManagedTransaction.getConnection(SpringManagedTransaction.java:68)
	at org.apache.ibatis.executor.BaseExecutor.getConnection(BaseExecutor.java:336)
	at org.apache.ibatis.executor.SimpleExecutor.prepareStatement(SimpleExecutor.java:84)
	at org.apache.ibatis.executor.SimpleExecutor.doQuery(SimpleExecutor.java:62)
	at org.apache.ibatis.executor.BaseExecutor.queryFromDatabase(BaseExecutor.java:324)
	at org.apache.ibatis.executor.BaseExecutor.query(BaseExecutor.java:156)
	at org.apache.ibatis.executor.CachingExecutor.query(CachingExecutor.java:109)
	at org.apache.ibatis.executor.CachingExecutor.query(CachingExecutor.java:83)
	at org.apache.ibatis.session.defaults.DefaultSqlSession.selectList(DefaultSqlSession.java:148)
	at org.apache.ibatis.session.defaults.DefaultSqlSession.selectList(DefaultSqlSession.java:141)
	at sun.reflect.NativeMethodAccessorImpl.invoke0(Native Method)
	at sun.reflect.NativeMethodAccessorImpl.invoke(NativeMethodAccessorImpl.java:62)
	at sun.reflect.DelegatingMethodAccessorImpl.invoke(DelegatingMethodAccessorImpl.java:43)
	at java.lang.reflect.Method.invoke(Method.java:498)
	at org.mybatis.spring.SqlSessionTemplate$SqlSessionInterceptor.invoke(SqlSessionTemplate.java:433)
	at com.sun.proxy.$Proxy76.selectList(Unknown Source)
	at org.mybatis.spring.SqlSessionTemplate.selectList(SqlSessionTemplate.java:230)
	at org.apache.ibatis.binding.MapperMethod.executeForMany(MapperMethod.java:137)
	at org.apache.ibatis.binding.MapperMethod.execute(MapperMethod.java:75)
	at org.apache.ibatis.binding.MapperProxy.invoke(MapperProxy.java:59)
	at com.sun.proxy.$Proxy77.queryArea(Unknown Source)
	at com.imooc.demo.dao.AreaDaoTest.testDUpateArea(AreaDaoTest.java:57)
Caused by: java.sql.SQLException: Access denied for user 'root'@'localhost' (using password: YES)
	at com.mysql.jdbc.SQLError.createSQLException(SQLError.java:964)
	at com.mysql.jdbc.MysqlIO.checkErrorPacket(MysqlIO.java:3973)
	at com.mysql.jdbc.MysqlIO.checkErrorPacket(MysqlIO.java:3909)
	at com.mysql.jdbc.MysqlIO.checkErrorPacket(MysqlIO.java:873)
	at com.mysql.jdbc.MysqlIO.proceedHandshakeWithPluggableAuthentication(MysqlIO.java:1710)
	at com.mysql.jdbc.MysqlIO.doHandshake(MysqlIO.java:1226)
	at com.mysql.jdbc.ConnectionImpl.coreConnect(ConnectionImpl.java:2191)
	at com.mysql.jdbc.ConnectionImpl.connectOneTryOnly(ConnectionImpl.java:2222)
	at com.mysql.jdbc.ConnectionImpl.createNewIO(ConnectionImpl.java:2017)
	at com.mysql.jdbc.ConnectionImpl.<init>(ConnectionImpl.java:779)
	at com.mysql.jdbc.JDBC4Connection.<init>(JDBC4Connection.java:47)
	at sun.reflect.GeneratedConstructorAccessor30.newInstance(Unknown Source)
	at sun.reflect.DelegatingConstructorAccessorImpl.newInstance(DelegatingConstructorAccessorImpl.java:45)
	at java.lang.reflect.Constructor.newInstance(Constructor.java:423)
	at com.mysql.jdbc.Util.handleNewInstance(Util.java:425)
	at com.mysql.jdbc.ConnectionImpl.getInstance(ConnectionImpl.java:389)
	at com.mysql.jdbc.NonRegisteringDriver.connect(NonRegisteringDriver.java:330)
	at com.mchange.v2.c3p0.DriverManagerDataSource.getConnection(DriverManagerDataSource.java:175)
	at com.mchange.v2.c3p0.WrapperConnectionPoolDataSource.getPooledConnection(WrapperConnectionPoolDataSource.java:220)
	at com.mchange.v2.c3p0.WrapperConnectionPoolDataSource.getPooledConnection(WrapperConnectionPoolDataSource.java:206)
	at com.mchange.v2.c3p0.impl.C3P0PooledConnectionPool$1PooledConnectionResourcePoolManager.acquireResource(C3P0PooledConnectionPool.java:203)
	at com.mchange.v2.resourcepool.BasicResourcePool.doAcquire(BasicResourcePool.java:1138)
	at com.mchange.v2.resourcepool.BasicResourcePool.doAcquireAndDecrementPendingAcquiresWithinLockOnSuccess(BasicResourcePool.java:1125)
	at com.mchange.v2.resourcepool.BasicResourcePool.access$700(BasicResourcePool.java:44)
	at com.mchange.v2.resourcepool.BasicResourcePool$ScatteredAcquireTask.run(BasicResourcePool.java:1870)
	at com.mchange.v2.async.ThreadPoolAsynchronousRunner$PoolThread.run(ThreadPoolAsynchronousRunner.java:696)
]]></error>
    <system-out><![CDATA[2021-11-06 10:35:06.546  WARN 20064 --- [HelperThread-#0] c.m.v2.resourcepool.BasicResourcePool    : com.mchange.v2.resourcepool.BasicResourcePool$ScatteredAcquireTask@6ca457c9 -- Acquisition Attempt Failed!!! Clearing pending acquires. While trying to acquire a needed new resource, we failed to succeed more than the maximum number of allowed acquisition attempts (2). Last acquisition attempt exception: 

java.sql.SQLException: Access denied for user 'root'@'localhost' (using password: YES)
	at com.mysql.jdbc.SQLError.createSQLException(SQLError.java:964) ~[mysql-connector-java-5.1.44.jar:5.1.44]
	at com.mysql.jdbc.MysqlIO.checkErrorPacket(MysqlIO.java:3973) ~[mysql-connector-java-5.1.44.jar:5.1.44]
	at com.mysql.jdbc.MysqlIO.checkErrorPacket(MysqlIO.java:3909) ~[mysql-connector-java-5.1.44.jar:5.1.44]
	at com.mysql.jdbc.MysqlIO.checkErrorPacket(MysqlIO.java:873) ~[mysql-connector-java-5.1.44.jar:5.1.44]
	at com.mysql.jdbc.MysqlIO.proceedHandshakeWithPluggableAuthentication(MysqlIO.java:1710) ~[mysql-connector-java-5.1.44.jar:5.1.44]
	at com.mysql.jdbc.MysqlIO.doHandshake(MysqlIO.java:1226) ~[mysql-connector-java-5.1.44.jar:5.1.44]
	at com.mysql.jdbc.ConnectionImpl.coreConnect(ConnectionImpl.java:2191) ~[mysql-connector-java-5.1.44.jar:5.1.44]
	at com.mysql.jdbc.ConnectionImpl.connectOneTryOnly(ConnectionImpl.java:2222) ~[mysql-connector-java-5.1.44.jar:5.1.44]
	at com.mysql.jdbc.ConnectionImpl.createNewIO(ConnectionImpl.java:2017) ~[mysql-connector-java-5.1.44.jar:5.1.44]
	at com.mysql.jdbc.ConnectionImpl.<init>(ConnectionImpl.java:779) ~[mysql-connector-java-5.1.44.jar:5.1.44]
	at com.mysql.jdbc.JDBC4Connection.<init>(JDBC4Connection.java:47) ~[mysql-connector-java-5.1.44.jar:5.1.44]
	at sun.reflect.GeneratedConstructorAccessor30.newInstance(Unknown Source) ~[na:na]
	at sun.reflect.DelegatingConstructorAccessorImpl.newInstance(DelegatingConstructorAccessorImpl.java:45) ~[na:1.8.0_201]
	at java.lang.reflect.Constructor.newInstance(Constructor.java:423) ~[na:1.8.0_201]
	at com.mysql.jdbc.Util.handleNewInstance(Util.java:425) ~[mysql-connector-java-5.1.44.jar:5.1.44]
	at com.mysql.jdbc.ConnectionImpl.getInstance(ConnectionImpl.java:389) ~[mysql-connector-java-5.1.44.jar:5.1.44]
	at com.mysql.jdbc.NonRegisteringDriver.connect(NonRegisteringDriver.java:330) ~[mysql-connector-java-5.1.44.jar:5.1.44]
	at com.mchange.v2.c3p0.DriverManagerDataSource.getConnection(DriverManagerDataSource.java:175) ~[c3p0-0.9.5.2.jar:0.9.5.2]
	at com.mchange.v2.c3p0.WrapperConnectionPoolDataSource.getPooledConnection(WrapperConnectionPoolDataSource.java:220) ~[c3p0-0.9.5.2.jar:0.9.5.2]
	at com.mchange.v2.c3p0.WrapperConnectionPoolDataSource.getPooledConnection(WrapperConnectionPoolDataSource.java:206) ~[c3p0-0.9.5.2.jar:0.9.5.2]
	at com.mchange.v2.c3p0.impl.C3P0PooledConnectionPool$1PooledConnectionResourcePoolManager.acquireResource(C3P0PooledConnectionPool.java:203) ~[c3p0-0.9.5.2.jar:0.9.5.2]
	at com.mchange.v2.resourcepool.BasicResourcePool.doAcquire(BasicResourcePool.java:1138) ~[c3p0-0.9.5.2.jar:0.9.5.2]
	at com.mchange.v2.resourcepool.BasicResourcePool.doAcquireAndDecrementPendingAcquiresWithinLockOnSuccess(BasicResourcePool.java:1125) ~[c3p0-0.9.5.2.jar:0.9.5.2]
	at com.mchange.v2.resourcepool.BasicResourcePool.access$700(BasicResourcePool.java:44) ~[c3p0-0.9.5.2.jar:0.9.5.2]
	at com.mchange.v2.resourcepool.BasicResourcePool$ScatteredAcquireTask.run(BasicResourcePool.java:1870) ~[c3p0-0.9.5.2.jar:0.9.5.2]
	at com.mchange.v2.async.ThreadPoolAsynchronousRunner$PoolThread.run(ThreadPoolAsynchronousRunner.java:696) [mchange-commons-java-0.2.11.jar:0.2.11]

2021-11-06 10:35:06.547  WARN 20064 --- [HelperThread-#0] c.m.v2.resourcepool.BasicResourcePool    : Having failed to acquire a resource, com.mchange.v2.resourcepool.BasicResourcePool@255e5e2e is interrupting all Threads waiting on a resource to check out. Will try again in response to new client requests.
]]></system-out>
  </testcase>
  <testcase name="testEDeleteArea" classname="com.imooc.demo.dao.AreaDaoTest" time="0.049">
    <error message="nested exception is org.apache.ibatis.exceptions.PersistenceException: &#10;### Error querying database.  Cause: org.springframework.jdbc.CannotGetJdbcConnectionException: Could not get JDBC Connection; nested exception is java.sql.SQLException: Connections could not be acquired from the underlying database!&#10;### The error may exist in file [C:\Users\helida\Desktop\demo-master\demo-master\target\classes\mapper\AreaDao.xml]&#10;### The error may involve com.imooc.demo.dao.AreaDao.queryArea&#10;### The error occurred while executing a query&#10;### Cause: org.springframework.jdbc.CannotGetJdbcConnectionException: Could not get JDBC Connection; nested exception is java.sql.SQLException: Connections could not be acquired from the underlying database!" type="org.mybatis.spring.MyBatisSystemException"><![CDATA[org.mybatis.spring.MyBatisSystemException: nested exception is org.apache.ibatis.exceptions.PersistenceException: 
### Error querying database.  Cause: org.springframework.jdbc.CannotGetJdbcConnectionException: Could not get JDBC Connection; nested exception is java.sql.SQLException: Connections could not be acquired from the underlying database!
### The error may exist in file [C:\Users\helida\Desktop\demo-master\demo-master\target\classes\mapper\AreaDao.xml]
### The error may involve com.imooc.demo.dao.AreaDao.queryArea
### The error occurred while executing a query
### Cause: org.springframework.jdbc.CannotGetJdbcConnectionException: Could not get JDBC Connection; nested exception is java.sql.SQLException: Connections could not be acquired from the underlying database!
	at com.mchange.v2.resourcepool.BasicResourcePool.awaitAvailable(BasicResourcePool.java:1469)
	at com.mchange.v2.resourcepool.BasicResourcePool.prelimCheckoutResource(BasicResourcePool.java:644)
	at com.mchange.v2.resourcepool.BasicResourcePool.checkoutResource(BasicResourcePool.java:554)
	at com.mchange.v2.c3p0.impl.C3P0PooledConnectionPool.checkoutAndMarkConnectionInUse(C3P0PooledConnectionPool.java:758)
	at com.mchange.v2.c3p0.impl.C3P0PooledConnectionPool.checkoutPooledConnection(C3P0PooledConnectionPool.java:685)
	at com.mchange.v2.c3p0.impl.AbstractPoolBackedDataSource.getConnection(AbstractPoolBackedDataSource.java:140)
	at org.springframework.jdbc.datasource.DataSourceUtils.doGetConnection(DataSourceUtils.java:111)
	at org.springframework.jdbc.datasource.DataSourceUtils.getConnection(DataSourceUtils.java:77)
	at org.mybatis.spring.transaction.SpringManagedTransaction.openConnection(SpringManagedTransaction.java:82)
	at org.mybatis.spring.transaction.SpringManagedTransaction.getConnection(SpringManagedTransaction.java:68)
	at org.apache.ibatis.executor.BaseExecutor.getConnection(BaseExecutor.java:336)
	at org.apache.ibatis.executor.SimpleExecutor.prepareStatement(SimpleExecutor.java:84)
	at org.apache.ibatis.executor.SimpleExecutor.doQuery(SimpleExecutor.java:62)
	at org.apache.ibatis.executor.BaseExecutor.queryFromDatabase(BaseExecutor.java:324)
	at org.apache.ibatis.executor.BaseExecutor.query(BaseExecutor.java:156)
	at org.apache.ibatis.executor.CachingExecutor.query(CachingExecutor.java:109)
	at org.apache.ibatis.executor.CachingExecutor.query(CachingExecutor.java:83)
	at org.apache.ibatis.session.defaults.DefaultSqlSession.selectList(DefaultSqlSession.java:148)
	at org.apache.ibatis.session.defaults.DefaultSqlSession.selectList(DefaultSqlSession.java:141)
	at sun.reflect.NativeMethodAccessorImpl.invoke0(Native Method)
	at sun.reflect.NativeMethodAccessorImpl.invoke(NativeMethodAccessorImpl.java:62)
	at sun.reflect.DelegatingMethodAccessorImpl.invoke(DelegatingMethodAccessorImpl.java:43)
	at java.lang.reflect.Method.invoke(Method.java:498)
	at org.mybatis.spring.SqlSessionTemplate$SqlSessionInterceptor.invoke(SqlSessionTemplate.java:433)
	at com.sun.proxy.$Proxy76.selectList(Unknown Source)
	at org.mybatis.spring.SqlSessionTemplate.selectList(SqlSessionTemplate.java:230)
	at org.apache.ibatis.binding.MapperMethod.executeForMany(MapperMethod.java:137)
	at org.apache.ibatis.binding.MapperMethod.execute(MapperMethod.java:75)
	at org.apache.ibatis.binding.MapperProxy.invoke(MapperProxy.java:59)
	at com.sun.proxy.$Proxy77.queryArea(Unknown Source)
	at com.imooc.demo.dao.AreaDaoTest.testEDeleteArea(AreaDaoTest.java:71)
Caused by: java.sql.SQLException: Access denied for user 'root'@'localhost' (using password: YES)
	at com.mysql.jdbc.SQLError.createSQLException(SQLError.java:964)
	at com.mysql.jdbc.MysqlIO.checkErrorPacket(MysqlIO.java:3973)
	at com.mysql.jdbc.MysqlIO.checkErrorPacket(MysqlIO.java:3909)
	at com.mysql.jdbc.MysqlIO.checkErrorPacket(MysqlIO.java:873)
	at com.mysql.jdbc.MysqlIO.proceedHandshakeWithPluggableAuthentication(MysqlIO.java:1710)
	at com.mysql.jdbc.MysqlIO.doHandshake(MysqlIO.java:1226)
	at com.mysql.jdbc.ConnectionImpl.coreConnect(ConnectionImpl.java:2191)
	at com.mysql.jdbc.ConnectionImpl.connectOneTryOnly(ConnectionImpl.java:2222)
	at com.mysql.jdbc.ConnectionImpl.createNewIO(ConnectionImpl.java:2017)
	at com.mysql.jdbc.ConnectionImpl.<init>(ConnectionImpl.java:779)
	at com.mysql.jdbc.JDBC4Connection.<init>(JDBC4Connection.java:47)
	at sun.reflect.GeneratedConstructorAccessor30.newInstance(Unknown Source)
	at sun.reflect.DelegatingConstructorAccessorImpl.newInstance(DelegatingConstructorAccessorImpl.java:45)
	at java.lang.reflect.Constructor.newInstance(Constructor.java:423)
	at com.mysql.jdbc.Util.handleNewInstance(Util.java:425)
	at com.mysql.jdbc.ConnectionImpl.getInstance(ConnectionImpl.java:389)
	at com.mysql.jdbc.NonRegisteringDriver.connect(NonRegisteringDriver.java:330)
	at com.mchange.v2.c3p0.DriverManagerDataSource.getConnection(DriverManagerDataSource.java:175)
	at com.mchange.v2.c3p0.WrapperConnectionPoolDataSource.getPooledConnection(WrapperConnectionPoolDataSource.java:220)
	at com.mchange.v2.c3p0.WrapperConnectionPoolDataSource.getPooledConnection(WrapperConnectionPoolDataSource.java:206)
	at com.mchange.v2.c3p0.impl.C3P0PooledConnectionPool$1PooledConnectionResourcePoolManager.acquireResource(C3P0PooledConnectionPool.java:203)
	at com.mchange.v2.resourcepool.BasicResourcePool.doAcquire(BasicResourcePool.java:1138)
	at com.mchange.v2.resourcepool.BasicResourcePool.doAcquireAndDecrementPendingAcquiresWithinLockOnSuccess(BasicResourcePool.java:1125)
	at com.mchange.v2.resourcepool.BasicResourcePool.access$700(BasicResourcePool.java:44)
	at com.mchange.v2.resourcepool.BasicResourcePool$ScatteredAcquireTask.run(BasicResourcePool.java:1870)
	at com.mchange.v2.async.ThreadPoolAsynchronousRunner$PoolThread.run(ThreadPoolAsynchronousRunner.java:696)
]]></error>
    <system-out><![CDATA[2021-11-06 10:35:06.553  WARN 20064 --- [HelperThread-#0] c.m.v2.resourcepool.BasicResourcePool    : com.mchange.v2.resourcepool.BasicResourcePool$ScatteredAcquireTask@6ec24446 -- Acquisition Attempt Failed!!! Clearing pending acquires. While trying to acquire a needed new resource, we failed to succeed more than the maximum number of allowed acquisition attempts (2). Last acquisition attempt exception: 

java.sql.SQLException: Access denied for user 'root'@'localhost' (using password: YES)
	at com.mysql.jdbc.SQLError.createSQLException(SQLError.java:964) ~[mysql-connector-java-5.1.44.jar:5.1.44]
	at com.mysql.jdbc.MysqlIO.checkErrorPacket(MysqlIO.java:3973) ~[mysql-connector-java-5.1.44.jar:5.1.44]
	at com.mysql.jdbc.MysqlIO.checkErrorPacket(MysqlIO.java:3909) ~[mysql-connector-java-5.1.44.jar:5.1.44]
	at com.mysql.jdbc.MysqlIO.checkErrorPacket(MysqlIO.java:873) ~[mysql-connector-java-5.1.44.jar:5.1.44]
	at com.mysql.jdbc.MysqlIO.proceedHandshakeWithPluggableAuthentication(MysqlIO.java:1710) ~[mysql-connector-java-5.1.44.jar:5.1.44]
	at com.mysql.jdbc.MysqlIO.doHandshake(MysqlIO.java:1226) ~[mysql-connector-java-5.1.44.jar:5.1.44]
	at com.mysql.jdbc.ConnectionImpl.coreConnect(ConnectionImpl.java:2191) ~[mysql-connector-java-5.1.44.jar:5.1.44]
	at com.mysql.jdbc.ConnectionImpl.connectOneTryOnly(ConnectionImpl.java:2222) ~[mysql-connector-java-5.1.44.jar:5.1.44]
	at com.mysql.jdbc.ConnectionImpl.createNewIO(ConnectionImpl.java:2017) ~[mysql-connector-java-5.1.44.jar:5.1.44]
	at com.mysql.jdbc.ConnectionImpl.<init>(ConnectionImpl.java:779) ~[mysql-connector-java-5.1.44.jar:5.1.44]
	at com.mysql.jdbc.JDBC4Connection.<init>(JDBC4Connection.java:47) ~[mysql-connector-java-5.1.44.jar:5.1.44]
	at sun.reflect.GeneratedConstructorAccessor30.newInstance(Unknown Source) ~[na:na]
	at sun.reflect.DelegatingConstructorAccessorImpl.newInstance(DelegatingConstructorAccessorImpl.java:45) ~[na:1.8.0_201]
	at java.lang.reflect.Constructor.newInstance(Constructor.java:423) ~[na:1.8.0_201]
	at com.mysql.jdbc.Util.handleNewInstance(Util.java:425) ~[mysql-connector-java-5.1.44.jar:5.1.44]
	at com.mysql.jdbc.ConnectionImpl.getInstance(ConnectionImpl.java:389) ~[mysql-connector-java-5.1.44.jar:5.1.44]
	at com.mysql.jdbc.NonRegisteringDriver.connect(NonRegisteringDriver.java:330) ~[mysql-connector-java-5.1.44.jar:5.1.44]
	at com.mchange.v2.c3p0.DriverManagerDataSource.getConnection(DriverManagerDataSource.java:175) ~[c3p0-0.9.5.2.jar:0.9.5.2]
	at com.mchange.v2.c3p0.WrapperConnectionPoolDataSource.getPooledConnection(WrapperConnectionPoolDataSource.java:220) ~[c3p0-0.9.5.2.jar:0.9.5.2]
	at com.mchange.v2.c3p0.WrapperConnectionPoolDataSource.getPooledConnection(WrapperConnectionPoolDataSource.java:206) ~[c3p0-0.9.5.2.jar:0.9.5.2]
	at com.mchange.v2.c3p0.impl.C3P0PooledConnectionPool$1PooledConnectionResourcePoolManager.acquireResource(C3P0PooledConnectionPool.java:203) ~[c3p0-0.9.5.2.jar:0.9.5.2]
	at com.mchange.v2.resourcepool.BasicResourcePool.doAcquire(BasicResourcePool.java:1138) ~[c3p0-0.9.5.2.jar:0.9.5.2]
	at com.mchange.v2.resourcepool.BasicResourcePool.doAcquireAndDecrementPendingAcquiresWithinLockOnSuccess(BasicResourcePool.java:1125) ~[c3p0-0.9.5.2.jar:0.9.5.2]
	at com.mchange.v2.resourcepool.BasicResourcePool.access$700(BasicResourcePool.java:44) ~[c3p0-0.9.5.2.jar:0.9.5.2]
	at com.mchange.v2.resourcepool.BasicResourcePool$ScatteredAcquireTask.run(BasicResourcePool.java:1870) ~[c3p0-0.9.5.2.jar:0.9.5.2]
	at com.mchange.v2.async.ThreadPoolAsynchronousRunner$PoolThread.run(ThreadPoolAsynchronousRunner.java:696) [mchange-commons-java-0.2.11.jar:0.2.11]

2021-11-06 10:35:06.553  WARN 20064 --- [HelperThread-#0] c.m.v2.resourcepool.BasicResourcePool    : Having failed to acquire a resource, com.mchange.v2.resourcepool.BasicResourcePool@255e5e2e is interrupting all Threads waiting on a resource to check out. Will try again in response to new client requests.
2021-11-06 10:35:06.558  WARN 20064 --- [HelperThread-#0] c.m.v2.resourcepool.BasicResourcePool    : com.mchange.v2.resourcepool.BasicResourcePool$ScatteredAcquireTask@11a2ff78 -- Acquisition Attempt Failed!!! Clearing pending acquires. While trying to acquire a needed new resource, we failed to succeed more than the maximum number of allowed acquisition attempts (2). Last acquisition attempt exception: 

java.sql.SQLException: Access denied for user 'root'@'localhost' (using password: YES)
	at com.mysql.jdbc.SQLError.createSQLException(SQLError.java:964) ~[mysql-connector-java-5.1.44.jar:5.1.44]
	at com.mysql.jdbc.MysqlIO.checkErrorPacket(MysqlIO.java:3973) ~[mysql-connector-java-5.1.44.jar:5.1.44]
	at com.mysql.jdbc.MysqlIO.checkErrorPacket(MysqlIO.java:3909) ~[mysql-connector-java-5.1.44.jar:5.1.44]
	at com.mysql.jdbc.MysqlIO.checkErrorPacket(MysqlIO.java:873) ~[mysql-connector-java-5.1.44.jar:5.1.44]
	at com.mysql.jdbc.MysqlIO.proceedHandshakeWithPluggableAuthentication(MysqlIO.java:1710) ~[mysql-connector-java-5.1.44.jar:5.1.44]
	at com.mysql.jdbc.MysqlIO.doHandshake(MysqlIO.java:1226) ~[mysql-connector-java-5.1.44.jar:5.1.44]
	at com.mysql.jdbc.ConnectionImpl.coreConnect(ConnectionImpl.java:2191) ~[mysql-connector-java-5.1.44.jar:5.1.44]
	at com.mysql.jdbc.ConnectionImpl.connectOneTryOnly(ConnectionImpl.java:2222) ~[mysql-connector-java-5.1.44.jar:5.1.44]
	at com.mysql.jdbc.ConnectionImpl.createNewIO(ConnectionImpl.java:2017) ~[mysql-connector-java-5.1.44.jar:5.1.44]
	at com.mysql.jdbc.ConnectionImpl.<init>(ConnectionImpl.java:779) ~[mysql-connector-java-5.1.44.jar:5.1.44]
	at com.mysql.jdbc.JDBC4Connection.<init>(JDBC4Connection.java:47) ~[mysql-connector-java-5.1.44.jar:5.1.44]
	at sun.reflect.GeneratedConstructorAccessor30.newInstance(Unknown Source) ~[na:na]
	at sun.reflect.DelegatingConstructorAccessorImpl.newInstance(DelegatingConstructorAccessorImpl.java:45) ~[na:1.8.0_201]
	at java.lang.reflect.Constructor.newInstance(Constructor.java:423) ~[na:1.8.0_201]
	at com.mysql.jdbc.Util.handleNewInstance(Util.java:425) ~[mysql-connector-java-5.1.44.jar:5.1.44]
	at com.mysql.jdbc.ConnectionImpl.getInstance(ConnectionImpl.java:389) ~[mysql-connector-java-5.1.44.jar:5.1.44]
	at com.mysql.jdbc.NonRegisteringDriver.connect(NonRegisteringDriver.java:330) ~[mysql-connector-java-5.1.44.jar:5.1.44]
	at com.mchange.v2.c3p0.DriverManagerDataSource.getConnection(DriverManagerDataSource.java:175) ~[c3p0-0.9.5.2.jar:0.9.5.2]
	at com.mchange.v2.c3p0.WrapperConnectionPoolDataSource.getPooledConnection(WrapperConnectionPoolDataSource.java:220) ~[c3p0-0.9.5.2.jar:0.9.5.2]
	at com.mchange.v2.c3p0.WrapperConnectionPoolDataSource.getPooledConnection(WrapperConnectionPoolDataSource.java:206) ~[c3p0-0.9.5.2.jar:0.9.5.2]
	at com.mchange.v2.c3p0.impl.C3P0PooledConnectionPool$1PooledConnectionResourcePoolManager.acquireResource(C3P0PooledConnectionPool.java:203) ~[c3p0-0.9.5.2.jar:0.9.5.2]
	at com.mchange.v2.resourcepool.BasicResourcePool.doAcquire(BasicResourcePool.java:1138) ~[c3p0-0.9.5.2.jar:0.9.5.2]
	at com.mchange.v2.resourcepool.BasicResourcePool.doAcquireAndDecrementPendingAcquiresWithinLockOnSuccess(BasicResourcePool.java:1125) ~[c3p0-0.9.5.2.jar:0.9.5.2]
	at com.mchange.v2.resourcepool.BasicResourcePool.access$700(BasicResourcePool.java:44) ~[c3p0-0.9.5.2.jar:0.9.5.2]
	at com.mchange.v2.resourcepool.BasicResourcePool$ScatteredAcquireTask.run(BasicResourcePool.java:1870) ~[c3p0-0.9.5.2.jar:0.9.5.2]
	at com.mchange.v2.async.ThreadPoolAsynchronousRunner$PoolThread.run(ThreadPoolAsynchronousRunner.java:696) [mchange-commons-java-0.2.11.jar:0.2.11]

2021-11-06 10:35:06.558  WARN 20064 --- [HelperThread-#0] c.m.v2.resourcepool.BasicResourcePool    : Having failed to acquire a resource, com.mchange.v2.resourcepool.BasicResourcePool@255e5e2e is interrupting all Threads waiting on a resource to check out. Will try again in response to new client requests.
2021-11-06 10:35:06.566  WARN 20064 --- [HelperThread-#0] c.m.v2.resourcepool.BasicResourcePool    : com.mchange.v2.resourcepool.BasicResourcePool$ScatteredAcquireTask@6e26c006 -- Acquisition Attempt Failed!!! Clearing pending acquires. While trying to acquire a needed new resource, we failed to succeed more than the maximum number of allowed acquisition attempts (2). Last acquisition attempt exception: 

java.sql.SQLException: Access denied for user 'root'@'localhost' (using password: YES)
	at com.mysql.jdbc.SQLError.createSQLException(SQLError.java:964) ~[mysql-connector-java-5.1.44.jar:5.1.44]
	at com.mysql.jdbc.MysqlIO.checkErrorPacket(MysqlIO.java:3973) ~[mysql-connector-java-5.1.44.jar:5.1.44]
	at com.mysql.jdbc.MysqlIO.checkErrorPacket(MysqlIO.java:3909) ~[mysql-connector-java-5.1.44.jar:5.1.44]
	at com.mysql.jdbc.MysqlIO.checkErrorPacket(MysqlIO.java:873) ~[mysql-connector-java-5.1.44.jar:5.1.44]
	at com.mysql.jdbc.MysqlIO.proceedHandshakeWithPluggableAuthentication(MysqlIO.java:1710) ~[mysql-connector-java-5.1.44.jar:5.1.44]
	at com.mysql.jdbc.MysqlIO.doHandshake(MysqlIO.java:1226) ~[mysql-connector-java-5.1.44.jar:5.1.44]
	at com.mysql.jdbc.ConnectionImpl.coreConnect(ConnectionImpl.java:2191) ~[mysql-connector-java-5.1.44.jar:5.1.44]
	at com.mysql.jdbc.ConnectionImpl.connectOneTryOnly(ConnectionImpl.java:2222) ~[mysql-connector-java-5.1.44.jar:5.1.44]
	at com.mysql.jdbc.ConnectionImpl.createNewIO(ConnectionImpl.java:2017) ~[mysql-connector-java-5.1.44.jar:5.1.44]
	at com.mysql.jdbc.ConnectionImpl.<init>(ConnectionImpl.java:779) ~[mysql-connector-java-5.1.44.jar:5.1.44]
	at com.mysql.jdbc.JDBC4Connection.<init>(JDBC4Connection.java:47) ~[mysql-connector-java-5.1.44.jar:5.1.44]
	at sun.reflect.GeneratedConstructorAccessor30.newInstance(Unknown Source) ~[na:na]
	at sun.reflect.DelegatingConstructorAccessorImpl.newInstance(DelegatingConstructorAccessorImpl.java:45) ~[na:1.8.0_201]
	at java.lang.reflect.Constructor.newInstance(Constructor.java:423) ~[na:1.8.0_201]
	at com.mysql.jdbc.Util.handleNewInstance(Util.java:425) ~[mysql-connector-java-5.1.44.jar:5.1.44]
	at com.mysql.jdbc.ConnectionImpl.getInstance(ConnectionImpl.java:389) ~[mysql-connector-java-5.1.44.jar:5.1.44]
	at com.mysql.jdbc.NonRegisteringDriver.connect(NonRegisteringDriver.java:330) ~[mysql-connector-java-5.1.44.jar:5.1.44]
	at com.mchange.v2.c3p0.DriverManagerDataSource.getConnection(DriverManagerDataSource.java:175) ~[c3p0-0.9.5.2.jar:0.9.5.2]
	at com.mchange.v2.c3p0.WrapperConnectionPoolDataSource.getPooledConnection(WrapperConnectionPoolDataSource.java:220) ~[c3p0-0.9.5.2.jar:0.9.5.2]
	at com.mchange.v2.c3p0.WrapperConnectionPoolDataSource.getPooledConnection(WrapperConnectionPoolDataSource.java:206) ~[c3p0-0.9.5.2.jar:0.9.5.2]
	at com.mchange.v2.c3p0.impl.C3P0PooledConnectionPool$1PooledConnectionResourcePoolManager.acquireResource(C3P0PooledConnectionPool.java:203) ~[c3p0-0.9.5.2.jar:0.9.5.2]
	at com.mchange.v2.resourcepool.BasicResourcePool.doAcquire(BasicResourcePool.java:1138) ~[c3p0-0.9.5.2.jar:0.9.5.2]
	at com.mchange.v2.resourcepool.BasicResourcePool.doAcquireAndDecrementPendingAcquiresWithinLockOnSuccess(BasicResourcePool.java:1125) ~[c3p0-0.9.5.2.jar:0.9.5.2]
	at com.mchange.v2.resourcepool.BasicResourcePool.access$700(BasicResourcePool.java:44) ~[c3p0-0.9.5.2.jar:0.9.5.2]
	at com.mchange.v2.resourcepool.BasicResourcePool$ScatteredAcquireTask.run(BasicResourcePool.java:1870) ~[c3p0-0.9.5.2.jar:0.9.5.2]
	at com.mchange.v2.async.ThreadPoolAsynchronousRunner$PoolThread.run(ThreadPoolAsynchronousRunner.java:696) [mchange-commons-java-0.2.11.jar:0.2.11]

2021-11-06 10:35:06.566  WARN 20064 --- [HelperThread-#0] c.m.v2.resourcepool.BasicResourcePool    : Having failed to acquire a resource, com.mchange.v2.resourcepool.BasicResourcePool@255e5e2e is interrupting all Threads waiting on a resource to check out. Will try again in response to new client requests.
2021-11-06 10:35:06.568  WARN 20064 --- [HelperThread-#1] c.m.v2.resourcepool.BasicResourcePool    : com.mchange.v2.resourcepool.BasicResourcePool$ScatteredAcquireTask@1b2a7168 -- Acquisition Attempt Failed!!! Clearing pending acquires. While trying to acquire a needed new resource, we failed to succeed more than the maximum number of allowed acquisition attempts (2). Last acquisition attempt exception: 

java.sql.SQLException: Access denied for user 'root'@'localhost' (using password: YES)
	at com.mysql.jdbc.SQLError.createSQLException(SQLError.java:964) ~[mysql-connector-java-5.1.44.jar:5.1.44]
	at com.mysql.jdbc.MysqlIO.checkErrorPacket(MysqlIO.java:3973) ~[mysql-connector-java-5.1.44.jar:5.1.44]
	at com.mysql.jdbc.MysqlIO.checkErrorPacket(MysqlIO.java:3909) ~[mysql-connector-java-5.1.44.jar:5.1.44]
	at com.mysql.jdbc.MysqlIO.checkErrorPacket(MysqlIO.java:873) ~[mysql-connector-java-5.1.44.jar:5.1.44]
	at com.mysql.jdbc.MysqlIO.proceedHandshakeWithPluggableAuthentication(MysqlIO.java:1710) ~[mysql-connector-java-5.1.44.jar:5.1.44]
	at com.mysql.jdbc.MysqlIO.doHandshake(MysqlIO.java:1226) ~[mysql-connector-java-5.1.44.jar:5.1.44]
	at com.mysql.jdbc.ConnectionImpl.coreConnect(ConnectionImpl.java:2191) ~[mysql-connector-java-5.1.44.jar:5.1.44]
	at com.mysql.jdbc.ConnectionImpl.connectOneTryOnly(ConnectionImpl.java:2222) ~[mysql-connector-java-5.1.44.jar:5.1.44]
	at com.mysql.jdbc.ConnectionImpl.createNewIO(ConnectionImpl.java:2017) ~[mysql-connector-java-5.1.44.jar:5.1.44]
	at com.mysql.jdbc.ConnectionImpl.<init>(ConnectionImpl.java:779) ~[mysql-connector-java-5.1.44.jar:5.1.44]
	at com.mysql.jdbc.JDBC4Connection.<init>(JDBC4Connection.java:47) ~[mysql-connector-java-5.1.44.jar:5.1.44]
	at sun.reflect.GeneratedConstructorAccessor30.newInstance(Unknown Source) ~[na:na]
	at sun.reflect.DelegatingConstructorAccessorImpl.newInstance(DelegatingConstructorAccessorImpl.java:45) ~[na:1.8.0_201]
	at java.lang.reflect.Constructor.newInstance(Constructor.java:423) ~[na:1.8.0_201]
	at com.mysql.jdbc.Util.handleNewInstance(Util.java:425) ~[mysql-connector-java-5.1.44.jar:5.1.44]
	at com.mysql.jdbc.ConnectionImpl.getInstance(ConnectionImpl.java:389) ~[mysql-connector-java-5.1.44.jar:5.1.44]
	at com.mysql.jdbc.NonRegisteringDriver.connect(NonRegisteringDriver.java:330) ~[mysql-connector-java-5.1.44.jar:5.1.44]
	at com.mchange.v2.c3p0.DriverManagerDataSource.getConnection(DriverManagerDataSource.java:175) ~[c3p0-0.9.5.2.jar:0.9.5.2]
	at com.mchange.v2.c3p0.WrapperConnectionPoolDataSource.getPooledConnection(WrapperConnectionPoolDataSource.java:220) ~[c3p0-0.9.5.2.jar:0.9.5.2]
	at com.mchange.v2.c3p0.WrapperConnectionPoolDataSource.getPooledConnection(WrapperConnectionPoolDataSource.java:206) ~[c3p0-0.9.5.2.jar:0.9.5.2]
	at com.mchange.v2.c3p0.impl.C3P0PooledConnectionPool$1PooledConnectionResourcePoolManager.acquireResource(C3P0PooledConnectionPool.java:203) ~[c3p0-0.9.5.2.jar:0.9.5.2]
	at com.mchange.v2.resourcepool.BasicResourcePool.doAcquire(BasicResourcePool.java:1138) ~[c3p0-0.9.5.2.jar:0.9.5.2]
	at com.mchange.v2.resourcepool.BasicResourcePool.doAcquireAndDecrementPendingAcquiresWithinLockOnSuccess(BasicResourcePool.java:1125) ~[c3p0-0.9.5.2.jar:0.9.5.2]
	at com.mchange.v2.resourcepool.BasicResourcePool.access$700(BasicResourcePool.java:44) ~[c3p0-0.9.5.2.jar:0.9.5.2]
	at com.mchange.v2.resourcepool.BasicResourcePool$ScatteredAcquireTask.run(BasicResourcePool.java:1870) ~[c3p0-0.9.5.2.jar:0.9.5.2]
	at com.mchange.v2.async.ThreadPoolAsynchronousRunner$PoolThread.run(ThreadPoolAsynchronousRunner.java:696) [mchange-commons-java-0.2.11.jar:0.2.11]

2021-11-06 10:35:06.568  WARN 20064 --- [HelperThread-#1] c.m.v2.resourcepool.BasicResourcePool    : Having failed to acquire a resource, com.mchange.v2.resourcepool.BasicResourcePool@255e5e2e is interrupting all Threads waiting on a resource to check out. Will try again in response to new client requests.
2021-11-06 10:35:06.572  WARN 20064 --- [HelperThread-#2] c.m.v2.resourcepool.BasicResourcePool    : com.mchange.v2.resourcepool.BasicResourcePool$ScatteredAcquireTask@1d16b666 -- Acquisition Attempt Failed!!! Clearing pending acquires. While trying to acquire a needed new resource, we failed to succeed more than the maximum number of allowed acquisition attempts (2). Last acquisition attempt exception: 

java.sql.SQLException: Access denied for user 'root'@'localhost' (using password: YES)
	at com.mysql.jdbc.SQLError.createSQLException(SQLError.java:964) ~[mysql-connector-java-5.1.44.jar:5.1.44]
	at com.mysql.jdbc.MysqlIO.checkErrorPacket(MysqlIO.java:3973) ~[mysql-connector-java-5.1.44.jar:5.1.44]
	at com.mysql.jdbc.MysqlIO.checkErrorPacket(MysqlIO.java:3909) ~[mysql-connector-java-5.1.44.jar:5.1.44]
	at com.mysql.jdbc.MysqlIO.checkErrorPacket(MysqlIO.java:873) ~[mysql-connector-java-5.1.44.jar:5.1.44]
	at com.mysql.jdbc.MysqlIO.proceedHandshakeWithPluggableAuthentication(MysqlIO.java:1710) ~[mysql-connector-java-5.1.44.jar:5.1.44]
	at com.mysql.jdbc.MysqlIO.doHandshake(MysqlIO.java:1226) ~[mysql-connector-java-5.1.44.jar:5.1.44]
	at com.mysql.jdbc.ConnectionImpl.coreConnect(ConnectionImpl.java:2191) ~[mysql-connector-java-5.1.44.jar:5.1.44]
	at com.mysql.jdbc.ConnectionImpl.connectOneTryOnly(ConnectionImpl.java:2222) ~[mysql-connector-java-5.1.44.jar:5.1.44]
	at com.mysql.jdbc.ConnectionImpl.createNewIO(ConnectionImpl.java:2017) ~[mysql-connector-java-5.1.44.jar:5.1.44]
	at com.mysql.jdbc.ConnectionImpl.<init>(ConnectionImpl.java:779) ~[mysql-connector-java-5.1.44.jar:5.1.44]
	at com.mysql.jdbc.JDBC4Connection.<init>(JDBC4Connection.java:47) ~[mysql-connector-java-5.1.44.jar:5.1.44]
	at sun.reflect.GeneratedConstructorAccessor30.newInstance(Unknown Source) ~[na:na]
	at sun.reflect.DelegatingConstructorAccessorImpl.newInstance(DelegatingConstructorAccessorImpl.java:45) ~[na:1.8.0_201]
	at java.lang.reflect.Constructor.newInstance(Constructor.java:423) ~[na:1.8.0_201]
	at com.mysql.jdbc.Util.handleNewInstance(Util.java:425) ~[mysql-connector-java-5.1.44.jar:5.1.44]
	at com.mysql.jdbc.ConnectionImpl.getInstance(ConnectionImpl.java:389) ~[mysql-connector-java-5.1.44.jar:5.1.44]
	at com.mysql.jdbc.NonRegisteringDriver.connect(NonRegisteringDriver.java:330) ~[mysql-connector-java-5.1.44.jar:5.1.44]
	at com.mchange.v2.c3p0.DriverManagerDataSource.getConnection(DriverManagerDataSource.java:175) ~[c3p0-0.9.5.2.jar:0.9.5.2]
	at com.mchange.v2.c3p0.WrapperConnectionPoolDataSource.getPooledConnection(WrapperConnectionPoolDataSource.java:220) ~[c3p0-0.9.5.2.jar:0.9.5.2]
	at com.mchange.v2.c3p0.WrapperConnectionPoolDataSource.getPooledConnection(WrapperConnectionPoolDataSource.java:206) ~[c3p0-0.9.5.2.jar:0.9.5.2]
	at com.mchange.v2.c3p0.impl.C3P0PooledConnectionPool$1PooledConnectionResourcePoolManager.acquireResource(C3P0PooledConnectionPool.java:203) ~[c3p0-0.9.5.2.jar:0.9.5.2]
	at com.mchange.v2.resourcepool.BasicResourcePool.doAcquire(BasicResourcePool.java:1138) ~[c3p0-0.9.5.2.jar:0.9.5.2]
	at com.mchange.v2.resourcepool.BasicResourcePool.doAcquireAndDecrementPendingAcquiresWithinLockOnSuccess(BasicResourcePool.java:1125) ~[c3p0-0.9.5.2.jar:0.9.5.2]
	at com.mchange.v2.resourcepool.BasicResourcePool.access$700(BasicResourcePool.java:44) ~[c3p0-0.9.5.2.jar:0.9.5.2]
	at com.mchange.v2.resourcepool.BasicResourcePool$ScatteredAcquireTask.run(BasicResourcePool.java:1870) ~[c3p0-0.9.5.2.jar:0.9.5.2]
	at com.mchange.v2.async.ThreadPoolAsynchronousRunner$PoolThread.run(ThreadPoolAsynchronousRunner.java:696) [mchange-commons-java-0.2.11.jar:0.2.11]

2021-11-06 10:35:06.572  WARN 20064 --- [HelperThread-#2] c.m.v2.resourcepool.BasicResourcePool    : Having failed to acquire a resource, com.mchange.v2.resourcepool.BasicResourcePool@255e5e2e is interrupting all Threads waiting on a resource to check out. Will try again in response to new client requests.
2021-11-06 10:35:06.579  WARN 20064 --- [HelperThread-#2] c.m.v2.resourcepool.BasicResourcePool    : com.mchange.v2.resourcepool.BasicResourcePool$ScatteredAcquireTask@51c1da02 -- Acquisition Attempt Failed!!! Clearing pending acquires. While trying to acquire a needed new resource, we failed to succeed more than the maximum number of allowed acquisition attempts (2). Last acquisition attempt exception: 

java.sql.SQLException: Access denied for user 'root'@'localhost' (using password: YES)
	at com.mysql.jdbc.SQLError.createSQLException(SQLError.java:964) ~[mysql-connector-java-5.1.44.jar:5.1.44]
	at com.mysql.jdbc.MysqlIO.checkErrorPacket(MysqlIO.java:3973) ~[mysql-connector-java-5.1.44.jar:5.1.44]
	at com.mysql.jdbc.MysqlIO.checkErrorPacket(MysqlIO.java:3909) ~[mysql-connector-java-5.1.44.jar:5.1.44]
	at com.mysql.jdbc.MysqlIO.checkErrorPacket(MysqlIO.java:873) ~[mysql-connector-java-5.1.44.jar:5.1.44]
	at com.mysql.jdbc.MysqlIO.proceedHandshakeWithPluggableAuthentication(MysqlIO.java:1710) ~[mysql-connector-java-5.1.44.jar:5.1.44]
	at com.mysql.jdbc.MysqlIO.doHandshake(MysqlIO.java:1226) ~[mysql-connector-java-5.1.44.jar:5.1.44]
	at com.mysql.jdbc.ConnectionImpl.coreConnect(ConnectionImpl.java:2191) ~[mysql-connector-java-5.1.44.jar:5.1.44]
	at com.mysql.jdbc.ConnectionImpl.connectOneTryOnly(ConnectionImpl.java:2222) ~[mysql-connector-java-5.1.44.jar:5.1.44]
	at com.mysql.jdbc.ConnectionImpl.createNewIO(ConnectionImpl.java:2017) ~[mysql-connector-java-5.1.44.jar:5.1.44]
	at com.mysql.jdbc.ConnectionImpl.<init>(ConnectionImpl.java:779) ~[mysql-connector-java-5.1.44.jar:5.1.44]
	at com.mysql.jdbc.JDBC4Connection.<init>(JDBC4Connection.java:47) ~[mysql-connector-java-5.1.44.jar:5.1.44]
	at sun.reflect.GeneratedConstructorAccessor30.newInstance(Unknown Source) ~[na:na]
	at sun.reflect.DelegatingConstructorAccessorImpl.newInstance(DelegatingConstructorAccessorImpl.java:45) ~[na:1.8.0_201]
	at java.lang.reflect.Constructor.newInstance(Constructor.java:423) ~[na:1.8.0_201]
	at com.mysql.jdbc.Util.handleNewInstance(Util.java:425) ~[mysql-connector-java-5.1.44.jar:5.1.44]
	at com.mysql.jdbc.ConnectionImpl.getInstance(ConnectionImpl.java:389) ~[mysql-connector-java-5.1.44.jar:5.1.44]
	at com.mysql.jdbc.NonRegisteringDriver.connect(NonRegisteringDriver.java:330) ~[mysql-connector-java-5.1.44.jar:5.1.44]
	at com.mchange.v2.c3p0.DriverManagerDataSource.getConnection(DriverManagerDataSource.java:175) ~[c3p0-0.9.5.2.jar:0.9.5.2]
	at com.mchange.v2.c3p0.WrapperConnectionPoolDataSource.getPooledConnection(WrapperConnectionPoolDataSource.java:220) ~[c3p0-0.9.5.2.jar:0.9.5.2]
	at com.mchange.v2.c3p0.WrapperConnectionPoolDataSource.getPooledConnection(WrapperConnectionPoolDataSource.java:206) ~[c3p0-0.9.5.2.jar:0.9.5.2]
	at com.mchange.v2.c3p0.impl.C3P0PooledConnectionPool$1PooledConnectionResourcePoolManager.acquireResource(C3P0PooledConnectionPool.java:203) ~[c3p0-0.9.5.2.jar:0.9.5.2]
	at com.mchange.v2.resourcepool.BasicResourcePool.doAcquire(BasicResourcePool.java:1138) ~[c3p0-0.9.5.2.jar:0.9.5.2]
	at com.mchange.v2.resourcepool.BasicResourcePool.doAcquireAndDecrementPendingAcquiresWithinLockOnSuccess(BasicResourcePool.java:1125) ~[c3p0-0.9.5.2.jar:0.9.5.2]
	at com.mchange.v2.resourcepool.BasicResourcePool.access$700(BasicResourcePool.java:44) ~[c3p0-0.9.5.2.jar:0.9.5.2]
	at com.mchange.v2.resourcepool.BasicResourcePool$ScatteredAcquireTask.run(BasicResourcePool.java:1870) ~[c3p0-0.9.5.2.jar:0.9.5.2]
	at com.mchange.v2.async.ThreadPoolAsynchronousRunner$PoolThread.run(ThreadPoolAsynchronousRunner.java:696) [mchange-commons-java-0.2.11.jar:0.2.11]

2021-11-06 10:35:06.579  WARN 20064 --- [HelperThread-#2] c.m.v2.resourcepool.BasicResourcePool    : Having failed to acquire a resource, com.mchange.v2.resourcepool.BasicResourcePool@255e5e2e is interrupting all Threads waiting on a resource to check out. Will try again in response to new client requests.
]]></system-out>
  </testcase>
</testsuite>